{"/app/src/config/database.ts": {"path":"/app/src/config/database.ts","statementMap":{"0":{"start":{"line":1,"column":0},"end":{"line":1,"column":38}},"1":{"start":{"line":2,"column":0},"end":{"line":2,"column":29}},"2":{"start":{"line":3,"column":0},"end":{"line":3,"column":30}},"3":{"start":{"line":8,"column":24},"end":{"line":13,"column":1}},"4":{"start":{"line":9,"column":2},"end":{"line":11,"column":3}},"5":{"start":{"line":10,"column":4},"end":{"line":10,"column":25}},"6":{"start":{"line":12,"column":2},"end":{"line":12,"column":27}},"7":{"start":{"line":16,"column":20},"end":{"line":36,"column":2}},"8":{"start":{"line":40,"column":0},"end":{"line":40,"column":20}},"9":{"start":{"line":42,"column":13},"end":{"line":42,"column":47}},"10":{"start":{"line":47,"column":30},"end":{"line":64,"column":2}},"11":{"start":{"line":47,"column":59},"end":{"line":64,"column":2}},"12":{"start":{"line":48,"column":2},"end":{"line":63,"column":3}},"13":{"start":{"line":49,"column":4},"end":{"line":49,"column":35}},"14":{"start":{"line":50,"column":4},"end":{"line":54,"column":7}},"15":{"start":{"line":55,"column":4},"end":{"line":55,"column":16}},"16":{"start":{"line":57,"column":4},"end":{"line":61,"column":7}},"17":{"start":{"line":62,"column":4},"end":{"line":62,"column":17}},"18":{"start":{"line":47,"column":13},"end":{"line":47,"column":30}},"19":{"start":{"line":69,"column":41},"end":{"line":90,"column":2}},"20":{"start":{"line":69,"column":67},"end":{"line":90,"column":2}},"21":{"start":{"line":70,"column":2},"end":{"line":89,"column":3}},"22":{"start":{"line":71,"column":4},"end":{"line":71,"column":27}},"23":{"start":{"line":74,"column":22},"end":{"line":74,"column":26}},"24":{"start":{"line":76,"column":4},"end":{"line":79,"column":7}},"25":{"start":{"line":81,"column":4},"end":{"line":81,"column":47}},"26":{"start":{"line":83,"column":4},"end":{"line":83,"column":60}},"27":{"start":{"line":85,"column":4},"end":{"line":87,"column":7}},"28":{"start":{"line":88,"column":4},"end":{"line":88,"column":16}},"29":{"start":{"line":69,"column":13},"end":{"line":69,"column":41}},"30":{"start":{"line":95,"column":27},"end":{"line":115,"column":2}},"31":{"start":{"line":95,"column":38},"end":{"line":115,"column":2}},"32":{"start":{"line":96,"column":2},"end":{"line":114,"column":3}},"33":{"start":{"line":97,"column":22},"end":{"line":97,"column":32}},"34":{"start":{"line":98,"column":4},"end":{"line":98,"column":35}},"35":{"start":{"line":99,"column":25},"end":{"line":99,"column":47}},"36":{"start":{"line":101,"column":4},"end":{"line":106,"column":6}},"37":{"start":{"line":108,"column":4},"end":{"line":113,"column":6}},"38":{"start":{"line":95,"column":13},"end":{"line":95,"column":27}},"39":{"start":{"line":120,"column":31},"end":{"line":130,"column":2}},"40":{"start":{"line":120,"column":57},"end":{"line":130,"column":2}},"41":{"start":{"line":121,"column":2},"end":{"line":129,"column":3}},"42":{"start":{"line":122,"column":4},"end":{"line":122,"column":28}},"43":{"start":{"line":123,"column":4},"end":{"line":123,"column":46}},"44":{"start":{"line":125,"column":4},"end":{"line":127,"column":7}},"45":{"start":{"line":128,"column":4},"end":{"line":128,"column":16}},"46":{"start":{"line":120,"column":13},"end":{"line":120,"column":31}},"47":{"start":{"line":132,"column":0},"end":{"line":132,"column":25}}},"fnMap":{"0":{"name":"(anonymous_8)","decl":{"start":{"line":8,"column":24},"end":{"line":8,"column":25}},"loc":{"start":{"line":8,"column":51},"end":{"line":13,"column":1}}},"1":{"name":"(anonymous_9)","decl":{"start":{"line":47,"column":30},"end":{"line":47,"column":57}},"loc":{"start":{"line":47,"column":59},"end":{"line":64,"column":2}}},"2":{"name":"(anonymous_10)","decl":{"start":{"line":47,"column":59},"end":{"line":47,"column":null}},"loc":{"start":{"line":47,"column":59},"end":{"line":64,"column":1}}},"3":{"name":"(anonymous_11)","decl":{"start":{"line":69,"column":41},"end":{"line":69,"column":65}},"loc":{"start":{"line":69,"column":67},"end":{"line":90,"column":2}}},"4":{"name":"(anonymous_12)","decl":{"start":{"line":69,"column":67},"end":{"line":69,"column":null}},"loc":{"start":{"line":69,"column":67},"end":{"line":90,"column":1}}},"5":{"name":"(anonymous_13)","decl":{"start":{"line":95,"column":27},"end":{"line":95,"column":36}},"loc":{"start":{"line":95,"column":38},"end":{"line":115,"column":2}}},"6":{"name":"(anonymous_14)","decl":{"start":{"line":95,"column":38},"end":{"line":95,"column":null}},"loc":{"start":{"line":95,"column":38},"end":{"line":115,"column":1}}},"7":{"name":"(anonymous_15)","decl":{"start":{"line":120,"column":31},"end":{"line":120,"column":55}},"loc":{"start":{"line":120,"column":57},"end":{"line":130,"column":2}}},"8":{"name":"(anonymous_16)","decl":{"start":{"line":120,"column":57},"end":{"line":120,"column":null}},"loc":{"start":{"line":120,"column":57},"end":{"line":130,"column":1}}}},"branchMap":{"0":{"loc":{"start":{"line":9,"column":2},"end":{"line":11,"column":3}},"type":"if","locations":[{"start":{"line":9,"column":2},"end":{"line":11,"column":3}}]},"1":{"loc":{"start":{"line":23,"column":11},"end":{"line":23,"column":64}},"type":"cond-expr","locations":[{"start":{"line":23,"column":45},"end":{"line":23,"column":56}},{"start":{"line":23,"column":59},"end":{"line":23,"column":64}}]}},"s":{"0":1,"1":1,"2":1,"3":1,"4":0,"5":0,"6":0,"7":1,"8":1,"9":1,"10":1,"11":0,"12":0,"13":0,"14":0,"15":0,"16":0,"17":0,"18":1,"19":1,"20":0,"21":0,"22":0,"23":0,"24":0,"25":0,"26":0,"27":0,"28":0,"29":1,"30":1,"31":4,"32":4,"33":4,"34":4,"35":4,"36":4,"37":0,"38":1,"39":1,"40":0,"41":0,"42":0,"43":0,"44":0,"45":0,"46":1,"47":1},"f":{"0":0,"1":0,"2":0,"3":0,"4":0,"5":4,"6":4,"7":0,"8":0},"b":{"0":[0],"1":[0,1]}}
,"/app/src/config/env.ts": {"path":"/app/src/config/env.ts","statementMap":{"0":{"start":{"line":1,"column":0},"end":{"line":1,"column":28}},"1":{"start":{"line":4,"column":0},"end":{"line":6,"column":3}},"2":{"start":{"line":32,"column":13},"end":{"line":55,"column":2}},"3":{"start":{"line":58,"column":0},"end":{"line":69,"column":1}},"4":{"start":{"line":59,"column":28},"end":{"line":61,"column":6}},"5":{"start":{"line":63,"column":27},"end":{"line":63,"column":81}},"6":{"start":{"line":63,"column":60},"end":{"line":63,"column":80}},"7":{"start":{"line":65,"column":4},"end":{"line":68,"column":5}},"8":{"start":{"line":66,"column":8},"end":{"line":66,"column":87}},"9":{"start":{"line":67,"column":8},"end":{"line":67,"column":67}},"10":{"start":{"line":71,"column":0},"end":{"line":71,"column":20}}},"fnMap":{"0":{"name":"(anonymous_1)","decl":{"start":{"line":63,"column":50},"end":{"line":63,"column":56}},"loc":{"start":{"line":63,"column":60},"end":{"line":63,"column":80}}}},"branchMap":{"0":{"loc":{"start":{"line":5,"column":18},"end":{"line":5,"column":55}},"type":"binary-expr","locations":[{"start":{"line":5,"column":18},"end":{"line":5,"column":38}},{"start":{"line":5,"column":42},"end":{"line":5,"column":55}}]},"1":{"loc":{"start":{"line":34,"column":19},"end":{"line":34,"column":45}},"type":"binary-expr","locations":[{"start":{"line":34,"column":19},"end":{"line":34,"column":35}},{"start":{"line":34,"column":39},"end":{"line":34,"column":45}}]},"2":{"loc":{"start":{"line":35,"column":14},"end":{"line":35,"column":51}},"type":"binary-expr","locations":[{"start":{"line":35,"column":14},"end":{"line":35,"column":34}},{"start":{"line":35,"column":38},"end":{"line":35,"column":51}}]},"3":{"loc":{"start":{"line":38,"column":13},"end":{"line":38,"column":47}},"type":"binary-expr","locations":[{"start":{"line":38,"column":13},"end":{"line":38,"column":32}},{"start":{"line":38,"column":36},"end":{"line":38,"column":47}}]},"4":{"loc":{"start":{"line":39,"column":22},"end":{"line":39,"column":51}},"type":"binary-expr","locations":[{"start":{"line":39,"column":22},"end":{"line":39,"column":41}},{"start":{"line":39,"column":45},"end":{"line":39,"column":51}}]},"5":{"loc":{"start":{"line":40,"column":13},"end":{"line":40,"column":47}},"type":"binary-expr","locations":[{"start":{"line":40,"column":13},"end":{"line":40,"column":32}},{"start":{"line":40,"column":36},"end":{"line":40,"column":47}}]},"6":{"loc":{"start":{"line":41,"column":13},"end":{"line":41,"column":46}},"type":"binary-expr","locations":[{"start":{"line":41,"column":13},"end":{"line":41,"column":32}},{"start":{"line":41,"column":36},"end":{"line":41,"column":46}}]},"7":{"loc":{"start":{"line":42,"column":17},"end":{"line":42,"column":54}},"type":"binary-expr","locations":[{"start":{"line":42,"column":17},"end":{"line":42,"column":40}},{"start":{"line":42,"column":44},"end":{"line":42,"column":54}}]},"8":{"loc":{"start":{"line":46,"column":20},"end":{"line":46,"column":102}},"type":"binary-expr","locations":[{"start":{"line":46,"column":20},"end":{"line":46,"column":46}},{"start":{"line":46,"column":50},"end":{"line":46,"column":102}}]},"9":{"loc":{"start":{"line":49,"column":25},"end":{"line":49,"column":108}},"type":"binary-expr","locations":[{"start":{"line":49,"column":25},"end":{"line":49,"column":56}},{"start":{"line":49,"column":60},"end":{"line":49,"column":108}}]},"10":{"loc":{"start":{"line":51,"column":12},"end":{"line":51,"column":45}},"type":"binary-expr","locations":[{"start":{"line":51,"column":12},"end":{"line":51,"column":30}},{"start":{"line":51,"column":34},"end":{"line":51,"column":45}}]},"11":{"loc":{"start":{"line":54,"column":15},"end":{"line":54,"column":46}},"type":"binary-expr","locations":[{"start":{"line":54,"column":15},"end":{"line":54,"column":36}},{"start":{"line":54,"column":40},"end":{"line":54,"column":46}}]},"12":{"loc":{"start":{"line":58,"column":0},"end":{"line":69,"column":1}},"type":"if","locations":[{"start":{"line":58,"column":0},"end":{"line":69,"column":1}}]},"13":{"loc":{"start":{"line":65,"column":4},"end":{"line":68,"column":5}},"type":"if","locations":[{"start":{"line":65,"column":4},"end":{"line":68,"column":5}}]}},"s":{"0":1,"1":1,"2":1,"3":1,"4":0,"5":0,"6":0,"7":0,"8":0,"9":0,"10":1},"f":{"0":0},"b":{"0":[1,0],"1":[1,0],"2":[1,0],"3":[1,0],"4":[1,0],"5":[1,0],"6":[1,0],"7":[1,0],"8":[1,0],"9":[1,1],"10":[1,0],"11":[1,1],"12":[0],"13":[0]}}
,"/app/src/config/logger.ts": {"path":"/app/src/config/logger.ts","statementMap":{"0":{"start":{"line":1,"column":0},"end":{"line":1,"column":30}},"1":{"start":{"line":2,"column":0},"end":{"line":2,"column":24}},"2":{"start":{"line":5,"column":18},"end":{"line":9,"column":null}},"3":{"start":{"line":13,"column":22},"end":{"line":22,"column":null}},"4":{"start":{"line":16,"column":52},"end":{"line":16,"column":57}},"5":{"start":{"line":16,"column":61},"end":{"line":16,"column":65}},"6":{"start":{"line":17,"column":18},"end":{"line":17,"column":20}},"7":{"start":{"line":18,"column":4},"end":{"line":20,"column":5}},"8":{"start":{"line":19,"column":6},"end":{"line":19,"column":53}},"9":{"start":{"line":21,"column":4},"end":{"line":21,"column":59}},"10":{"start":{"line":26,"column":15},"end":{"line":26,"column":47}},"11":{"start":{"line":29,"column":15},"end":{"line":78,"column":2}},"12":{"start":{"line":81,"column":0},"end":{"line":86,"column":1}},"13":{"start":{"line":82,"column":2},"end":{"line":85,"column":6}},"14":{"start":{"line":89,"column":0},"end":{"line":97,"column":1}},"15":{"start":{"line":90,"column":2},"end":{"line":96,"column":6}},"16":{"start":{"line":99,"column":0},"end":{"line":99,"column":22}},"17":{"start":{"line":102,"column":13},"end":{"line":165,"column":2}},"18":{"start":{"line":107,"column":4},"end":{"line":113,"column":7}},"19":{"start":{"line":120,"column":21},"end":{"line":120,"column":56}},"20":{"start":{"line":121,"column":4},"end":{"line":128,"column":7}},"21":{"start":{"line":135,"column":4},"end":{"line":141,"column":7}},"22":{"start":{"line":148,"column":4},"end":{"line":152,"column":7}},"23":{"start":{"line":159,"column":4},"end":{"line":163,"column":7}}},"fnMap":{"0":{"name":"(anonymous_2)","decl":{"start":{"line":16,"column":24},"end":{"line":16,"column":25}},"loc":{"start":{"line":16,"column":67},"end":{"line":22,"column":3}}},"1":{"name":"(anonymous_3)","decl":{"start":{"line":106,"column":12},"end":{"line":106,"column":13}},"loc":{"start":{"line":106,"column":80},"end":{"line":114,"column":3}}},"2":{"name":"(anonymous_4)","decl":{"start":{"line":119,"column":15},"end":{"line":119,"column":16}},"loc":{"start":{"line":119,"column":97},"end":{"line":129,"column":3}}},"3":{"name":"(anonymous_5)","decl":{"start":{"line":134,"column":8},"end":{"line":134,"column":9}},"loc":{"start":{"line":134,"column":69},"end":{"line":142,"column":3}}},"4":{"name":"(anonymous_6)","decl":{"start":{"line":147,"column":12},"end":{"line":147,"column":13}},"loc":{"start":{"line":147,"column":43},"end":{"line":153,"column":3}}},"5":{"name":"(anonymous_7)","decl":{"start":{"line":158,"column":10},"end":{"line":158,"column":11}},"loc":{"start":{"line":158,"column":40},"end":{"line":164,"column":3}}}},"branchMap":{"0":{"loc":{"start":{"line":18,"column":4},"end":{"line":20,"column":5}},"type":"if","locations":[{"start":{"line":18,"column":4},"end":{"line":20,"column":5}}]},"1":{"loc":{"start":{"line":30,"column":9},"end":{"line":30,"column":40}},"type":"binary-expr","locations":[{"start":{"line":30,"column":9},"end":{"line":30,"column":30}},{"start":{"line":30,"column":34},"end":{"line":30,"column":40}}]},"2":{"loc":{"start":{"line":34,"column":17},"end":{"line":34,"column":54}},"type":"binary-expr","locations":[{"start":{"line":34,"column":17},"end":{"line":34,"column":37}},{"start":{"line":34,"column":41},"end":{"line":34,"column":54}}]},"3":{"loc":{"start":{"line":81,"column":0},"end":{"line":86,"column":1}},"type":"if","locations":[{"start":{"line":81,"column":0},"end":{"line":86,"column":1}}]},"4":{"loc":{"start":{"line":89,"column":0},"end":{"line":97,"column":1}},"type":"if","locations":[{"start":{"line":89,"column":0},"end":{"line":97,"column":1}}]},"5":{"loc":{"start":{"line":111,"column":16},"end":{"line":111,"column":54}},"type":"cond-expr","locations":[{"start":{"line":111,"column":27},"end":{"line":111,"column":42}},{"start":{"line":111,"column":45},"end":{"line":111,"column":54}}]},"6":{"loc":{"start":{"line":120,"column":21},"end":{"line":120,"column":56}},"type":"cond-expr","locations":[{"start":{"line":120,"column":41},"end":{"line":120,"column":47}},{"start":{"line":120,"column":50},"end":{"line":120,"column":56}}]}},"s":{"0":1,"1":1,"2":1,"3":1,"4":0,"5":0,"6":0,"7":0,"8":0,"9":0,"10":1,"11":1,"12":1,"13":1,"14":1,"15":0,"16":1,"17":1,"18":0,"19":6,"20":6,"21":0,"22":0,"23":1},"f":{"0":0,"1":0,"2":6,"3":0,"4":0,"5":1},"b":{"0":[0],"1":[1,1],"2":[1,0],"3":[1],"4":[0],"5":[0,0],"6":[0,6]}}
,"/app/src/config/session.ts": {"path":"/app/src/config/session.ts","statementMap":{"0":{"start":{"line":1,"column":0},"end":{"line":1,"column":38}},"1":{"start":{"line":2,"column":0},"end":{"line":2,"column":29}},"2":{"start":{"line":7,"column":13},"end":{"line":19,"column":3}},"3":{"start":{"line":24,"column":13},"end":{"line":34,"column":2}}},"fnMap":{},"branchMap":{"0":{"loc":{"start":{"line":28,"column":4},"end":{"line":28,"column":55}},"type":"binary-expr","locations":[{"start":{"line":28,"column":4},"end":{"line":28,"column":28}},{"start":{"line":28,"column":32},"end":{"line":28,"column":55}}]}},"s":{"0":1,"1":1,"2":1,"3":1},"f":{},"b":{"0":[1,1]}}
,"/app/src/controllers/adminController.ts": {"path":"/app/src/controllers/adminController.ts","statementMap":{"0":{"start":{"line":2,"column":0},"end":{"line":2,"column":59}},"1":{"start":{"line":3,"column":0},"end":{"line":3,"column":67}},"2":{"start":{"line":5,"column":11},"end":{"line":5,"column":31}},"3":{"start":{"line":6,"column":18},"end":{"line":6,"column":20}},"4":{"start":{"line":11,"column":37},"end":{"line":57,"column":2}},"5":{"start":{"line":11,"column":90},"end":{"line":57,"column":2}},"6":{"start":{"line":12,"column":2},"end":{"line":56,"column":3}},"7":{"start":{"line":13,"column":29},"end":{"line":13,"column":65}},"8":{"start":{"line":14,"column":4},"end":{"line":16,"column":5}},"9":{"start":{"line":15,"column":6},"end":{"line":15,"column":36}},"10":{"start":{"line":18,"column":76},"end":{"line":18,"column":81}},"11":{"start":{"line":21,"column":29},"end":{"line":21,"column":73}},"12":{"start":{"line":22,"column":4},"end":{"line":24,"column":5}},"13":{"start":{"line":23,"column":6},"end":{"line":23,"column":69}},"14":{"start":{"line":27,"column":26},"end":{"line":27,"column":67}},"15":{"start":{"line":28,"column":4},"end":{"line":30,"column":5}},"16":{"start":{"line":29,"column":6},"end":{"line":29,"column":70}},"17":{"start":{"line":33,"column":27},"end":{"line":33,"column":59}},"18":{"start":{"line":36,"column":18},"end":{"line":43,"column":6}},"19":{"start":{"line":46,"column":22},"end":{"line":46,"column":36}},"20":{"start":{"line":47,"column":4},"end":{"line":47,"column":30}},"21":{"start":{"line":49,"column":4},"end":{"line":49,"column":110}},"22":{"start":{"line":51,"column":4},"end":{"line":55,"column":5}},"23":{"start":{"line":52,"column":6},"end":{"line":52,"column":56}},"24":{"start":{"line":54,"column":6},"end":{"line":54,"column":72}},"25":{"start":{"line":11,"column":13},"end":{"line":11,"column":37}}},"fnMap":{"0":{"name":"(anonymous_7)","decl":{"start":{"line":11,"column":37},"end":{"line":11,"column":44}},"loc":{"start":{"line":11,"column":90},"end":{"line":57,"column":2}}},"1":{"name":"(anonymous_8)","decl":{"start":{"line":11,"column":90},"end":{"line":11,"column":null}},"loc":{"start":{"line":11,"column":90},"end":{"line":57,"column":1}}}},"branchMap":{"0":{"loc":{"start":{"line":14,"column":4},"end":{"line":16,"column":5}},"type":"if","locations":[{"start":{"line":14,"column":4},"end":{"line":16,"column":5}}]},"1":{"loc":{"start":{"line":18,"column":56},"end":{"line":18,"column":71}},"type":"default-arg","locations":[{"start":{"line":18,"column":67},"end":{"line":18,"column":71}}]},"2":{"loc":{"start":{"line":22,"column":4},"end":{"line":24,"column":5}},"type":"if","locations":[{"start":{"line":22,"column":4},"end":{"line":24,"column":5}}]},"3":{"loc":{"start":{"line":28,"column":4},"end":{"line":30,"column":5}},"type":"if","locations":[{"start":{"line":28,"column":4},"end":{"line":30,"column":5}}]},"4":{"loc":{"start":{"line":51,"column":4},"end":{"line":55,"column":5}},"type":"if","locations":[{"start":{"line":51,"column":4},"end":{"line":55,"column":5}},{"start":{"line":53,"column":11},"end":{"line":55,"column":5}}]}},"s":{"0":1,"1":1,"2":1,"3":1,"4":1,"5":0,"6":0,"7":0,"8":0,"9":0,"10":0,"11":0,"12":0,"13":0,"14":0,"15":0,"16":0,"17":0,"18":0,"19":0,"20":0,"21":0,"22":0,"23":0,"24":0,"25":1},"f":{"0":0,"1":0},"b":{"0":[0],"1":[0],"2":[0],"3":[0],"4":[0,0]}}
,"/app/src/controllers/appointmentController.ts": {"path":"/app/src/controllers/appointmentController.ts","statementMap":{"0":{"start":{"line":2,"column":0},"end":{"line":2,"column":48}},"1":{"start":{"line":3,"column":0},"end":{"line":3,"column":49}},"2":{"start":{"line":4,"column":0},"end":{"line":4,"column":53}},"3":{"start":{"line":5,"column":0},"end":{"line":5,"column":null}},"4":{"start":{"line":13,"column":11},"end":{"line":13,"column":31}},"5":{"start":{"line":14,"column":89},"end":{"line":14,"column":91}},"6":{"start":{"line":28,"column":31},"end":{"line":160,"column":2}},"7":{"start":{"line":28,"column":84},"end":{"line":160,"column":2}},"8":{"start":{"line":29,"column":2},"end":{"line":159,"column":3}},"9":{"start":{"line":30,"column":29},"end":{"line":30,"column":75}},"10":{"start":{"line":31,"column":4},"end":{"line":33,"column":5}},"11":{"start":{"line":32,"column":6},"end":{"line":32,"column":36}},"12":{"start":{"line":46,"column":8},"end":{"line":46,"column":13}},"13":{"start":{"line":48,"column":33},"end":{"line":48,"column":35}},"14":{"start":{"line":51,"column":4},"end":{"line":55,"column":5}},"15":{"start":{"line":52,"column":6},"end":{"line":52,"column":43}},"16":{"start":{"line":53,"column":6},"end":{"line":53,"column":73}},"17":{"start":{"line":53,"column":21},"end":{"line":53,"column":73}},"18":{"start":{"line":54,"column":6},"end":{"line":54,"column":69}},"19":{"start":{"line":54,"column":19},"end":{"line":54,"column":69}},"20":{"start":{"line":58,"column":4},"end":{"line":58,"column":51}},"21":{"start":{"line":58,"column":17},"end":{"line":58,"column":51}},"22":{"start":{"line":59,"column":4},"end":{"line":59,"column":60}},"23":{"start":{"line":59,"column":20},"end":{"line":59,"column":60}},"24":{"start":{"line":60,"column":4},"end":{"line":60,"column":57}},"25":{"start":{"line":60,"column":19},"end":{"line":60,"column":57}},"26":{"start":{"line":63,"column":35},"end":{"line":85,"column":6}},"27":{"start":{"line":87,"column":19},"end":{"line":87,"column":37}},"28":{"start":{"line":88,"column":42},"end":{"line":97,"column":6}},"29":{"start":{"line":100,"column":34},"end":{"line":140,"column":7}},"30":{"start":{"line":100,"column":74},"end":{"line":140,"column":6}},"31":{"start":{"line":142,"column":23},"end":{"line":142,"column":47}},"32":{"start":{"line":143,"column":27},"end":{"line":150,"column":6}},"33":{"start":{"line":152,"column":4},"end":{"line":152,"column":108}},"34":{"start":{"line":154,"column":4},"end":{"line":158,"column":5}},"35":{"start":{"line":155,"column":6},"end":{"line":155,"column":56}},"36":{"start":{"line":157,"column":6},"end":{"line":157,"column":72}},"37":{"start":{"line":28,"column":13},"end":{"line":28,"column":31}},"38":{"start":{"line":165,"column":33},"end":{"line":314,"column":2}},"39":{"start":{"line":165,"column":99},"end":{"line":314,"column":2}},"40":{"start":{"line":166,"column":2},"end":{"line":313,"column":3}},"41":{"start":{"line":167,"column":29},"end":{"line":167,"column":71}},"42":{"start":{"line":168,"column":4},"end":{"line":170,"column":5}},"43":{"start":{"line":169,"column":6},"end":{"line":169,"column":36}},"44":{"start":{"line":172,"column":94},"end":{"line":172,"column":99}},"45":{"start":{"line":175,"column":20},"end":{"line":175,"column":53}},"46":{"start":{"line":176,"column":4},"end":{"line":178,"column":5}},"47":{"start":{"line":177,"column":6},"end":{"line":177,"column":51}},"48":{"start":{"line":181,"column":18},"end":{"line":181,"column":47}},"49":{"start":{"line":182,"column":4},"end":{"line":184,"column":5}},"50":{"start":{"line":183,"column":6},"end":{"line":183,"column":70}},"51":{"start":{"line":187,"column":31},"end":{"line":187,"column":78}},"52":{"start":{"line":188,"column":26},"end":{"line":188,"column":75}},"53":{"start":{"line":189,"column":24},"end":{"line":189,"column":67}},"54":{"start":{"line":190,"column":20},"end":{"line":190,"column":48}},"55":{"start":{"line":193,"column":35},"end":{"line":226,"column":6}},"56":{"start":{"line":228,"column":4},"end":{"line":230,"column":5}},"57":{"start":{"line":229,"column":6},"end":{"line":229,"column":68}},"58":{"start":{"line":233,"column":19},"end":{"line":240,"column":6}},"59":{"start":{"line":242,"column":4},"end":{"line":249,"column":5}},"60":{"start":{"line":243,"column":6},"end":{"line":248,"column":9}},"61":{"start":{"line":252,"column":26},"end":{"line":252,"column":89}},"62":{"start":{"line":253,"column":4},"end":{"line":255,"column":5}},"63":{"start":{"line":254,"column":6},"end":{"line":254,"column":59}},"64":{"start":{"line":258,"column":24},"end":{"line":270,"column":6}},"65":{"start":{"line":273,"column":4},"end":{"line":278,"column":7}},"66":{"start":{"line":281,"column":28},"end":{"line":304,"column":6}},"67":{"start":{"line":306,"column":4},"end":{"line":306,"column":95}},"68":{"start":{"line":308,"column":4},"end":{"line":312,"column":5}},"69":{"start":{"line":309,"column":6},"end":{"line":309,"column":56}},"70":{"start":{"line":311,"column":6},"end":{"line":311,"column":72}},"71":{"start":{"line":165,"column":13},"end":{"line":165,"column":33}},"72":{"start":{"line":319,"column":39},"end":{"line":390,"column":2}},"73":{"start":{"line":319,"column":105},"end":{"line":390,"column":2}},"74":{"start":{"line":320,"column":2},"end":{"line":389,"column":3}},"75":{"start":{"line":321,"column":47},"end":{"line":321,"column":87}},"76":{"start":{"line":322,"column":4},"end":{"line":324,"column":5}},"77":{"start":{"line":323,"column":6},"end":{"line":323,"column":38}},"78":{"start":{"line":326,"column":51},"end":{"line":326,"column":99}},"79":{"start":{"line":327,"column":4},"end":{"line":329,"column":5}},"80":{"start":{"line":328,"column":6},"end":{"line":328,"column":40}},"81":{"start":{"line":331,"column":24},"end":{"line":331,"column":62}},"82":{"start":{"line":332,"column":4},"end":{"line":334,"column":5}},"83":{"start":{"line":333,"column":6},"end":{"line":333,"column":52}},"84":{"start":{"line":337,"column":22},"end":{"line":337,"column":92}},"85":{"start":{"line":338,"column":4},"end":{"line":340,"column":5}},"86":{"start":{"line":339,"column":6},"end":{"line":339,"column":59}},"87":{"start":{"line":343,"column":4},"end":{"line":346,"column":7}},"88":{"start":{"line":349,"column":4},"end":{"line":354,"column":7}},"89":{"start":{"line":357,"column":31},"end":{"line":380,"column":6}},"90":{"start":{"line":382,"column":4},"end":{"line":382,"column":93}},"91":{"start":{"line":384,"column":4},"end":{"line":388,"column":5}},"92":{"start":{"line":385,"column":6},"end":{"line":385,"column":56}},"93":{"start":{"line":387,"column":6},"end":{"line":387,"column":72}},"94":{"start":{"line":319,"column":13},"end":{"line":319,"column":39}},"95":{"start":{"line":395,"column":39},"end":{"line":489,"column":2}},"96":{"start":{"line":395,"column":92},"end":{"line":489,"column":2}},"97":{"start":{"line":396,"column":2},"end":{"line":488,"column":3}},"98":{"start":{"line":397,"column":29},"end":{"line":397,"column":68}},"99":{"start":{"line":398,"column":4},"end":{"line":400,"column":5}},"100":{"start":{"line":399,"column":6},"end":{"line":399,"column":36}},"101":{"start":{"line":402,"column":44},"end":{"line":402,"column":49}},"102":{"start":{"line":404,"column":33},"end":{"line":408,"column":6}},"103":{"start":{"line":410,"column":4},"end":{"line":412,"column":5}},"104":{"start":{"line":411,"column":6},"end":{"line":411,"column":40}},"105":{"start":{"line":414,"column":25},"end":{"line":439,"column":6}},"106":{"start":{"line":442,"column":27},"end":{"line":479,"column":6}},"107":{"start":{"line":443,"column":28},"end":{"line":443,"column":88}},"108":{"start":{"line":444,"column":26},"end":{"line":444,"column":84}},"109":{"start":{"line":447,"column":29},"end":{"line":455,"column":7}},"110":{"start":{"line":448,"column":8},"end":{"line":454,"column":9}},"111":{"start":{"line":449,"column":26},"end":{"line":449,"column":88}},"112":{"start":{"line":450,"column":28},"end":{"line":450,"column":90}},"113":{"start":{"line":451,"column":28},"end":{"line":451,"column":90}},"114":{"start":{"line":452,"column":28},"end":{"line":452,"column":90}},"115":{"start":{"line":453,"column":19},"end":{"line":453,"column":81}},"116":{"start":{"line":457,"column":21},"end":{"line":457,"column":60}},"117":{"start":{"line":459,"column":6},"end":{"line":478,"column":8}},"118":{"start":{"line":481,"column":4},"end":{"line":481,"column":88}},"119":{"start":{"line":483,"column":4},"end":{"line":487,"column":5}},"120":{"start":{"line":484,"column":6},"end":{"line":484,"column":56}},"121":{"start":{"line":486,"column":6},"end":{"line":486,"column":72}},"122":{"start":{"line":395,"column":13},"end":{"line":395,"column":39}},"123":{"start":{"line":494,"column":34},"end":{"line":550,"column":2}},"124":{"start":{"line":494,"column":87},"end":{"line":550,"column":2}},"125":{"start":{"line":495,"column":2},"end":{"line":549,"column":3}},"126":{"start":{"line":496,"column":29},"end":{"line":496,"column":69}},"127":{"start":{"line":497,"column":4},"end":{"line":499,"column":5}},"128":{"start":{"line":498,"column":6},"end":{"line":498,"column":36}},"129":{"start":{"line":501,"column":24},"end":{"line":536,"column":6}},"130":{"start":{"line":538,"column":4},"end":{"line":540,"column":5}},"131":{"start":{"line":539,"column":6},"end":{"line":539,"column":52}},"132":{"start":{"line":542,"column":4},"end":{"line":542,"column":81}},"133":{"start":{"line":544,"column":4},"end":{"line":548,"column":5}},"134":{"start":{"line":545,"column":6},"end":{"line":545,"column":56}},"135":{"start":{"line":547,"column":6},"end":{"line":547,"column":72}},"136":{"start":{"line":494,"column":13},"end":{"line":494,"column":34}}},"fnMap":{"0":{"name":"(anonymous_7)","decl":{"start":{"line":28,"column":31},"end":{"line":28,"column":38}},"loc":{"start":{"line":28,"column":84},"end":{"line":160,"column":2}}},"1":{"name":"(anonymous_8)","decl":{"start":{"line":28,"column":84},"end":{"line":28,"column":null}},"loc":{"start":{"line":28,"column":84},"end":{"line":160,"column":1}}},"2":{"name":"(anonymous_9)","decl":{"start":{"line":100,"column":51},"end":{"line":100,"column":52}},"loc":{"start":{"line":100,"column":74},"end":{"line":140,"column":6}}},"3":{"name":"(anonymous_10)","decl":{"start":{"line":165,"column":33},"end":{"line":165,"column":40}},"loc":{"start":{"line":165,"column":99},"end":{"line":314,"column":2}}},"4":{"name":"(anonymous_11)","decl":{"start":{"line":165,"column":99},"end":{"line":165,"column":null}},"loc":{"start":{"line":165,"column":99},"end":{"line":314,"column":1}}},"5":{"name":"(anonymous_12)","decl":{"start":{"line":319,"column":39},"end":{"line":319,"column":46}},"loc":{"start":{"line":319,"column":105},"end":{"line":390,"column":2}}},"6":{"name":"(anonymous_13)","decl":{"start":{"line":319,"column":105},"end":{"line":319,"column":null}},"loc":{"start":{"line":319,"column":105},"end":{"line":390,"column":1}}},"7":{"name":"(anonymous_14)","decl":{"start":{"line":395,"column":39},"end":{"line":395,"column":46}},"loc":{"start":{"line":395,"column":92},"end":{"line":489,"column":2}}},"8":{"name":"(anonymous_15)","decl":{"start":{"line":395,"column":92},"end":{"line":395,"column":null}},"loc":{"start":{"line":395,"column":92},"end":{"line":489,"column":1}}},"9":{"name":"(anonymous_16)","decl":{"start":{"line":442,"column":44},"end":{"line":442,"column":45}},"loc":{"start":{"line":442,"column":65},"end":{"line":479,"column":5}}},"10":{"name":"(anonymous_17)","decl":{"start":{"line":447,"column":29},"end":{"line":447,"column":30}},"loc":{"start":{"line":447,"column":48},"end":{"line":455,"column":7}}},"11":{"name":"(anonymous_18)","decl":{"start":{"line":494,"column":34},"end":{"line":494,"column":41}},"loc":{"start":{"line":494,"column":87},"end":{"line":550,"column":2}}},"12":{"name":"(anonymous_19)","decl":{"start":{"line":494,"column":87},"end":{"line":494,"column":null}},"loc":{"start":{"line":494,"column":87},"end":{"line":550,"column":1}}}},"branchMap":{"0":{"loc":{"start":{"line":31,"column":4},"end":{"line":33,"column":5}},"type":"if","locations":[{"start":{"line":31,"column":4},"end":{"line":33,"column":5}}]},"1":{"loc":{"start":{"line":51,"column":4},"end":{"line":55,"column":5}},"type":"if","locations":[{"start":{"line":51,"column":4},"end":{"line":55,"column":5}}]},"2":{"loc":{"start":{"line":51,"column":8},"end":{"line":51,"column":28}},"type":"binary-expr","locations":[{"start":{"line":51,"column":8},"end":{"line":51,"column":17}},{"start":{"line":51,"column":21},"end":{"line":51,"column":28}}]},"3":{"loc":{"start":{"line":53,"column":6},"end":{"line":53,"column":73}},"type":"if","locations":[{"start":{"line":53,"column":6},"end":{"line":53,"column":73}}]},"4":{"loc":{"start":{"line":54,"column":6},"end":{"line":54,"column":69}},"type":"if","locations":[{"start":{"line":54,"column":6},"end":{"line":54,"column":69}}]},"5":{"loc":{"start":{"line":58,"column":4},"end":{"line":58,"column":51}},"type":"if","locations":[{"start":{"line":58,"column":4},"end":{"line":58,"column":51}}]},"6":{"loc":{"start":{"line":59,"column":4},"end":{"line":59,"column":60}},"type":"if","locations":[{"start":{"line":59,"column":4},"end":{"line":59,"column":60}}]},"7":{"loc":{"start":{"line":60,"column":4},"end":{"line":60,"column":57}},"type":"if","locations":[{"start":{"line":60,"column":4},"end":{"line":60,"column":57}}]},"8":{"loc":{"start":{"line":83,"column":12},"end":{"line":83,"column":49}},"type":"binary-expr","locations":[{"start":{"line":83,"column":12},"end":{"line":83,"column":18}},{"start":{"line":83,"column":22},"end":{"line":83,"column":49}}]},"9":{"loc":{"start":{"line":93,"column":15},"end":{"line":95,"column":20}},"type":"cond-expr","locations":[{"start":{"line":93,"column":44},"end":{"line":93,"column":94}},{"start":{"line":94,"column":14},"end":{"line":95,"column":20}}]},"10":{"loc":{"start":{"line":94,"column":14},"end":{"line":95,"column":20}},"type":"cond-expr","locations":[{"start":{"line":94,"column":42},"end":{"line":94,"column":85}},{"start":{"line":95,"column":14},"end":{"line":95,"column":20}}]},"11":{"loc":{"start":{"line":154,"column":4},"end":{"line":158,"column":5}},"type":"if","locations":[{"start":{"line":154,"column":4},"end":{"line":158,"column":5}},{"start":{"line":156,"column":11},"end":{"line":158,"column":5}}]},"12":{"loc":{"start":{"line":168,"column":4},"end":{"line":170,"column":5}},"type":"if","locations":[{"start":{"line":168,"column":4},"end":{"line":170,"column":5}}]},"13":{"loc":{"start":{"line":176,"column":4},"end":{"line":178,"column":5}},"type":"if","locations":[{"start":{"line":176,"column":4},"end":{"line":178,"column":5}}]},"14":{"loc":{"start":{"line":182,"column":4},"end":{"line":184,"column":5}},"type":"if","locations":[{"start":{"line":182,"column":4},"end":{"line":184,"column":5}}]},"15":{"loc":{"start":{"line":182,"column":8},"end":{"line":182,"column":33}},"type":"binary-expr","locations":[{"start":{"line":182,"column":8},"end":{"line":182,"column":14}},{"start":{"line":182,"column":18},"end":{"line":182,"column":33}}]},"16":{"loc":{"start":{"line":228,"column":4},"end":{"line":230,"column":5}},"type":"if","locations":[{"start":{"line":228,"column":4},"end":{"line":230,"column":5}}]},"17":{"loc":{"start":{"line":242,"column":4},"end":{"line":249,"column":5}},"type":"if","locations":[{"start":{"line":242,"column":4},"end":{"line":249,"column":5}}]},"18":{"loc":{"start":{"line":253,"column":4},"end":{"line":255,"column":5}},"type":"if","locations":[{"start":{"line":253,"column":4},"end":{"line":255,"column":5}}]},"19":{"loc":{"start":{"line":268,"column":13},"end":{"line":268,"column":24}},"type":"binary-expr","locations":[{"start":{"line":268,"column":13},"end":{"line":268,"column":18}},{"start":{"line":268,"column":22},"end":{"line":268,"column":24}}]},"20":{"loc":{"start":{"line":269,"column":22},"end":{"line":269,"column":73}},"type":"cond-expr","locations":[{"start":{"line":269,"column":55},"end":{"line":269,"column":66}},{"start":{"line":269,"column":69},"end":{"line":269,"column":73}}]},"21":{"loc":{"start":{"line":269,"column":22},"end":{"line":269,"column":40}},"type":"cond-expr","locations":[{"start":{"line":269,"column":30},"end":{"line":269,"column":32}},{"start":{"line":269,"column":30},"end":{"line":269,"column":40}}]},"22":{"loc":{"start":{"line":269,"column":22},"end":{"line":269,"column":32}},"type":"binary-expr","locations":[{"start":{"line":269,"column":22},"end":{"line":269,"column":32}},{"start":{"line":269,"column":30},"end":{"line":269,"column":32}}]},"23":{"loc":{"start":{"line":277,"column":24},"end":{"line":277,"column":75}},"type":"cond-expr","locations":[{"start":{"line":277,"column":57},"end":{"line":277,"column":68}},{"start":{"line":277,"column":71},"end":{"line":277,"column":75}}]},"24":{"loc":{"start":{"line":277,"column":24},"end":{"line":277,"column":42}},"type":"cond-expr","locations":[{"start":{"line":277,"column":32},"end":{"line":277,"column":34}},{"start":{"line":277,"column":32},"end":{"line":277,"column":42}}]},"25":{"loc":{"start":{"line":277,"column":24},"end":{"line":277,"column":34}},"type":"binary-expr","locations":[{"start":{"line":277,"column":24},"end":{"line":277,"column":34}},{"start":{"line":277,"column":32},"end":{"line":277,"column":34}}]},"26":{"loc":{"start":{"line":308,"column":4},"end":{"line":312,"column":5}},"type":"if","locations":[{"start":{"line":308,"column":4},"end":{"line":312,"column":5}},{"start":{"line":310,"column":11},"end":{"line":312,"column":5}}]},"27":{"loc":{"start":{"line":322,"column":4},"end":{"line":324,"column":5}},"type":"if","locations":[{"start":{"line":322,"column":4},"end":{"line":324,"column":5}}]},"28":{"loc":{"start":{"line":327,"column":4},"end":{"line":329,"column":5}},"type":"if","locations":[{"start":{"line":327,"column":4},"end":{"line":329,"column":5}}]},"29":{"loc":{"start":{"line":332,"column":4},"end":{"line":334,"column":5}},"type":"if","locations":[{"start":{"line":332,"column":4},"end":{"line":334,"column":5}}]},"30":{"loc":{"start":{"line":338,"column":4},"end":{"line":340,"column":5}},"type":"if","locations":[{"start":{"line":338,"column":4},"end":{"line":340,"column":5}}]},"31":{"loc":{"start":{"line":345,"column":13},"end":{"line":345,"column":49}},"type":"binary-expr","locations":[{"start":{"line":345,"column":13},"end":{"line":345,"column":28}},{"start":{"line":345,"column":32},"end":{"line":345,"column":49}}]},"32":{"loc":{"start":{"line":352,"column":13},"end":{"line":352,"column":78}},"type":"binary-expr","locations":[{"start":{"line":352,"column":13},"end":{"line":352,"column":28}},{"start":{"line":352,"column":32},"end":{"line":352,"column":78}}]},"33":{"loc":{"start":{"line":353,"column":24},"end":{"line":353,"column":75}},"type":"cond-expr","locations":[{"start":{"line":353,"column":57},"end":{"line":353,"column":68}},{"start":{"line":353,"column":71},"end":{"line":353,"column":75}}]},"34":{"loc":{"start":{"line":353,"column":24},"end":{"line":353,"column":42}},"type":"cond-expr","locations":[{"start":{"line":353,"column":32},"end":{"line":353,"column":34}},{"start":{"line":353,"column":32},"end":{"line":353,"column":42}}]},"35":{"loc":{"start":{"line":353,"column":24},"end":{"line":353,"column":34}},"type":"binary-expr","locations":[{"start":{"line":353,"column":24},"end":{"line":353,"column":34}},{"start":{"line":353,"column":32},"end":{"line":353,"column":34}}]},"36":{"loc":{"start":{"line":384,"column":4},"end":{"line":388,"column":5}},"type":"if","locations":[{"start":{"line":384,"column":4},"end":{"line":388,"column":5}},{"start":{"line":386,"column":11},"end":{"line":388,"column":5}}]},"37":{"loc":{"start":{"line":398,"column":4},"end":{"line":400,"column":5}},"type":"if","locations":[{"start":{"line":398,"column":4},"end":{"line":400,"column":5}}]},"38":{"loc":{"start":{"line":410,"column":4},"end":{"line":412,"column":5}},"type":"if","locations":[{"start":{"line":410,"column":4},"end":{"line":412,"column":5}}]},"39":{"loc":{"start":{"line":448,"column":8},"end":{"line":454,"column":9}},"type":"switch","locations":[{"start":{"line":449,"column":10},"end":{"line":449,"column":88}},{"start":{"line":450,"column":10},"end":{"line":450,"column":90}},{"start":{"line":451,"column":10},"end":{"line":451,"column":90}},{"start":{"line":452,"column":10},"end":{"line":452,"column":90}},{"start":{"line":453,"column":10},"end":{"line":453,"column":81}}]},"40":{"loc":{"start":{"line":483,"column":4},"end":{"line":487,"column":5}},"type":"if","locations":[{"start":{"line":483,"column":4},"end":{"line":487,"column":5}},{"start":{"line":485,"column":11},"end":{"line":487,"column":5}}]},"41":{"loc":{"start":{"line":497,"column":4},"end":{"line":499,"column":5}},"type":"if","locations":[{"start":{"line":497,"column":4},"end":{"line":499,"column":5}}]},"42":{"loc":{"start":{"line":538,"column":4},"end":{"line":540,"column":5}},"type":"if","locations":[{"start":{"line":538,"column":4},"end":{"line":540,"column":5}}]},"43":{"loc":{"start":{"line":544,"column":4},"end":{"line":548,"column":5}},"type":"if","locations":[{"start":{"line":544,"column":4},"end":{"line":548,"column":5}},{"start":{"line":546,"column":11},"end":{"line":548,"column":5}}]}},"s":{"0":1,"1":1,"2":1,"3":1,"4":1,"5":1,"6":1,"7":0,"8":0,"9":0,"10":0,"11":0,"12":0,"13":0,"14":0,"15":0,"16":0,"17":0,"18":0,"19":0,"20":0,"21":0,"22":0,"23":0,"24":0,"25":0,"26":0,"27":0,"28":0,"29":0,"30":0,"31":0,"32":0,"33":0,"34":0,"35":0,"36":0,"37":1,"38":1,"39":0,"40":0,"41":0,"42":0,"43":0,"44":0,"45":0,"46":0,"47":0,"48":0,"49":0,"50":0,"51":0,"52":0,"53":0,"54":0,"55":0,"56":0,"57":0,"58":0,"59":0,"60":0,"61":0,"62":0,"63":0,"64":0,"65":0,"66":0,"67":0,"68":0,"69":0,"70":0,"71":1,"72":1,"73":0,"74":0,"75":0,"76":0,"77":0,"78":0,"79":0,"80":0,"81":0,"82":0,"83":0,"84":0,"85":0,"86":0,"87":0,"88":0,"89":0,"90":0,"91":0,"92":0,"93":0,"94":1,"95":1,"96":0,"97":0,"98":0,"99":0,"100":0,"101":0,"102":0,"103":0,"104":0,"105":0,"106":0,"107":0,"108":0,"109":0,"110":0,"111":0,"112":0,"113":0,"114":0,"115":0,"116":0,"117":0,"118":0,"119":0,"120":0,"121":0,"122":1,"123":1,"124":0,"125":0,"126":0,"127":0,"128":0,"129":0,"130":0,"131":0,"132":0,"133":0,"134":0,"135":0,"136":1},"f":{"0":0,"1":0,"2":0,"3":0,"4":0,"5":0,"6":0,"7":0,"8":0,"9":0,"10":0,"11":0,"12":0},"b":{"0":[0],"1":[0],"2":[0,0],"3":[0],"4":[0],"5":[0],"6":[0],"7":[0],"8":[0,0],"9":[0,0],"10":[0,0],"11":[0,0],"12":[0],"13":[0],"14":[0],"15":[0,0],"16":[0],"17":[0],"18":[0],"19":[0,0],"20":[0,0],"21":[0,0],"22":[0,0],"23":[0,0],"24":[0,0],"25":[0,0],"26":[0,0],"27":[0],"28":[0],"29":[0],"30":[0],"31":[0,0],"32":[0,0],"33":[0,0],"34":[0,0],"35":[0,0],"36":[0,0],"37":[0],"38":[0],"39":[0,0,0,0,0],"40":[0,0],"41":[0],"42":[0],"43":[0,0]}}
,"/app/src/controllers/authController.ts": {"path":"/app/src/controllers/authController.ts","statementMap":{"0":{"start":{"line":2,"column":11},"end":{"line":2,"column":31}},"1":{"start":{"line":3,"column":0},"end":{"line":3,"column":59}},"2":{"start":{"line":4,"column":0},"end":{"line":4,"column":65}},"3":{"start":{"line":5,"column":0},"end":{"line":5,"column":38}},"4":{"start":{"line":10,"column":26},"end":{"line":70,"column":2}},"5":{"start":{"line":10,"column":84},"end":{"line":70,"column":2}},"6":{"start":{"line":11,"column":2},"end":{"line":69,"column":3}},"7":{"start":{"line":13,"column":29},"end":{"line":13,"column":64}},"8":{"start":{"line":14,"column":4},"end":{"line":16,"column":5}},"9":{"start":{"line":15,"column":6},"end":{"line":15,"column":36}},"10":{"start":{"line":18,"column":35},"end":{"line":18,"column":40}},"11":{"start":{"line":21,"column":18},"end":{"line":26,"column":6}},"12":{"start":{"line":28,"column":4},"end":{"line":30,"column":5}},"13":{"start":{"line":29,"column":6},"end":{"line":29,"column":71}},"14":{"start":{"line":33,"column":28},"end":{"line":33,"column":78}},"15":{"start":{"line":34,"column":4},"end":{"line":36,"column":5}},"16":{"start":{"line":35,"column":6},"end":{"line":35,"column":71}},"17":{"start":{"line":39,"column":4},"end":{"line":39,"column":50}},"18":{"start":{"line":42,"column":4},"end":{"line":48,"column":6}},"19":{"start":{"line":51,"column":4},"end":{"line":55,"column":7}},"20":{"start":{"line":52,"column":6},"end":{"line":54,"column":7}},"21":{"start":{"line":53,"column":8},"end":{"line":53,"column":49}},"22":{"start":{"line":57,"column":4},"end":{"line":65,"column":26}},"23":{"start":{"line":68,"column":4},"end":{"line":68,"column":16}},"24":{"start":{"line":10,"column":13},"end":{"line":10,"column":26}},"25":{"start":{"line":75,"column":22},"end":{"line":88,"column":1}},"26":{"start":{"line":76,"column":2},"end":{"line":87,"column":3}},"27":{"start":{"line":77,"column":4},"end":{"line":84,"column":7}},"28":{"start":{"line":78,"column":6},"end":{"line":80,"column":7}},"29":{"start":{"line":79,"column":8},"end":{"line":79,"column":70}},"30":{"start":{"line":82,"column":6},"end":{"line":82,"column":36}},"31":{"start":{"line":83,"column":6},"end":{"line":83,"column":53}},"32":{"start":{"line":86,"column":4},"end":{"line":86,"column":16}},"33":{"start":{"line":75,"column":13},"end":{"line":75,"column":22}},"34":{"start":{"line":93,"column":30},"end":{"line":106,"column":1}},"35":{"start":{"line":94,"column":2},"end":{"line":105,"column":3}},"36":{"start":{"line":95,"column":4},"end":{"line":97,"column":5}},"37":{"start":{"line":96,"column":6},"end":{"line":96,"column":57}},"38":{"start":{"line":99,"column":4},"end":{"line":101,"column":41}},"39":{"start":{"line":104,"column":4},"end":{"line":104,"column":16}},"40":{"start":{"line":93,"column":13},"end":{"line":93,"column":30}},"41":{"start":{"line":111,"column":28},"end":{"line":123,"column":1}},"42":{"start":{"line":112,"column":2},"end":{"line":122,"column":3}},"43":{"start":{"line":113,"column":28},"end":{"line":113,"column":46}},"44":{"start":{"line":115,"column":4},"end":{"line":118,"column":26}},"45":{"start":{"line":121,"column":4},"end":{"line":121,"column":16}},"46":{"start":{"line":111,"column":13},"end":{"line":111,"column":28}}},"fnMap":{"0":{"name":"(anonymous_8)","decl":{"start":{"line":10,"column":26},"end":{"line":10,"column":33}},"loc":{"start":{"line":10,"column":84},"end":{"line":70,"column":2}}},"1":{"name":"(anonymous_9)","decl":{"start":{"line":10,"column":84},"end":{"line":10,"column":null}},"loc":{"start":{"line":10,"column":84},"end":{"line":70,"column":1}}},"2":{"name":"(anonymous_10)","decl":{"start":{"line":51,"column":21},"end":{"line":51,"column":22}},"loc":{"start":{"line":51,"column":29},"end":{"line":55,"column":5}}},"3":{"name":"(anonymous_11)","decl":{"start":{"line":75,"column":22},"end":{"line":75,"column":23}},"loc":{"start":{"line":75,"column":74},"end":{"line":88,"column":1}}},"4":{"name":"(anonymous_12)","decl":{"start":{"line":77,"column":24},"end":{"line":77,"column":25}},"loc":{"start":{"line":77,"column":32},"end":{"line":84,"column":5}}},"5":{"name":"(anonymous_13)","decl":{"start":{"line":93,"column":30},"end":{"line":93,"column":31}},"loc":{"start":{"line":93,"column":82},"end":{"line":106,"column":1}}},"6":{"name":"(anonymous_14)","decl":{"start":{"line":111,"column":28},"end":{"line":111,"column":29}},"loc":{"start":{"line":111,"column":80},"end":{"line":123,"column":1}}}},"branchMap":{"0":{"loc":{"start":{"line":14,"column":4},"end":{"line":16,"column":5}},"type":"if","locations":[{"start":{"line":14,"column":4},"end":{"line":16,"column":5}}]},"1":{"loc":{"start":{"line":28,"column":4},"end":{"line":30,"column":5}},"type":"if","locations":[{"start":{"line":28,"column":4},"end":{"line":30,"column":5}}]},"2":{"loc":{"start":{"line":34,"column":4},"end":{"line":36,"column":5}},"type":"if","locations":[{"start":{"line":34,"column":4},"end":{"line":36,"column":5}}]},"3":{"loc":{"start":{"line":52,"column":6},"end":{"line":54,"column":7}},"type":"if","locations":[{"start":{"line":52,"column":6},"end":{"line":54,"column":7}}]},"4":{"loc":{"start":{"line":78,"column":6},"end":{"line":80,"column":7}},"type":"if","locations":[{"start":{"line":78,"column":6},"end":{"line":80,"column":7}}]},"5":{"loc":{"start":{"line":95,"column":4},"end":{"line":97,"column":5}},"type":"if","locations":[{"start":{"line":95,"column":4},"end":{"line":97,"column":5}}]},"6":{"loc":{"start":{"line":117,"column":12},"end":{"line":117,"column":53}},"type":"cond-expr","locations":[{"start":{"line":117,"column":30},"end":{"line":117,"column":46}},{"start":{"line":117,"column":49},"end":{"line":117,"column":53}}]}},"s":{"0":1,"1":1,"2":1,"3":1,"4":1,"5":0,"6":0,"7":0,"8":0,"9":0,"10":0,"11":0,"12":0,"13":0,"14":0,"15":0,"16":0,"17":0,"18":0,"19":0,"20":0,"21":0,"22":0,"23":0,"24":1,"25":1,"26":0,"27":0,"28":0,"29":0,"30":0,"31":0,"32":0,"33":1,"34":1,"35":0,"36":0,"37":0,"38":0,"39":0,"40":1,"41":1,"42":0,"43":0,"44":0,"45":0,"46":1},"f":{"0":0,"1":0,"2":0,"3":0,"4":0,"5":0,"6":0},"b":{"0":[0],"1":[0],"2":[0],"3":[0],"4":[0],"5":[0],"6":[0,0]}}
,"/app/src/controllers/contactController.ts": {"path":"/app/src/controllers/contactController.ts","statementMap":{"0":{"start":{"line":2,"column":0},"end":{"line":2,"column":48}},"1":{"start":{"line":3,"column":0},"end":{"line":3,"column":40}},"2":{"start":{"line":4,"column":0},"end":{"line":4,"column":null}},"3":{"start":{"line":10,"column":11},"end":{"line":10,"column":31}},"4":{"start":{"line":11,"column":27},"end":{"line":11,"column":29}},"5":{"start":{"line":25,"column":34},"end":{"line":133,"column":2}},"6":{"start":{"line":25,"column":100},"end":{"line":133,"column":2}},"7":{"start":{"line":26,"column":2},"end":{"line":132,"column":3}},"8":{"start":{"line":28,"column":29},"end":{"line":28,"column":79}},"9":{"start":{"line":29,"column":4},"end":{"line":31,"column":5}},"10":{"start":{"line":30,"column":6},"end":{"line":30,"column":36}},"11":{"start":{"line":33,"column":93},"end":{"line":33,"column":98}},"12":{"start":{"line":36,"column":33},"end":{"line":36,"column":35}},"13":{"start":{"line":38,"column":4},"end":{"line":45,"column":5}},"14":{"start":{"line":39,"column":6},"end":{"line":44,"column":8}},"15":{"start":{"line":47,"column":4},"end":{"line":49,"column":5}},"16":{"start":{"line":48,"column":6},"end":{"line":48,"column":42}},"17":{"start":{"line":51,"column":4},"end":{"line":53,"column":5}},"18":{"start":{"line":52,"column":6},"end":{"line":52,"column":38}},"19":{"start":{"line":55,"column":4},"end":{"line":67,"column":5}},"20":{"start":{"line":56,"column":6},"end":{"line":58,"column":8}},"21":{"start":{"line":59,"column":11},"end":{"line":67,"column":5}},"22":{"start":{"line":60,"column":6},"end":{"line":62,"column":8}},"23":{"start":{"line":63,"column":11},"end":{"line":67,"column":5}},"24":{"start":{"line":64,"column":6},"end":{"line":66,"column":8}},"25":{"start":{"line":70,"column":19},"end":{"line":70,"column":37}},"26":{"start":{"line":73,"column":27},"end":{"line":73,"column":29}},"27":{"start":{"line":74,"column":4},"end":{"line":78,"column":5}},"28":{"start":{"line":75,"column":6},"end":{"line":75,"column":54}},"29":{"start":{"line":77,"column":6},"end":{"line":77,"column":54}},"30":{"start":{"line":81,"column":28},"end":{"line":89,"column":6}},"31":{"start":{"line":91,"column":23},"end":{"line":91,"column":47}},"32":{"start":{"line":94,"column":18},"end":{"line":101,"column":6}},"33":{"start":{"line":103,"column":24},"end":{"line":106,"column":10}},"34":{"start":{"line":104,"column":6},"end":{"line":104,"column":46}},"35":{"start":{"line":105,"column":6},"end":{"line":105,"column":17}},"36":{"start":{"line":108,"column":4},"end":{"line":125,"column":8}},"37":{"start":{"line":128,"column":4},"end":{"line":130,"column":5}},"38":{"start":{"line":129,"column":6},"end":{"line":129,"column":18}},"39":{"start":{"line":131,"column":4},"end":{"line":131,"column":75}},"40":{"start":{"line":25,"column":13},"end":{"line":25,"column":34}},"41":{"start":{"line":139,"column":37},"end":{"line":171,"column":2}},"42":{"start":{"line":139,"column":103},"end":{"line":171,"column":2}},"43":{"start":{"line":140,"column":2},"end":{"line":170,"column":3}},"44":{"start":{"line":142,"column":29},"end":{"line":142,"column":72}},"45":{"start":{"line":143,"column":4},"end":{"line":145,"column":5}},"46":{"start":{"line":144,"column":6},"end":{"line":144,"column":36}},"47":{"start":{"line":147,"column":19},"end":{"line":147,"column":24}},"48":{"start":{"line":149,"column":20},"end":{"line":149,"column":53}},"49":{"start":{"line":150,"column":4},"end":{"line":152,"column":5}},"50":{"start":{"line":151,"column":6},"end":{"line":151,"column":60}},"51":{"start":{"line":155,"column":4},"end":{"line":161,"column":5}},"52":{"start":{"line":156,"column":6},"end":{"line":160,"column":9}},"53":{"start":{"line":163,"column":4},"end":{"line":163,"column":81}},"54":{"start":{"line":166,"column":4},"end":{"line":168,"column":5}},"55":{"start":{"line":167,"column":6},"end":{"line":167,"column":18}},"56":{"start":{"line":169,"column":4},"end":{"line":169,"column":72}},"57":{"start":{"line":139,"column":13},"end":{"line":139,"column":37}},"58":{"start":{"line":177,"column":42},"end":{"line":243,"column":2}},"59":{"start":{"line":177,"column":108},"end":{"line":243,"column":2}},"60":{"start":{"line":178,"column":2},"end":{"line":242,"column":3}},"61":{"start":{"line":180,"column":55},"end":{"line":180,"column":98}},"62":{"start":{"line":181,"column":4},"end":{"line":183,"column":5}},"63":{"start":{"line":182,"column":6},"end":{"line":182,"column":42}},"64":{"start":{"line":186,"column":51},"end":{"line":186,"column":102}},"65":{"start":{"line":187,"column":4},"end":{"line":189,"column":5}},"66":{"start":{"line":188,"column":6},"end":{"line":188,"column":40}},"67":{"start":{"line":191,"column":19},"end":{"line":191,"column":30}},"68":{"start":{"line":192,"column":35},"end":{"line":192,"column":44}},"69":{"start":{"line":194,"column":20},"end":{"line":194,"column":53}},"70":{"start":{"line":195,"column":4},"end":{"line":197,"column":5}},"71":{"start":{"line":196,"column":6},"end":{"line":196,"column":60}},"72":{"start":{"line":200,"column":58},"end":{"line":205,"column":6}},"73":{"start":{"line":207,"column":4},"end":{"line":209,"column":5}},"74":{"start":{"line":208,"column":6},"end":{"line":208,"column":99}},"75":{"start":{"line":212,"column":28},"end":{"line":216,"column":6}},"76":{"start":{"line":218,"column":4},"end":{"line":221,"column":5}},"77":{"start":{"line":219,"column":6},"end":{"line":219,"column":37}},"78":{"start":{"line":220,"column":6},"end":{"line":220,"column":39}},"79":{"start":{"line":223,"column":4},"end":{"line":226,"column":5}},"80":{"start":{"line":224,"column":6},"end":{"line":224,"column":40}},"81":{"start":{"line":225,"column":6},"end":{"line":225,"column":42}},"82":{"start":{"line":228,"column":4},"end":{"line":231,"column":5}},"83":{"start":{"line":229,"column":6},"end":{"line":229,"column":39}},"84":{"start":{"line":230,"column":6},"end":{"line":230,"column":41}},"85":{"start":{"line":233,"column":4},"end":{"line":233,"column":37}},"86":{"start":{"line":235,"column":4},"end":{"line":235,"column":89}},"87":{"start":{"line":238,"column":4},"end":{"line":240,"column":5}},"88":{"start":{"line":239,"column":6},"end":{"line":239,"column":18}},"89":{"start":{"line":241,"column":4},"end":{"line":241,"column":71}},"90":{"start":{"line":177,"column":13},"end":{"line":177,"column":42}},"91":{"start":{"line":249,"column":36},"end":{"line":279,"column":2}},"92":{"start":{"line":249,"column":102},"end":{"line":279,"column":2}},"93":{"start":{"line":250,"column":2},"end":{"line":278,"column":3}},"94":{"start":{"line":252,"column":29},"end":{"line":252,"column":72}},"95":{"start":{"line":253,"column":4},"end":{"line":255,"column":5}},"96":{"start":{"line":254,"column":6},"end":{"line":254,"column":36}},"97":{"start":{"line":257,"column":19},"end":{"line":257,"column":24}},"98":{"start":{"line":259,"column":20},"end":{"line":259,"column":53}},"99":{"start":{"line":260,"column":4},"end":{"line":262,"column":5}},"100":{"start":{"line":261,"column":6},"end":{"line":261,"column":60}},"101":{"start":{"line":265,"column":4},"end":{"line":269,"column":7}},"102":{"start":{"line":271,"column":4},"end":{"line":271,"column":66}},"103":{"start":{"line":274,"column":4},"end":{"line":276,"column":5}},"104":{"start":{"line":275,"column":6},"end":{"line":275,"column":18}},"105":{"start":{"line":277,"column":4},"end":{"line":277,"column":70}},"106":{"start":{"line":249,"column":13},"end":{"line":249,"column":36}},"107":{"start":{"line":285,"column":31},"end":{"line":362,"column":2}},"108":{"start":{"line":285,"column":97},"end":{"line":362,"column":2}},"109":{"start":{"line":286,"column":2},"end":{"line":361,"column":3}},"110":{"start":{"line":288,"column":26},"end":{"line":288,"column":73}},"111":{"start":{"line":291,"column":26},"end":{"line":293,"column":6}},"112":{"start":{"line":295,"column":24},"end":{"line":300,"column":6}},"113":{"start":{"line":302,"column":30},"end":{"line":307,"column":6}},"114":{"start":{"line":310,"column":26},"end":{"line":318,"column":6}},"115":{"start":{"line":321,"column":25},"end":{"line":321,"column":71}},"116":{"start":{"line":322,"column":23},"end":{"line":334,"column":6}},"117":{"start":{"line":336,"column":4},"end":{"line":354,"column":8}},"118":{"start":{"line":344,"column":62},"end":{"line":349,"column":8}},"119":{"start":{"line":350,"column":52},"end":{"line":353,"column":8}},"120":{"start":{"line":357,"column":4},"end":{"line":359,"column":5}},"121":{"start":{"line":358,"column":6},"end":{"line":358,"column":18}},"122":{"start":{"line":360,"column":4},"end":{"line":360,"column":80}},"123":{"start":{"line":285,"column":13},"end":{"line":285,"column":31}}},"fnMap":{"0":{"name":"(anonymous_7)","decl":{"start":{"line":25,"column":34},"end":{"line":25,"column":41}},"loc":{"start":{"line":25,"column":100},"end":{"line":133,"column":2}}},"1":{"name":"(anonymous_8)","decl":{"start":{"line":25,"column":100},"end":{"line":25,"column":null}},"loc":{"start":{"line":25,"column":100},"end":{"line":133,"column":1}}},"2":{"name":"(anonymous_9)","decl":{"start":{"line":103,"column":37},"end":{"line":103,"column":38}},"loc":{"start":{"line":103,"column":61},"end":{"line":106,"column":5}}},"3":{"name":"(anonymous_10)","decl":{"start":{"line":139,"column":37},"end":{"line":139,"column":44}},"loc":{"start":{"line":139,"column":103},"end":{"line":171,"column":2}}},"4":{"name":"(anonymous_11)","decl":{"start":{"line":139,"column":103},"end":{"line":139,"column":null}},"loc":{"start":{"line":139,"column":103},"end":{"line":171,"column":1}}},"5":{"name":"(anonymous_12)","decl":{"start":{"line":177,"column":42},"end":{"line":177,"column":49}},"loc":{"start":{"line":177,"column":108},"end":{"line":243,"column":2}}},"6":{"name":"(anonymous_13)","decl":{"start":{"line":177,"column":108},"end":{"line":177,"column":null}},"loc":{"start":{"line":177,"column":108},"end":{"line":243,"column":1}}},"7":{"name":"(anonymous_14)","decl":{"start":{"line":249,"column":36},"end":{"line":249,"column":43}},"loc":{"start":{"line":249,"column":102},"end":{"line":279,"column":2}}},"8":{"name":"(anonymous_15)","decl":{"start":{"line":249,"column":102},"end":{"line":249,"column":null}},"loc":{"start":{"line":249,"column":102},"end":{"line":279,"column":1}}},"9":{"name":"(anonymous_16)","decl":{"start":{"line":285,"column":31},"end":{"line":285,"column":38}},"loc":{"start":{"line":285,"column":97},"end":{"line":362,"column":2}}},"10":{"name":"(anonymous_17)","decl":{"start":{"line":285,"column":97},"end":{"line":285,"column":null}},"loc":{"start":{"line":285,"column":97},"end":{"line":362,"column":1}}},"11":{"name":"(anonymous_18)","decl":{"start":{"line":344,"column":46},"end":{"line":344,"column":47}},"loc":{"start":{"line":344,"column":62},"end":{"line":349,"column":8}}},"12":{"name":"(anonymous_19)","decl":{"start":{"line":350,"column":36},"end":{"line":350,"column":37}},"loc":{"start":{"line":350,"column":52},"end":{"line":353,"column":8}}}},"branchMap":{"0":{"loc":{"start":{"line":29,"column":4},"end":{"line":31,"column":5}},"type":"if","locations":[{"start":{"line":29,"column":4},"end":{"line":31,"column":5}}]},"1":{"loc":{"start":{"line":38,"column":4},"end":{"line":45,"column":5}},"type":"if","locations":[{"start":{"line":38,"column":4},"end":{"line":45,"column":5}}]},"2":{"loc":{"start":{"line":47,"column":4},"end":{"line":49,"column":5}},"type":"if","locations":[{"start":{"line":47,"column":4},"end":{"line":49,"column":5}}]},"3":{"loc":{"start":{"line":51,"column":4},"end":{"line":53,"column":5}},"type":"if","locations":[{"start":{"line":51,"column":4},"end":{"line":53,"column":5}}]},"4":{"loc":{"start":{"line":55,"column":4},"end":{"line":67,"column":5}},"type":"if","locations":[{"start":{"line":55,"column":4},"end":{"line":67,"column":5}},{"start":{"line":59,"column":11},"end":{"line":67,"column":5}}]},"5":{"loc":{"start":{"line":55,"column":8},"end":{"line":55,"column":28}},"type":"binary-expr","locations":[{"start":{"line":55,"column":8},"end":{"line":55,"column":17}},{"start":{"line":55,"column":21},"end":{"line":55,"column":28}}]},"6":{"loc":{"start":{"line":59,"column":11},"end":{"line":67,"column":5}},"type":"if","locations":[{"start":{"line":59,"column":11},"end":{"line":67,"column":5}},{"start":{"line":63,"column":11},"end":{"line":67,"column":5}}]},"7":{"loc":{"start":{"line":63,"column":11},"end":{"line":67,"column":5}},"type":"if","locations":[{"start":{"line":63,"column":11},"end":{"line":67,"column":5}}]},"8":{"loc":{"start":{"line":74,"column":4},"end":{"line":78,"column":5}},"type":"if","locations":[{"start":{"line":74,"column":4},"end":{"line":78,"column":5}},{"start":{"line":76,"column":11},"end":{"line":78,"column":5}}]},"9":{"loc":{"start":{"line":120,"column":13},"end":{"line":120,"column":33}},"type":"binary-expr","locations":[{"start":{"line":120,"column":13},"end":{"line":120,"column":28}},{"start":{"line":120,"column":32},"end":{"line":120,"column":33}}]},"10":{"loc":{"start":{"line":121,"column":14},"end":{"line":121,"column":35}},"type":"binary-expr","locations":[{"start":{"line":121,"column":14},"end":{"line":121,"column":30}},{"start":{"line":121,"column":34},"end":{"line":121,"column":35}}]},"11":{"loc":{"start":{"line":122,"column":17},"end":{"line":122,"column":41}},"type":"binary-expr","locations":[{"start":{"line":122,"column":17},"end":{"line":122,"column":36}},{"start":{"line":122,"column":40},"end":{"line":122,"column":41}}]},"12":{"loc":{"start":{"line":123,"column":16},"end":{"line":123,"column":39}},"type":"binary-expr","locations":[{"start":{"line":123,"column":16},"end":{"line":123,"column":34}},{"start":{"line":123,"column":38},"end":{"line":123,"column":39}}]},"13":{"loc":{"start":{"line":128,"column":4},"end":{"line":130,"column":5}},"type":"if","locations":[{"start":{"line":128,"column":4},"end":{"line":130,"column":5}}]},"14":{"loc":{"start":{"line":143,"column":4},"end":{"line":145,"column":5}},"type":"if","locations":[{"start":{"line":143,"column":4},"end":{"line":145,"column":5}}]},"15":{"loc":{"start":{"line":150,"column":4},"end":{"line":152,"column":5}},"type":"if","locations":[{"start":{"line":150,"column":4},"end":{"line":152,"column":5}}]},"16":{"loc":{"start":{"line":155,"column":4},"end":{"line":161,"column":5}},"type":"if","locations":[{"start":{"line":155,"column":4},"end":{"line":161,"column":5}}]},"17":{"loc":{"start":{"line":159,"column":16},"end":{"line":159,"column":28}},"type":"cond-expr","locations":[{"start":{"line":159,"column":24},"end":{"line":159,"column":26}},{"start":{"line":159,"column":24},"end":{"line":159,"column":28}}]},"18":{"loc":{"start":{"line":159,"column":16},"end":{"line":159,"column":26}},"type":"binary-expr","locations":[{"start":{"line":159,"column":16},"end":{"line":159,"column":26}},{"start":{"line":159,"column":24},"end":{"line":159,"column":26}}]},"19":{"loc":{"start":{"line":166,"column":4},"end":{"line":168,"column":5}},"type":"if","locations":[{"start":{"line":166,"column":4},"end":{"line":168,"column":5}}]},"20":{"loc":{"start":{"line":181,"column":4},"end":{"line":183,"column":5}},"type":"if","locations":[{"start":{"line":181,"column":4},"end":{"line":183,"column":5}}]},"21":{"loc":{"start":{"line":187,"column":4},"end":{"line":189,"column":5}},"type":"if","locations":[{"start":{"line":187,"column":4},"end":{"line":189,"column":5}}]},"22":{"loc":{"start":{"line":195,"column":4},"end":{"line":197,"column":5}},"type":"if","locations":[{"start":{"line":195,"column":4},"end":{"line":197,"column":5}}]},"23":{"loc":{"start":{"line":207,"column":4},"end":{"line":209,"column":5}},"type":"if","locations":[{"start":{"line":207,"column":4},"end":{"line":209,"column":5}}]},"24":{"loc":{"start":{"line":215,"column":17},"end":{"line":215,"column":29}},"type":"cond-expr","locations":[{"start":{"line":215,"column":25},"end":{"line":215,"column":27}},{"start":{"line":215,"column":25},"end":{"line":215,"column":29}}]},"25":{"loc":{"start":{"line":215,"column":17},"end":{"line":215,"column":27}},"type":"binary-expr","locations":[{"start":{"line":215,"column":17},"end":{"line":215,"column":27}},{"start":{"line":215,"column":25},"end":{"line":215,"column":27}}]},"26":{"loc":{"start":{"line":218,"column":4},"end":{"line":221,"column":5}},"type":"if","locations":[{"start":{"line":218,"column":4},"end":{"line":221,"column":5}}]},"27":{"loc":{"start":{"line":218,"column":8},"end":{"line":218,"column":53}},"type":"binary-expr","locations":[{"start":{"line":218,"column":8},"end":{"line":218,"column":25}},{"start":{"line":218,"column":29},"end":{"line":218,"column":53}}]},"28":{"loc":{"start":{"line":220,"column":26},"end":{"line":220,"column":38}},"type":"cond-expr","locations":[{"start":{"line":220,"column":34},"end":{"line":220,"column":36}},{"start":{"line":220,"column":34},"end":{"line":220,"column":38}}]},"29":{"loc":{"start":{"line":220,"column":26},"end":{"line":220,"column":36}},"type":"binary-expr","locations":[{"start":{"line":220,"column":26},"end":{"line":220,"column":36}},{"start":{"line":220,"column":34},"end":{"line":220,"column":36}}]},"30":{"loc":{"start":{"line":223,"column":4},"end":{"line":226,"column":5}},"type":"if","locations":[{"start":{"line":223,"column":4},"end":{"line":226,"column":5}}]},"31":{"loc":{"start":{"line":225,"column":29},"end":{"line":225,"column":41}},"type":"cond-expr","locations":[{"start":{"line":225,"column":37},"end":{"line":225,"column":39}},{"start":{"line":225,"column":37},"end":{"line":225,"column":41}}]},"32":{"loc":{"start":{"line":225,"column":29},"end":{"line":225,"column":39}},"type":"binary-expr","locations":[{"start":{"line":225,"column":29},"end":{"line":225,"column":39}},{"start":{"line":225,"column":37},"end":{"line":225,"column":39}}]},"33":{"loc":{"start":{"line":228,"column":4},"end":{"line":231,"column":5}},"type":"if","locations":[{"start":{"line":228,"column":4},"end":{"line":231,"column":5}}]},"34":{"loc":{"start":{"line":230,"column":28},"end":{"line":230,"column":40}},"type":"cond-expr","locations":[{"start":{"line":230,"column":36},"end":{"line":230,"column":38}},{"start":{"line":230,"column":36},"end":{"line":230,"column":40}}]},"35":{"loc":{"start":{"line":230,"column":28},"end":{"line":230,"column":38}},"type":"binary-expr","locations":[{"start":{"line":230,"column":28},"end":{"line":230,"column":38}},{"start":{"line":230,"column":36},"end":{"line":230,"column":38}}]},"36":{"loc":{"start":{"line":238,"column":4},"end":{"line":240,"column":5}},"type":"if","locations":[{"start":{"line":238,"column":4},"end":{"line":240,"column":5}}]},"37":{"loc":{"start":{"line":253,"column":4},"end":{"line":255,"column":5}},"type":"if","locations":[{"start":{"line":253,"column":4},"end":{"line":255,"column":5}}]},"38":{"loc":{"start":{"line":260,"column":4},"end":{"line":262,"column":5}},"type":"if","locations":[{"start":{"line":260,"column":4},"end":{"line":262,"column":5}}]},"39":{"loc":{"start":{"line":268,"column":17},"end":{"line":268,"column":29}},"type":"cond-expr","locations":[{"start":{"line":268,"column":25},"end":{"line":268,"column":27}},{"start":{"line":268,"column":25},"end":{"line":268,"column":29}}]},"40":{"loc":{"start":{"line":268,"column":17},"end":{"line":268,"column":27}},"type":"binary-expr","locations":[{"start":{"line":268,"column":17},"end":{"line":268,"column":27}},{"start":{"line":268,"column":25},"end":{"line":268,"column":27}}]},"41":{"loc":{"start":{"line":274,"column":4},"end":{"line":276,"column":5}},"type":"if","locations":[{"start":{"line":274,"column":4},"end":{"line":276,"column":5}}]},"42":{"loc":{"start":{"line":341,"column":22},"end":{"line":342,"column":79}},"type":"cond-expr","locations":[{"start":{"line":342,"column":10},"end":{"line":342,"column":75}},{"start":{"line":342,"column":78},"end":{"line":342,"column":79}}]},"43":{"loc":{"start":{"line":347,"column":20},"end":{"line":348,"column":70}},"type":"cond-expr","locations":[{"start":{"line":348,"column":10},"end":{"line":348,"column":66}},{"start":{"line":348,"column":69},"end":{"line":348,"column":70}}]},"44":{"loc":{"start":{"line":357,"column":4},"end":{"line":359,"column":5}},"type":"if","locations":[{"start":{"line":357,"column":4},"end":{"line":359,"column":5}}]}},"s":{"0":1,"1":1,"2":1,"3":1,"4":1,"5":1,"6":0,"7":0,"8":0,"9":0,"10":0,"11":0,"12":0,"13":0,"14":0,"15":0,"16":0,"17":0,"18":0,"19":0,"20":0,"21":0,"22":0,"23":0,"24":0,"25":0,"26":0,"27":0,"28":0,"29":0,"30":0,"31":0,"32":0,"33":0,"34":0,"35":0,"36":0,"37":0,"38":0,"39":0,"40":1,"41":1,"42":0,"43":0,"44":0,"45":0,"46":0,"47":0,"48":0,"49":0,"50":0,"51":0,"52":0,"53":0,"54":0,"55":0,"56":0,"57":1,"58":1,"59":0,"60":0,"61":0,"62":0,"63":0,"64":0,"65":0,"66":0,"67":0,"68":0,"69":0,"70":0,"71":0,"72":0,"73":0,"74":0,"75":0,"76":0,"77":0,"78":0,"79":0,"80":0,"81":0,"82":0,"83":0,"84":0,"85":0,"86":0,"87":0,"88":0,"89":0,"90":1,"91":1,"92":0,"93":0,"94":0,"95":0,"96":0,"97":0,"98":0,"99":0,"100":0,"101":0,"102":0,"103":0,"104":0,"105":0,"106":1,"107":1,"108":0,"109":0,"110":0,"111":0,"112":0,"113":0,"114":0,"115":0,"116":0,"117":0,"118":0,"119":0,"120":0,"121":0,"122":0,"123":1},"f":{"0":0,"1":0,"2":0,"3":0,"4":0,"5":0,"6":0,"7":0,"8":0,"9":0,"10":0,"11":0,"12":0},"b":{"0":[0],"1":[0],"2":[0],"3":[0],"4":[0,0],"5":[0,0],"6":[0,0],"7":[0],"8":[0,0],"9":[0,0],"10":[0,0],"11":[0,0],"12":[0,0],"13":[0],"14":[0],"15":[0],"16":[0],"17":[0,0],"18":[0,0],"19":[0],"20":[0],"21":[0],"22":[0],"23":[0],"24":[0,0],"25":[0,0],"26":[0],"27":[0,0],"28":[0,0],"29":[0,0],"30":[0],"31":[0,0],"32":[0,0],"33":[0],"34":[0,0],"35":[0,0],"36":[0],"37":[0],"38":[0],"39":[0,0],"40":[0,0],"41":[0],"42":[0,0],"43":[0,0],"44":[0]}}
,"/app/src/controllers/contentController.ts": {"path":"/app/src/controllers/contentController.ts","statementMap":{"0":{"start":{"line":2,"column":0},"end":{"line":2,"column":48}},"1":{"start":{"line":3,"column":0},"end":{"line":3,"column":40}},"2":{"start":{"line":4,"column":0},"end":{"line":4,"column":null}},"3":{"start":{"line":11,"column":11},"end":{"line":11,"column":31}},"4":{"start":{"line":12,"column":51},"end":{"line":12,"column":53}},"5":{"start":{"line":28,"column":32},"end":{"line":94,"column":2}},"6":{"start":{"line":28,"column":85},"end":{"line":94,"column":2}},"7":{"start":{"line":29,"column":2},"end":{"line":93,"column":3}},"8":{"start":{"line":31,"column":29},"end":{"line":31,"column":71}},"9":{"start":{"line":32,"column":4},"end":{"line":34,"column":5}},"10":{"start":{"line":33,"column":6},"end":{"line":33,"column":36}},"11":{"start":{"line":36,"column":77},"end":{"line":36,"column":82}},"12":{"start":{"line":39,"column":33},"end":{"line":39,"column":35}},"13":{"start":{"line":41,"column":4},"end":{"line":46,"column":5}},"14":{"start":{"line":42,"column":6},"end":{"line":45,"column":8}},"15":{"start":{"line":48,"column":4},"end":{"line":50,"column":5}},"16":{"start":{"line":49,"column":6},"end":{"line":49,"column":46}},"17":{"start":{"line":52,"column":4},"end":{"line":54,"column":5}},"18":{"start":{"line":53,"column":6},"end":{"line":53,"column":42}},"19":{"start":{"line":57,"column":19},"end":{"line":57,"column":37}},"20":{"start":{"line":60,"column":28},"end":{"line":72,"column":6}},"21":{"start":{"line":74,"column":23},"end":{"line":74,"column":47}},"22":{"start":{"line":76,"column":4},"end":{"line":86,"column":8}},"23":{"start":{"line":89,"column":4},"end":{"line":91,"column":5}},"24":{"start":{"line":90,"column":6},"end":{"line":90,"column":18}},"25":{"start":{"line":92,"column":4},"end":{"line":92,"column":73}},"26":{"start":{"line":28,"column":13},"end":{"line":28,"column":32}},"27":{"start":{"line":100,"column":34},"end":{"line":146,"column":2}},"28":{"start":{"line":100,"column":100},"end":{"line":146,"column":2}},"29":{"start":{"line":101,"column":2},"end":{"line":145,"column":3}},"30":{"start":{"line":103,"column":29},"end":{"line":103,"column":72}},"31":{"start":{"line":104,"column":4},"end":{"line":106,"column":5}},"32":{"start":{"line":105,"column":6},"end":{"line":105,"column":36}},"33":{"start":{"line":108,"column":73},"end":{"line":108,"column":78}},"34":{"start":{"line":111,"column":21},"end":{"line":111,"column":63}},"35":{"start":{"line":112,"column":4},"end":{"line":114,"column":5}},"36":{"start":{"line":113,"column":6},"end":{"line":113,"column":62}},"37":{"start":{"line":117,"column":18},"end":{"line":125,"column":6}},"38":{"start":{"line":128,"column":25},"end":{"line":136,"column":6}},"39":{"start":{"line":138,"column":4},"end":{"line":138,"column":100}},"40":{"start":{"line":141,"column":4},"end":{"line":143,"column":5}},"41":{"start":{"line":142,"column":6},"end":{"line":142,"column":18}},"42":{"start":{"line":144,"column":4},"end":{"line":144,"column":67}},"43":{"start":{"line":100,"column":13},"end":{"line":100,"column":34}}},"fnMap":{"0":{"name":"(anonymous_7)","decl":{"start":{"line":28,"column":32},"end":{"line":28,"column":39}},"loc":{"start":{"line":28,"column":85},"end":{"line":94,"column":2}}},"1":{"name":"(anonymous_8)","decl":{"start":{"line":28,"column":85},"end":{"line":28,"column":null}},"loc":{"start":{"line":28,"column":85},"end":{"line":94,"column":1}}},"2":{"name":"(anonymous_9)","decl":{"start":{"line":100,"column":34},"end":{"line":100,"column":41}},"loc":{"start":{"line":100,"column":100},"end":{"line":146,"column":2}}},"3":{"name":"(anonymous_10)","decl":{"start":{"line":100,"column":100},"end":{"line":100,"column":null}},"loc":{"start":{"line":100,"column":100},"end":{"line":146,"column":1}}}},"branchMap":{"0":{"loc":{"start":{"line":32,"column":4},"end":{"line":34,"column":5}},"type":"if","locations":[{"start":{"line":32,"column":4},"end":{"line":34,"column":5}}]},"1":{"loc":{"start":{"line":41,"column":4},"end":{"line":46,"column":5}},"type":"if","locations":[{"start":{"line":41,"column":4},"end":{"line":46,"column":5}}]},"2":{"loc":{"start":{"line":48,"column":4},"end":{"line":50,"column":5}},"type":"if","locations":[{"start":{"line":48,"column":4},"end":{"line":50,"column":5}}]},"3":{"loc":{"start":{"line":52,"column":4},"end":{"line":54,"column":5}},"type":"if","locations":[{"start":{"line":52,"column":4},"end":{"line":54,"column":5}}]},"4":{"loc":{"start":{"line":89,"column":4},"end":{"line":91,"column":5}},"type":"if","locations":[{"start":{"line":89,"column":4},"end":{"line":91,"column":5}}]},"5":{"loc":{"start":{"line":104,"column":4},"end":{"line":106,"column":5}},"type":"if","locations":[{"start":{"line":104,"column":4},"end":{"line":106,"column":5}}]},"6":{"loc":{"start":{"line":112,"column":4},"end":{"line":114,"column":5}},"type":"if","locations":[{"start":{"line":112,"column":4},"end":{"line":114,"column":5}}]},"7":{"loc":{"start":{"line":122,"column":12},"end":{"line":122,"column":22}},"type":"binary-expr","locations":[{"start":{"line":122,"column":12},"end":{"line":122,"column":16}},{"start":{"line":122,"column":20},"end":{"line":122,"column":22}}]},"8":{"loc":{"start":{"line":124,"column":18},"end":{"line":124,"column":30}},"type":"cond-expr","locations":[{"start":{"line":124,"column":26},"end":{"line":124,"column":28}},{"start":{"line":124,"column":26},"end":{"line":124,"column":30}}]},"9":{"loc":{"start":{"line":124,"column":18},"end":{"line":124,"column":28}},"type":"binary-expr","locations":[{"start":{"line":124,"column":18},"end":{"line":124,"column":28}},{"start":{"line":124,"column":26},"end":{"line":124,"column":28}}]},"10":{"loc":{"start":{"line":141,"column":4},"end":{"line":143,"column":5}},"type":"if","locations":[{"start":{"line":141,"column":4},"end":{"line":143,"column":5}}]}},"s":{"0":1,"1":1,"2":1,"3":1,"4":1,"5":1,"6":0,"7":0,"8":0,"9":0,"10":0,"11":0,"12":0,"13":0,"14":0,"15":0,"16":0,"17":0,"18":0,"19":0,"20":0,"21":0,"22":0,"23":0,"24":0,"25":0,"26":1,"27":1,"28":0,"29":0,"30":0,"31":0,"32":0,"33":0,"34":0,"35":0,"36":0,"37":0,"38":0,"39":0,"40":0,"41":0,"42":0,"43":1},"f":{"0":0,"1":0,"2":0,"3":0},"b":{"0":[0],"1":[0],"2":[0],"3":[0],"4":[0],"5":[0],"6":[0],"7":[0,0],"8":[0,0],"9":[0,0],"10":[0]}}
,"/app/src/controllers/customerController.ts": {"path":"/app/src/controllers/customerController.ts","statementMap":{"0":{"start":{"line":2,"column":0},"end":{"line":2,"column":71}},"1":{"start":{"line":3,"column":0},"end":{"line":3,"column":40}},"2":{"start":{"line":4,"column":0},"end":{"line":4,"column":null}},"3":{"start":{"line":12,"column":11},"end":{"line":12,"column":31}},"4":{"start":{"line":13,"column":69},"end":{"line":13,"column":71}},"5":{"start":{"line":18,"column":28},"end":{"line":103,"column":2}},"6":{"start":{"line":18,"column":81},"end":{"line":103,"column":2}},"7":{"start":{"line":19,"column":2},"end":{"line":102,"column":3}},"8":{"start":{"line":21,"column":29},"end":{"line":21,"column":72}},"9":{"start":{"line":22,"column":4},"end":{"line":24,"column":5}},"10":{"start":{"line":23,"column":6},"end":{"line":23,"column":36}},"11":{"start":{"line":26,"column":55},"end":{"line":26,"column":60}},"12":{"start":{"line":29,"column":33},"end":{"line":29,"column":35}},"13":{"start":{"line":31,"column":4},"end":{"line":38,"column":5}},"14":{"start":{"line":32,"column":6},"end":{"line":37,"column":8}},"15":{"start":{"line":41,"column":19},"end":{"line":41,"column":37}},"16":{"start":{"line":44,"column":27},"end":{"line":44,"column":29}},"17":{"start":{"line":45,"column":4},"end":{"line":53,"column":5}},"18":{"start":{"line":46,"column":6},"end":{"line":46,"column":98}},"19":{"start":{"line":47,"column":11},"end":{"line":53,"column":5}},"20":{"start":{"line":48,"column":6},"end":{"line":48,"column":89}},"21":{"start":{"line":49,"column":11},"end":{"line":53,"column":5}},"22":{"start":{"line":50,"column":6},"end":{"line":50,"column":94}},"23":{"start":{"line":52,"column":6},"end":{"line":52,"column":54}},"24":{"start":{"line":56,"column":28},"end":{"line":84,"column":6}},"25":{"start":{"line":86,"column":23},"end":{"line":86,"column":54}},"26":{"start":{"line":88,"column":4},"end":{"line":98,"column":8}},"27":{"start":{"line":101,"column":4},"end":{"line":101,"column":77}},"28":{"start":{"line":18,"column":13},"end":{"line":18,"column":28}},"29":{"start":{"line":108,"column":31},"end":{"line":189,"column":2}},"30":{"start":{"line":108,"column":84},"end":{"line":189,"column":2}},"31":{"start":{"line":109,"column":2},"end":{"line":188,"column":3}},"32":{"start":{"line":111,"column":29},"end":{"line":111,"column":66}},"33":{"start":{"line":112,"column":4},"end":{"line":114,"column":5}},"34":{"start":{"line":113,"column":6},"end":{"line":113,"column":36}},"35":{"start":{"line":116,"column":19},"end":{"line":116,"column":24}},"36":{"start":{"line":118,"column":21},"end":{"line":143,"column":6}},"37":{"start":{"line":145,"column":4},"end":{"line":147,"column":5}},"38":{"start":{"line":146,"column":6},"end":{"line":146,"column":52}},"39":{"start":{"line":150,"column":34},"end":{"line":151,"column":null}},"40":{"start":{"line":151,"column":20},"end":{"line":151,"column":null}},"41":{"start":{"line":154,"column":23},"end":{"line":155,"column":null}},"42":{"start":{"line":155,"column":33},"end":{"line":155,"column":60}},"43":{"start":{"line":158,"column":25},"end":{"line":160,"column":9}},"44":{"start":{"line":163,"column":30},"end":{"line":163,"column":32}},"45":{"start":{"line":164,"column":4},"end":{"line":169,"column":7}},"46":{"start":{"line":165,"column":26},"end":{"line":165,"column":43}},"47":{"start":{"line":166,"column":6},"end":{"line":168,"column":7}},"48":{"start":{"line":167,"column":8},"end":{"line":167,"column":73}},"49":{"start":{"line":171,"column":29},"end":{"line":174,"column":18}},"50":{"start":{"line":172,"column":38},"end":{"line":172,"column":60}},"51":{"start":{"line":173,"column":32},"end":{"line":173,"column":49}},"52":{"start":{"line":176,"column":24},"end":{"line":181,"column":null}},"53":{"start":{"line":184,"column":4},"end":{"line":184,"column":86}},"54":{"start":{"line":187,"column":4},"end":{"line":187,"column":84}},"55":{"start":{"line":108,"column":13},"end":{"line":108,"column":31}},"56":{"start":{"line":194,"column":30},"end":{"line":237,"column":2}},"57":{"start":{"line":194,"column":96},"end":{"line":237,"column":2}},"58":{"start":{"line":195,"column":2},"end":{"line":236,"column":3}},"59":{"start":{"line":197,"column":29},"end":{"line":197,"column":68}},"60":{"start":{"line":198,"column":4},"end":{"line":200,"column":5}},"61":{"start":{"line":199,"column":6},"end":{"line":199,"column":36}},"62":{"start"
[...]
5":{"start":{"line":12,"column":2},"end":{"line":14,"column":3}},"6":{"start":{"line":13,"column":4},"end":{"line":13,"column":33}},"7":{"start":{"line":15,"column":2},"end":{"line":15,"column":27}},"8":{"start":{"line":5,"column":13},"end":{"line":5,"column":31}},"9":{"start":{"line":18,"column":31},"end":{"line":34,"column":1}},"10":{"start":{"line":23,"column":2},"end":{"line":29,"column":3}},"11":{"start":{"line":24,"column":4},"end":{"line":28,"column":6}},"12":{"start":{"line":31,"column":2},"end":{"line":33,"column":4}},"13":{"start":{"line":18,"column":13},"end":{"line":18,"column":31}},"14":{"start":{"line":36,"column":23},"end":{"line":38,"column":1}},"15":{"start":{"line":37,"column":2},"end":{"line":37,"column":32}},"16":{"start":{"line":36,"column":13},"end":{"line":36,"column":23}}},"fnMap":{"0":{"name":"(anonymous_0)","decl":{"start":{"line":5,"column":31},"end":{"line":5,"column":32}},"loc":{"start":{"line":5,"column":58},"end":{"line":16,"column":1}}},"1":{"name":"(anonymous_1)","decl":{"start":{"line":18,"column":31},"end":{"line":18,"column":32}},"loc":{"start":{"line":22,"column":4},"end":{"line":34,"column":1}}},"2":{"name":"(anonymous_2)","decl":{"start":{"line":36,"column":23},"end":{"line":36,"column":24}},"loc":{"start":{"line":36,"column":58},"end":{"line":38,"column":1}}}},"branchMap":{"0":{"loc":{"start":{"line":6,"column":2},"end":{"line":8,"column":3}},"type":"if","locations":[{"start":{"line":6,"column":2},"end":{"line":8,"column":3}}]},"1":{"loc":{"start":{"line":9,"column":2},"end":{"line":11,"column":3}},"type":"if","locations":[{"start":{"line":9,"column":2},"end":{"line":11,"column":3}}]},"2":{"loc":{"start":{"line":12,"column":2},"end":{"line":14,"column":3}},"type":"if","locations":[{"start":{"line":12,"column":2},"end":{"line":14,"column":3}}]},"3":{"loc":{"start":{"line":12,"column":6},"end":{"line":12,"column":62}},"type":"binary-expr","locations":[{"start":{"line":12,"column":6},"end":{"line":12,"column":11}},{"start":{"line":12,"column":15},"end":{"line":12,"column":40}},{"start":{"line":12,"column":44},"end":{"line":12,"column":62}}]},"4":{"loc":{"start":{"line":23,"column":2},"end":{"line":29,"column":3}},"type":"if","locations":[{"start":{"line":23,"column":2},"end":{"line":29,"column":3}}]}},"s":{"0":0,"1":0,"2":0,"3":0,"4":0,"5":0,"6":0,"7":0,"8":0,"9":0,"10":0,"11":0,"12":0,"13":0,"14":0,"15":0,"16":0},"f":{"0":0,"1":0,"2":0},"b":{"0":[0],"1":[0],"2":[0],"3":[0,0,0],"4":[0]}}
,"/app/src/utils/hashUtils.ts": {"path":"/app/src/utils/hashUtils.ts","statementMap":{"0":{"start":{"line":1,"column":0},"end":{"line":1,"column":49}},"1":{"start":{"line":11,"column":4},"end":{"line":11,"column":59}},"2":{"start":{"line":18,"column":26},"end":{"line":18,"column":53}},"3":{"start":{"line":19,"column":17},"end":{"line":19,"column":50}},"4":{"start":{"line":21,"column":4},"end":{"line":24,"column":6}},"5":{"start":{"line":31,"column":17},"end":{"line":31,"column":36}},"6":{"start":{"line":32,"column":17},"end":{"line":32,"column":45}},"7":{"start":{"line":35,"column":4},"end":{"line":35,"column":29}},"8":{"start":{"line":42,"column":4},"end":{"line":52,"column":5}},"9":{"start":{"line":43,"column":27},"end":{"line":43,"column":52}},"10":{"start":{"line":44,"column":6},"end":{"line":46,"column":7}},"11":{"start":{"line":45,"column":8},"end":{"line":45,"column":21}},"12":{"start":{"line":48,"column":22},"end":{"line":48,"column":50}},"13":{"start":{"line":49,"column":6},"end":{"line":49,"column":30}},"14":{"start":{"line":51,"column":6},"end":{"line":51,"column":19}},"15":{"start":{"line":59,"column":4},"end":{"line":59,"column":47}},"16":{"start":{"line":66,"column":4},"end":{"line":66,"column":47}},"17":{"start":{"line":73,"column":4},"end":{"line":73,"column":56}},"18":{"start":{"line":80,"column":4},"end":{"line":80,"column":68}},"19":{"start":{"line":6,"column":0},"end":{"line":6,"column":13}}},"fnMap":{"0":{"name":"(anonymous_0)","decl":{"start":{"line":10,"column":2},"end":{"line":10,"column":8}},"loc":{"start":{"line":10,"column":28},"end":{"line":12,"column":3}}},"1":{"name":"(anonymous_1)","decl":{"start":{"line":17,"column":2},"end":{"line":17,"column":8}},"loc":{"start":{"line":17,"column":51},"end":{"line":25,"column":3}}},"2":{"name":"(anonymous_2)","decl":{"start":{"line":30,"column":2},"end":{"line":30,"column":8}},"loc":{"start":{"line":30,"column":38},"end":{"line":36,"column":3}}},"3":{"name":"(anonymous_3)","decl":{"start":{"line":41,"column":2},"end":{"line":41,"column":8}},"loc":{"start":{"line":41,"column":64},"end":{"line":53,"column":3}}},"4":{"name":"(anonymous_4)","decl":{"start":{"line":58,"column":2},"end":{"line":58,"column":8}},"loc":{"start":{"line":58,"column":41},"end":{"line":60,"column":3}}},"5":{"name":"(anonymous_5)","decl":{"start":{"line":65,"column":2},"end":{"line":65,"column":8}},"loc":{"start":{"line":65,"column":42},"end":{"line":67,"column":3}}},"6":{"name":"(anonymous_6)","decl":{"start":{"line":72,"column":2},"end":{"line":72,"column":8}},"loc":{"start":{"line":72,"column":25},"end":{"line":74,"column":3}}},"7":{"name":"(anonymous_7)","decl":{"start":{"line":79,"column":2},"end":{"line":79,"column":8}},"loc":{"start":{"line":79,"column":48},"end":{"line":81,"column":3}}}},"branchMap":{"0":{"loc":{"start":{"line":18,"column":26},"end":{"line":18,"column":53}},"type":"binary-expr","locations":[{"start":{"line":18,"column":26},"end":{"line":18,"column":30}},{"start":{"line":18,"column":34},"end":{"line":18,"column":53}}]},"1":{"loc":{"start":{"line":44,"column":6},"end":{"line":46,"column":7}},"type":"if","locations":[{"start":{"line":44,"column":6},"end":{"line":46,"column":7}}]},"2":{"loc":{"start":{"line":44,"column":10},"end":{"line":44,"column":24}},"type":"binary-expr","locations":[{"start":{"line":44,"column":10},"end":{"line":44,"column":15}},{"start":{"line":44,"column":19},"end":{"line":44,"column":24}}]},"3":{"loc":{"start":{"line":58,"column":22},"end":{"line":58,"column":41}},"type":"default-arg","locations":[{"start":{"line":58,"column":39},"end":{"line":58,"column":41}}]},"4":{"loc":{"start":{"line":65,"column":23},"end":{"line":65,"column":42}},"type":"default-arg","locations":[{"start":{"line":65,"column":40},"end":{"line":65,"column":42}}]}},"s":{"0":1,"1":0,"2":0,"3":0,"4":0,"5":0,"6":0,"7":0,"8":0,"9":0,"10":0,"11":0,"12":0,"13":0,"14":0,"15":0,"16":0,"17":0,"18":0,"19":1},"f":{"0":0,"1":0,"2":0,"3":0,"4":0,"5":0,"6":0,"7":0},"b":{"0":[0,0],"1":[0],"2":[0,0],"3":[0],"4":[0]}}
,"/app/src/utils/index.ts": {"path":"/app/src/utils/index.ts","statementMap":{"0":{"start":{"line":1,"column":0},"end":{"line":1,"column":9}},"1":{"start":{"line":1,"column":9},"end":{"line":1,"column":43}},"2":{"start":{"line":2,"column":0},"end":{"line":2,"column":9}},"3":{"start":{"line":2,"column":9},"end":{"line":2,"column":38}},"4":{"start":{"line":4,"column":0},"end":{"line":4,"column":9}},"5":{"start":{"line":4,"column":9},"end":{"line":4,"column":40}},"6":{"start":{"line":5,"column":0},"end":{"line":5,"column":9}},"7":{"start":{"line":5,"column":9},"end":{"line":5,"column":58}}},"fnMap":{"0":{"name":"(anonymous_0)","decl":{"start":{"line":1,"column":9},"end":{"line":1,"column":19}},"loc":{"start":{"line":1,"column":9},"end":{"line":1,"column":43}}},"1":{"name":"(anonymous_1)","decl":{"start":{"line":2,"column":9},"end":{"line":2,"column":17}},"loc":{"start":{"line":2,"column":9},"end":{"line":2,"column":38}}},"2":{"name":"(anonymous_2)","decl":{"start":{"line":4,"column":9},"end":{"line":4,"column":18}},"loc":{"start":{"line":4,"column":9},"end":{"line":4,"column":40}}},"3":{"name":"(anonymous_3)","decl":{"start":{"line":5,"column":9},"end":{"line":5,"column":30}},"loc":{"start":{"line":5,"column":9},"end":{"line":5,"column":58}}}},"branchMap":{},"s":{"0":1,"1":5,"2":1,"3":1,"4":1,"5":1,"6":1,"7":1},"f":{"0":4,"1":0,"2":0,"3":0},"b":{}}
,"/app/src/utils/logUtils.ts": {"path":"/app/src/utils/logUtils.ts","statementMap":{"0":{"start":{"line":1,"column":0},"end":{"line":1,"column":20}},"1":{"start":{"line":2,"column":0},"end":{"line":2,"column":24}},"2":{"start":{"line":3,"column":0},"end":{"line":3,"column":38}},"3":{"start":{"line":13,"column":28},"end":{"line":32,"column":null}},"4":{"start":{"line":14,"column":4},"end":{"line":31,"column":5}},"5":{"start":{"line":15,"column":21},"end":{"line":15,"column":53}},"6":{"start":{"line":16,"column":20},"end":{"line":16,"column":53}},"7":{"start":{"line":17,"column":25},"end":{"line":17,"column":35}},"8":{"start":{"line":18,"column":6},"end":{"line":18,"column":60}},"9":{"start":{"line":20,"column":6},"end":{"line":28,"column":7}},"10":{"start":{"line":21,"column":25},"end":{"line":21,"column":48}},"11":{"start":{"line":22,"column":22},"end":{"line":22,"column":54}},"12":{"start":{"line":24,"column":8},"end":{"line":27,"column":9}},"13":{"start":{"line":25,"column":10},"end":{"line":25,"column":45}},"14":{"start":{"line":26,"column":10},"end":{"line":26,"column":79}},"15":{"start":{"line":30,"column":6},"end":{"line":30,"column":57}},"16":{"start":{"line":38,"column":4},"end":{"line":53,"column":5}},"17":{"start":{"line":39,"column":21},"end":{"line":39,"column":53}},"18":{"start":{"line":40,"column":20},"end":{"line":40,"column":53}},"19":{"start":{"line":41,"column":22},"end":{"line":41,"column":23}},"20":{"start":{"line":43,"column":6},"end":{"line":47,"column":7}},"21":{"start":{"line":44,"column":25},"end":{"line":44,"column":48}},"22":{"start":{"line":45,"column":22},"end":{"line":45,"column":54}},"23":{"start":{"line":46,"column":8},"end":{"line":46,"column":32}},"24":{"start":{"line":49,"column":6},"end":{"line":49,"column":23}},"25":{"start":{"line":51,"column":6},"end":{"line":51,"column":70}},"26":{"start":{"line":52,"column":6},"end":{"line":52,"column":15}},"27":{"start":{"line":60,"column":4},"end":{"line":65,"column":5}},"28":{"start":{"line":61,"column":21},"end":{"line":61,"column":53}},"29":{"start":{"line":62,"column":6},"end":{"line":62,"column":59}},"30":{"start":{"line":64,"column":6},"end":{"line":64,"column":60}},"31":{"start":{"line":8,"column":0},"end":{"line":8,"column":13}},"32":{"start":{"line":77,"column":4},"end":{"line":77,"column":23}},"33":{"start":{"line":78,"column":4},"end":{"line":78,"column":32}},"34":{"start":{"line":82,"column":21},"end":{"line":82,"column":48}},"35":{"start":{"line":84,"column":4},"end":{"line":89,"column":7}},"36":{"start":{"line":91,"column":4},"end":{"line":91,"column":20}},"37":{"start":{"line":95,"column":4},"end":{"line":105,"column":7}},"38":{"start":{"line":95,"column":49},"end":{"line":105,"column":6}},"39":{"start":{"line":96,"column":22},"end":{"line":96,"column":51}},"40":{"start":{"line":97,"column":6},"end":{"line":104,"column":7}},"41":{"start":{"line":98,"column":23},"end":{"line":98,"column":40}},"42":{"start":{"line":99,"column":8},"end":{"line":99,"column":39}},"43":{"start":{"line":100,"column":8},"end":{"line":100,"column":24}},"44":{"start":{"line":102,"column":8},"end":{"line":102,"column":103}},"45":{"start":{"line":103,"column":8},"end":{"line":103,"column":22}},"46":{"start":{"line":72,"column":0},"end":{"line":72,"column":13}}},"fnMap":{"0":{"name":"(anonymous_8)","decl":{"start":{"line":13,"column":2},"end":{"line":13,"column":8}},"loc":{"start":{"line":13,"column":27},"end":{"line":32,"column":null}}},"1":{"name":"(anonymous_9)","decl":{"start":{"line":13,"column":28},"end":{"line":13,"column":49}},"loc":{"start":{"line":13,"column":51},"end":{"line":32,"column":3}}},"2":{"name":"(anonymous_10)","decl":{"start":{"line":37,"column":2},"end":{"line":37,"column":8}},"loc":{"start":{"line":37,"column":34},"end":{"line":54,"column":null}}},"3":{"name":"(anonymous_12)","decl":{"start":{"line":59,"column":2},"end":{"line":59,"column":8}},"loc":{"start":{"line":59,"column":33},"end":{"line":66,"column":null}}},"4":{"name":"(anonymous_14)","decl":{"start":{"line":76,"column":2},"end":{"line":76,"column":14}},"loc":{"start":{"line":76,"column":27},"end":{"line":79,"column":3}}},"5":{"name":"(anonymous_15)","decl":{"start":{"line":81,"column":2},"end":{"line":81,"column":5}},"loc":{"start":{"line":81,"column":16},"end":{"line":92,"column":3}}},"6":{"name":"(anonymous_16)","decl":{"start":{"line":94,"column":2},"end":{"line":94,"column":8}},"loc":{"start":{"line":94,"column":60},"end":{"line":106,"column":3}}},"7":{"name":"(anonymous_17)","decl":{"start":{"line":95,"column":23},"end":{"line":95,"column":30}},"loc":{"start":{"line":95,"column":49},"end":{"line":105,"column":6}}},"8":{"name":"(anonymous_18)","decl":{"start":{"line":95,"column":49},"end":{"line":95,"column":null}},"loc":{"start":{"line":95,"column":49},"end":{"line":105,"column":5}}}},"branchMap":{"0":{"loc":{"start":{"line":13,"column":28},"end":{"line":13,"column":51}},"type":"default-arg","locations":[{"start":{"line":13,"column":49},"end":{"line":13,"column":51}}]},"1":{"loc":{"start":{"line":24,"column":8},"end":{"line":27,"column":9}},"type":"if","locations":[{"start":{"line":24,"column":8},"end":{"line":27,"column":9}}]},"2":{"loc":{"start":{"line":102,"column":45},"end":{"line":102,"column":99}},"type":"cond-expr","locations":[{"start":{"line":102,"column":70},"end":{"line":102,"column":83}},{"start":{"line":102,"column":86},"end":{"line":102,"column":99}}]}},"s":{"0":1,"1":1,"2":1,"3":0,"4":0,"5":0,"6":0,"7":0,"8":0,"9":0,"10":0,"11":0,"12":0,"13":0,"14":0,"15":0,"16":0,"17":0,"18":0,"19":0,"20":0,"21":0,"22":0,"23":0,"24":0,"25":0,"26":0,"27":1,"28":1,"29":1,"30":0,"31":1,"32":0,"33":0,"34":0,"35":0,"36":0,"37":0,"38":0,"39":0,"40":0,"41":0,"42":0,"43":0,"44":0,"45":0,"46":1},"f":{"0":0,"1":0,"2":0,"3":1,"4":0,"5":0,"6":0,"7":0,"8":0},"b":{"0":[0],"1":[0],"2":[0,0]}}
,"/app/src/validations/adminValidation.ts": {"path":"/app/src/validations/adminValidation.ts","statementMap":{"0":{"start":{"line":1,"column":0},"end":{"line":1,"column":22}},"1":{"start":{"line":4,"column":13},"end":{"line":61,"column":3}},"2":{"start":{"line":66,"column":13},"end":{"line":112,"column":3}},"3":{"start":{"line":117,"column":13},"end":{"line":137,"column":3}},"4":{"start":{"line":142,"column":13},"end":{"line":153,"column":3}},"5":{"start":{"line":158,"column":13},"end":{"line":203,"column":3}}},"fnMap":{},"branchMap":{},"s":{"0":1,"1":1,"2":1,"3":1,"4":1,"5":1},"f":{},"b":{}}
,"/app/src/validations/appointmentValidation.ts": {"path":"/app/src/validations/appointmentValidation.ts","statementMap":{"0":{"start":{"line":1,"column":0},"end":{"line":1,"column":22}},"1":{"start":{"line":6,"column":13},"end":{"line":56,"column":3}},"2":{"start":{"line":61,"column":13},"end":{"line":72,"column":3}},"3":{"start":{"line":77,"column":13},"end":{"line":80,"column":3}},"4":{"start":{"line":85,"column":13},"end":{"line":87,"column":3}},"5":{"start":{"line":92,"column":13},"end":{"line":96,"column":3}}},"fnMap":{},"branchMap":{},"s":{"0":1,"1":1,"2":1,"3":1,"4":1,"5":1},"f":{},"b":{}}
,"/app/src/validations/authValidation.ts": {"path":"/app/src/validations/authValidation.ts","statementMap":{"0":{"start":{"line":1,"column":0},"end":{"line":1,"column":22}},"1":{"start":{"line":6,"column":13},"end":{"line":26,"column":3}},"2":{"start":{"line":31,"column":13},"end":{"line":51,"column":3}},"3":{"start":{"line":56,"column":13},"end":{"line":75,"column":3}},"4":{"start":{"line":80,"column":13},"end":{"line":106,"column":3}},"5":{"start":{"line":111,"column":13},"end":{"line":164,"column":3}}},"fnMap":{},"branchMap":{},"s":{"0":1,"1":1,"2":1,"3":1,"4":1,"5":1},"f":{},"b":{}}
,"/app/src/validations/contactValidation.ts": {"path":"/app/src/validations/contactValidation.ts","statementMap":{"0":{"start":{"line":1,"column":0},"end":{"line":1,"column":22}},"1":{"start":{"line":6,"column":13},"end":{"line":54,"column":3}},"2":{"start":{"line":59,"column":13},"end":{"line":72,"column":3}},"3":{"start":{"line":77,"column":13},"end":{"line":84,"column":3}},"4":{"start":{"line":89,"column":13},"end":{"line":100,"column":3}},"5":{"start":{"line":105,"column":13},"end":{"line":118,"column":3}}},"fnMap":{},"branchMap":{},"s":{"0":1,"1":1,"2":1,"3":1,"4":1,"5":1},"f":{},"b":{}}
,"/app/src/validations/contentValidation.ts": {"path":"/app/src/validations/contentValidation.ts","statementMap":{"0":{"start":{"line":1,"column":0},"end":{"line":1,"column":22}},"1":{"start":{"line":6,"column":13},"end":{"line":34,"column":3}},"2":{"start":{"line":39,"column":13},"end":{"line":81,"column":3}},"3":{"start":{"line":86,"column":13},"end":{"line":94,"column":3}},"4":{"start":{"line":99,"column":13},"end":{"line":106,"column":3}}},"fnMap":{},"branchMap":{},"s":{"0":1,"1":1,"2":1,"3":1,"4":1},"f":{},"b":{}}
,"/app/src/validations/customerValidation.ts": {"path":"/app/src/validations/customerValidation.ts","statementMap":{"0":{"start":{"line":1,"column":0},"end":{"line":1,"column":22}},"1":{"start":{"line":6,"column":13},"end":{"line":12,"column":3}},"2":{"start":{"line":17,"column":13},"end":{"line":19,"column":3}},"3":{"start":{"line":24,"column":13},"end":{"line":61,"column":3}},"4":{"start":{"line":66,"column":13},"end":{"line":101,"column":3}}},"fnMap":{},"branchMap":{},"s":{"0":1,"1":1,"2":1,"3":1,"4":1},"f":{},"b":{}}
,"/app/src/validations/reportValidation.ts": {"path":"/app/src/validations/reportValidation.ts","statementMap":{"0":{"start":{"line":1,"column":0},"end":{"line":1,"column":22}},"1":{"start":{"line":6,"column":13},"end":{"line":36,"column":3}},"2":{"start":{"line":41,"column":13},"end":{"line":71,"column":3}},"3":{"start":{"line":76,"column":13},"end":{"line":96,"column":3}},"4":{"start":{"line":101,"column":13},"end":{"line":127,"column":3}},"5":{"start":{"line":132,"column":13},"end":{"line":153,"column":3}}},"fnMap":{},"branchMap":{},"s":{"0":1,"1":1,"2":1,"3":1,"4":1,"5":1},"f":{},"b":{}}
,"/app/src/validations/serviceValidation.ts": {"path":"/app/src/validations/serviceValidation.ts","statementMap":{"0":{"start":{"line":1,"column":0},"end":{"line":1,"column":22}},"1":{"start":{"line":6,"column":13},"end":{"line":37,"column":3}},"2":{"start":{"line":42,"column":13},"end":{"line":51,"column":3}},"3":{"start":{"line":56,"column":13},"end":{"line":69,"column":3}},"4":{"start":{"line":74,"column":13},"end":{"line":80,"column":3}},"5":{"start":{"line":85,"column":13},"end":{"line":98,"column":3}},"6":{"start":{"line":103,"column":13},"end":{"line":110,"column":3}},"7":{"start":{"line":115,"column":13},"end":{"line":122,"column":3}},"8":{"start":{"line":127,"column":13},"end":{"line":134,"column":3}}},"fnMap":{},"branchMap":{},"s":{"0":1,"1":1,"2":1,"3":1,"4":1,"5":1,"6":1,"7":1,"8":1},"f":{},"b":{}}
,"/app/src/validations/settingsValidation.ts": {"path":"/app/src/validations/settingsValidation.ts","statementMap":{"0":{"start":{"line":1,"column":0},"end":{"line":1,"column":22}},"1":{"start":{"line":6,"column":13},"end":{"line":55,"column":3}},"2":{"start":{"line":60,"column":13},"end":{"line":105,"column":3}},"3":{"start":{"line":110,"column":13},"end":{"line":142,"column":3}},"4":{"start":{"line":147,"column":13},"end":{"line":200,"column":3}},"5":{"start":{"line":205,"column":13},"end":{"line":226,"column":3}},"6":{"start":{"line":231,"column":13},"end":{"line":256,"column":3}},"7":{"start":{"line":261,"column":13},"end":{"line":277,"column":3}},"8":{"start":{"line":282,"column":13},"end":{"line":289,"column":3}}},"fnMap":{},"branchMap":{},"s":{"0":0,"1":0,"2":0,"3":0,"4":0,"5":0,"6":0,"7":0,"8":0},"f":{},"b":{}}
,"/app/src/validations/staffValidation.ts": {"path":"/app/src/validations/staffValidation.ts","statementMap":{"0":{"start":{"line":1,"column":0},"end":{"line":1,"column":22}},"1":{"start":{"line":6,"column":13},"end":{"line":13,"column":3}},"2":{"start":{"line":18,"column":13},"end":{"line":20,"column":3}},"3":{"start":{"line":25,"column":13},"end":{"line":81,"column":3}},"4":{"start":{"line":86,"column":13},"end":{"line":141,"column":3}},"5":{"start":{"line":146,"column":13},"end":{"line":160,"column":3}}},"fnMap":{},"branchMap":{},"s":{"0":1,"1":1,"2":1,"3":1,"4":1,"5":1},"f":{},"b":{}}
}
