{"/app/src/config/cors.ts": {"path":"/app/src/config/cors.ts","statementMap":{"0":{"start":{"line":1,"column":0},"end":{"line":1,"column":25}},"1":{"start":{"line":4,"column":13},"end":{"line":15,"column":4}}},"fnMap":{},"branchMap":{},"s":{"0":0,"1":0},"f":{},"b":{}}
,"/app/src/config/database.ts": {"path":"/app/src/config/database.ts","statementMap":{"0":{"start":{"line":1,"column":0},"end":{"line":1,"column":38}},"1":{"start":{"line":2,"column":0},"end":{"line":2,"column":26}},"2":{"start":{"line":3,"column":0},"end":{"line":3,"column":30}},"3":{"start":{"line":5,"column":24},"end":{"line":10,"column":1}},"4":{"start":{"line":6,"column":2},"end":{"line":8,"column":3}},"5":{"start":{"line":7,"column":4},"end":{"line":7,"column":25}},"6":{"start":{"line":9,"column":2},"end":{"line":9,"column":27}},"7":{"start":{"line":11,"column":15},"end":{"line":31,"column":2}},"8":{"start":{"line":33,"column":13},"end":{"line":33,"column":47}},"9":{"start":{"line":35,"column":30},"end":{"line":52,"column":1}},"10":{"start":{"line":36,"column":2},"end":{"line":51,"column":3}},"11":{"start":{"line":37,"column":4},"end":{"line":37,"column":35}},"12":{"start":{"line":38,"column":4},"end":{"line":42,"column":7}},"13":{"start":{"line":43,"column":4},"end":{"line":43,"column":16}},"14":{"start":{"line":45,"column":4},"end":{"line":49,"column":7}},"15":{"start":{"line":50,"column":4},"end":{"line":50,"column":17}},"16":{"start":{"line":35,"column":13},"end":{"line":35,"column":30}},"17":{"start":{"line":53,"column":41},"end":{"line":69,"column":1}},"18":{"start":{"line":54,"column":2},"end":{"line":68,"column":3}},"19":{"start":{"line":55,"column":4},"end":{"line":55,"column":27}},"20":{"start":{"line":56,"column":22},"end":{"line":56,"column":26}},"21":{"start":{"line":57,"column":4},"end":{"line":60,"column":7}},"22":{"start":{"line":61,"column":4},"end":{"line":61,"column":47}},"23":{"start":{"line":62,"column":4},"end":{"line":62,"column":60}},"24":{"start":{"line":64,"column":4},"end":{"line":66,"column":7}},"25":{"start":{"line":67,"column":4},"end":{"line":67,"column":16}},"26":{"start":{"line":53,"column":13},"end":{"line":53,"column":41}},"27":{"start":{"line":70,"column":27},"end":{"line":89,"column":1}},"28":{"start":{"line":71,"column":2},"end":{"line":88,"column":3}},"29":{"start":{"line":72,"column":22},"end":{"line":72,"column":32}},"30":{"start":{"line":73,"column":4},"end":{"line":73,"column":35}},"31":{"start":{"line":74,"column":25},"end":{"line":74,"column":47}},"32":{"start":{"line":75,"column":4},"end":{"line":80,"column":6}},"33":{"start":{"line":82,"column":4},"end":{"line":87,"column":6}},"34":{"start":{"line":70,"column":13},"end":{"line":70,"column":27}},"35":{"start":{"line":90,"column":31},"end":{"line":100,"column":1}},"36":{"start":{"line":91,"column":2},"end":{"line":99,"column":3}},"37":{"start":{"line":92,"column":4},"end":{"line":92,"column":28}},"38":{"start":{"line":93,"column":4},"end":{"line":93,"column":46}},"39":{"start":{"line":95,"column":4},"end":{"line":97,"column":7}},"40":{"start":{"line":98,"column":4},"end":{"line":98,"column":16}},"41":{"start":{"line":90,"column":13},"end":{"line":90,"column":31}},"42":{"start":{"line":101,"column":0},"end":{"line":101,"column":25}}},"fnMap":{"0":{"name":"(anonymous_1)","decl":{"start":{"line":5,"column":24},"end":{"line":5,"column":25}},"loc":{"start":{"line":5,"column":51},"end":{"line":10,"column":1}}},"1":{"name":"(anonymous_2)","decl":{"start":{"line":35,"column":30},"end":{"line":35,"column":35}},"loc":{"start":{"line":35,"column":59},"end":{"line":52,"column":1}}},"2":{"name":"(anonymous_3)","decl":{"start":{"line":53,"column":41},"end":{"line":53,"column":46}},"loc":{"start":{"line":53,"column":67},"end":{"line":69,"column":1}}},"3":{"name":"(anonymous_4)","decl":{"start":{"line":70,"column":27},"end":{"line":70,"column":32}},"loc":{"start":{"line":70,"column":38},"end":{"line":89,"column":1}}},"4":{"name":"(anonymous_5)","decl":{"start":{"line":90,"column":31},"end":{"line":90,"column":36}},"loc":{"start":{"line":90,"column":57},"end":{"line":100,"column":1}}}},"branchMap":{"0":{"loc":{"start":{"line":6,"column":2},"end":{"line":8,"column":3}},"type":"if","locations":[{"start":{"line":6,"column":2},"end":{"line":8,"column":3}}]}},"s":{"0":1,"1":1,"2":1,"3":1,"4":0,"5":0,"6":0,"7":1,"8":1,"9":1,"10":0,"11":0,"12":0,"13":0,"14":0,"15":0,"16":1,"17":1,"18":0,"19":0,"20":0,"21":0,"22":0,"23":0,"24":0,"25":0,"26":1,"27":1,"28":0,"29":0,"30":0,"31":0,"32":0,"33":0,"34":1,"35":1,"36":0,"37":0,"38":0,"39":0,"40":0,"41":1,"42":1},"f":{"0":0,"1":0,"2":0,"3":0,"4":0},"b":{"0":[0]}}
,"/app/src/config/env.ts": {"path":"/app/src/config/env.ts","statementMap":{"0":{"start":{"line":2,"column":0},"end":{"line":2,"column":28}},"1":{"start":{"line":4,"column":0},"end":{"line":6,"column":3}},"2":{"start":{"line":8,"column":13},"end":{"line":26,"column":2}},"3":{"start":{"line":28,"column":0},"end":{"line":28,"column":22}}},"fnMap":{},"branchMap":{"0":{"loc":{"start":{"line":5,"column":18},"end":{"line":5,"column":55}},"type":"binary-expr","locations":[{"start":{"line":5,"column":18},"end":{"line":5,"column":38}},{"start":{"line":5,"column":42},"end":{"line":5,"column":55}}]},"1":{"loc":{"start":{"line":9,"column":14},"end":{"line":9,"column":51}},"type":"binary-expr","locations":[{"start":{"line":9,"column":14},"end":{"line":9,"column":34}},{"start":{"line":9,"column":38},"end":{"line":9,"column":51}}]},"2":{"loc":{"start":{"line":10,"column":13},"end":{"line":10,"column":47}},"type":"binary-expr","locations":[{"start":{"line":10,"column":13},"end":{"line":10,"column":32}},{"start":{"line":10,"column":36},"end":{"line":10,"column":47}}]},"3":{"loc":{"start":{"line":11,"column":22},"end":{"line":11,"column":51}},"type":"binary-expr","locations":[{"start":{"line":11,"column":22},"end":{"line":11,"column":41}},{"start":{"line":11,"column":45},"end":{"line":11,"column":51}}]},"4":{"loc":{"start":{"line":12,"column":13},"end":{"line":12,"column":47}},"type":"binary-expr","locations":[{"start":{"line":12,"column":13},"end":{"line":12,"column":32}},{"start":{"line":12,"column":36},"end":{"line":12,"column":47}}]},"5":{"loc":{"start":{"line":13,"column":13},"end":{"line":13,"column":46}},"type":"binary-expr","locations":[{"start":{"line":13,"column":13},"end":{"line":13,"column":32}},{"start":{"line":13,"column":36},"end":{"line":13,"column":46}}]},"6":{"loc":{"start":{"line":14,"column":17},"end":{"line":14,"column":57}},"type":"binary-expr","locations":[{"start":{"line":14,"column":17},"end":{"line":14,"column":40}},{"start":{"line":14,"column":44},"end":{"line":14,"column":57}}]},"7":{"loc":{"start":{"line":15,"column":19},"end":{"line":15,"column":45}},"type":"binary-expr","locations":[{"start":{"line":15,"column":19},"end":{"line":15,"column":35}},{"start":{"line":15,"column":39},"end":{"line":15,"column":45}}]},"8":{"loc":{"start":{"line":16,"column":20},"end":{"line":16,"column":71}},"type":"binary-expr","locations":[{"start":{"line":16,"column":20},"end":{"line":16,"column":46}},{"start":{"line":16,"column":50},"end":{"line":16,"column":71}}]},"9":{"loc":{"start":{"line":17,"column":25},"end":{"line":17,"column":74}},"type":"binary-expr","locations":[{"start":{"line":17,"column":25},"end":{"line":17,"column":56}},{"start":{"line":17,"column":60},"end":{"line":17,"column":74}}]},"10":{"loc":{"start":{"line":18,"column":15},"end":{"line":18,"column":42}},"type":"binary-expr","locations":[{"start":{"line":18,"column":15},"end":{"line":18,"column":36}},{"start":{"line":18,"column":40},"end":{"line":18,"column":42}}]},"11":{"loc":{"start":{"line":19,"column":24},"end":{"line":19,"column":54}},"type":"binary-expr","locations":[{"start":{"line":19,"column":24},"end":{"line":19,"column":45}},{"start":{"line":19,"column":49},"end":{"line":19,"column":54}}]},"12":{"loc":{"start":{"line":20,"column":15},"end":{"line":20,"column":42}},"type":"binary-expr","locations":[{"start":{"line":20,"column":15},"end":{"line":20,"column":36}},{"start":{"line":20,"column":40},"end":{"line":20,"column":42}}]},"13":{"loc":{"start":{"line":21,"column":15},"end":{"line":21,"column":42}},"type":"binary-expr","locations":[{"start":{"line":21,"column":15},"end":{"line":21,"column":36}},{"start":{"line":21,"column":40},"end":{"line":21,"column":42}}]},"14":{"loc":{"start":{"line":22,"column":35},"end":{"line":22,"column":79}},"type":"binary-expr","locations":[{"start":{"line":22,"column":35},"end":{"line":22,"column":67}},{"start":{"line":22,"column":71},"end":{"line":22,"column":79}}]},"15":{"loc":{"start":{"line":23,"column":38},"end":{"line":23,"column":82}},"type":"binary-expr","locations":[{"start":{"line":23,"column":38},"end":{"line":23,"column":73}},{"start":{"line":23,"column":77},"end":{"line":23,"column":82}}]},"16":{"loc":{"start":{"line":24,"column":12},"end":{"line":24,"column":45}},"type":"binary-expr","locations":[{"start":{"line":24,"column":12},"end":{"line":24,"column":30}},{"start":{"line":24,"column":34},"end":{"line":24,"column":45}}]},"17":{"loc":{"start":{"line":25,"column":15},"end":{"line":25,"column":46}},"type":"binary-expr","locations":[{"start":{"line":25,"column":15},"end":{"line":25,"column":36}},{"start":{"line":25,"column":40},"end":{"line":25,"column":46}}]}},"s":{"0":4,"1":4,"2":4,"3":4},"f":{},"b":{"0":[4,0],"1":[4,0],"2":[4,0],"3":[4,0],"4":[4,0],"5":[4,0],"6":[4,0],"7":[4,0],"8":[4,0],"9":[4,4],"10":[4,4],"11":[4,4],"12":[4,4],"13":[4,4],"14":[4,0],"15":[4,0],"16":[4,0],"17":[4,4]}}
,"/app/src/config/logger.ts": {"path":"/app/src/config/logger.ts","statementMap":{"0":{"start":{"line":1,"column":0},"end":{"line":1,"column":30}},"1":{"start":{"line":2,"column":0},"end":{"line":2,"column":24}},"2":{"start":{"line":3,"column":0},"end":{"line":3,"column":25}},"3":{"start":{"line":5,"column":18},"end":{"line":9,"column":null}},"4":{"start":{"line":12,"column":22},"end":{"line":21,"column":null}},"5":{"start":{"line":16,"column":18},"end":{"line":16,"column":20}},"6":{"start":{"line":17,"column":4},"end":{"line":19,"column":5}},"7":{"start":{"line":18,"column":6},"end":{"line":18,"column":53}},"8":{"start":{"line":20,"column":4},"end":{"line":20,"column":59}},"9":{"start":{"line":24,"column":15},"end":{"line":24,"column":47}},"10":{"start":{"line":25,"column":15},"end":{"line":65,"column":2}},"11":{"start":{"line":66,"column":0},"end":{"line":71,"column":1}},"12":{"start":{"line":67,"column":2},"end":{"line":70,"column":6}},"13":{"start":{"line":72,"column":0},"end":{"line":80,"column":1}},"14":{"start":{"line":73,"column":2},"end":{"line":79,"column":6}},"15":{"start":{"line":81,"column":0},"end":{"line":81,"column":22}},"16":{"start":{"line":82,"column":13},"end":{"line":126,"column":2}},"17":{"start":{"line":84,"column":4},"end":{"line":90,"column":7}},"18":{"start":{"line":93,"column":21},"end":{"line":93,"column":56}},"19":{"start":{"line":94,"column":4},"end":{"line":101,"column":7}},"20":{"start":{"line":104,"column":4},"end":{"line":110,"column":7}},"21":{"start":{"line":113,"column":4},"end":{"line":117,"column":7}},"22":{"start":{"line":120,"column":4},"end":{"line":124,"column":7}}},"fnMap":{"0":{"name":"(anonymous_1)","decl":{"start":{"line":15,"column":24},"end":{"line":15,"column":25}},"loc":{"start":{"line":15,"column":67},"end":{"line":21,"column":3}}},"1":{"name":"(anonymous_2)","decl":{"start":{"line":83,"column":12},"end":{"line":83,"column":13}},"loc":{"start":{"line":83,"column":80},"end":{"line":91,"column":3}}},"2":{"name":"(anonymous_3)","decl":{"start":{"line":92,"column":15},"end":{"line":92,"column":16}},"loc":{"start":{"line":92,"column":97},"end":{"line":102,"column":3}}},"3":{"name":"(anonymous_4)","decl":{"start":{"line":103,"column":8},"end":{"line":103,"column":9}},"loc":{"start":{"line":103,"column":69},"end":{"line":111,"column":3}}},"4":{"name":"(anonymous_5)","decl":{"start":{"line":112,"column":12},"end":{"line":112,"column":13}},"loc":{"start":{"line":112,"column":43},"end":{"line":118,"column":3}}},"5":{"name":"(anonymous_6)","decl":{"start":{"line":119,"column":10},"end":{"line":119,"column":11}},"loc":{"start":{"line":119,"column":40},"end":{"line":125,"column":3}}}},"branchMap":{"0":{"loc":{"start":{"line":17,"column":4},"end":{"line":19,"column":5}},"type":"if","locations":[{"start":{"line":17,"column":4},"end":{"line":19,"column":5}}]},"1":{"loc":{"start":{"line":26,"column":9},"end":{"line":26,"column":33}},"type":"binary-expr","locations":[{"start":{"line":26,"column":9},"end":{"line":26,"column":23}},{"start":{"line":26,"column":27},"end":{"line":26,"column":33}}]},"2":{"loc":{"start":{"line":30,"column":17},"end":{"line":30,"column":47}},"type":"binary-expr","locations":[{"start":{"line":30,"column":17},"end":{"line":30,"column":30}},{"start":{"line":30,"column":34},"end":{"line":30,"column":47}}]},"3":{"loc":{"start":{"line":66,"column":0},"end":{"line":71,"column":1}},"type":"if","locations":[{"start":{"line":66,"column":0},"end":{"line":71,"column":1}}]},"4":{"loc":{"start":{"line":72,"column":0},"end":{"line":80,"column":1}},"type":"if","locations":[{"start":{"line":72,"column":0},"end":{"line":80,"column":1}}]},"5":{"loc":{"start":{"line":88,"column":16},"end":{"line":88,"column":54}},"type":"cond-expr","locations":[{"start":{"line":88,"column":27},"end":{"line":88,"column":42}},{"start":{"line":88,"column":45},"end":{"line":88,"column":54}}]},"6":{"loc":{"start":{"line":93,"column":21},"end":{"line":93,"column":56}},"type":"cond-expr","locations":[{"start":{"line":93,"column":41},"end":{"line":93,"column":47}},{"start":{"line":93,"column":50},"end":{"line":93,"column":56}}]}},"s":{"0":2,"1":2,"2":2,"3":2,"4":2,"5":0,"6":0,"7":0,"8":0,"9":2,"10":2,"11":2,"12":2,"13":2,"14":0,"15":2,"16":2,"17":0,"18":0,"19":0,"20":0,"21":0,"22":0},"f":{"0":0,"1":0,"2":0,"3":0,"4":0,"5":0},"b":{"0":[0],"1":[2,0],"2":[2,0],"3":[2],"4":[0],"5":[0,0],"6":[0,0]}}
,"/app/src/config/session.ts": {"path":"/app/src/config/session.ts","statementMap":{"0":{"start":{"line":1,"column":0},"end":{"line":1,"column":38}},"1":{"start":{"line":2,"column":0},"end":{"line":2,"column":26}},"2":{"start":{"line":4,"column":13},"end":{"line":16,"column":3}}},"fnMap":{},"branchMap":{},"s":{"0":0,"1":0,"2":0},"f":{},"b":{}}
,"/app/src/controllers/adminController.ts": {"path":"/app/src/controllers/adminController.ts","statementMap":{"0":{"start":{"line":2,"column":0},"end":{"line":2,"column":59}},"1":{"start":{"line":3,"column":0},"end":{"line":3,"column":68}},"2":{"start":{"line":4,"column":0},"end":{"line":4,"column":33}},"3":{"start":{"line":8,"column":18},"end":{"line":8,"column":20}},"4":{"start":{"line":10,"column":37},"end":{"line":39,"column":1}},"5":{"start":{"line":11,"column":2},"end":{"line":38,"column":3}},"6":{"start":{"line":12,"column":82},"end":{"line":12,"column":118}},"7":{"start":{"line":13,"column":4},"end":{"line":15,"column":5}},"8":{"start":{"line":14,"column":6},"end":{"line":14,"column":36}},"9":{"start":{"line":16,"column":65},"end":{"line":16,"column":70}},"10":{"start":{"line":17,"column":29},"end":{"line":17,"column":70}},"11":{"start":{"line":18,"column":4},"end":{"line":20,"column":5}},"12":{"start":{"line":19,"column":6},"end":{"line":19,"column":70}},"13":{"start":{"line":21,"column":26},"end":{"line":21,"column":67}},"14":{"start":{"line":22,"column":4},"end":{"line":24,"column":5}},"15":{"start":{"line":23,"column":6},"end":{"line":23,"column":70}},"16":{"start":{"line":25,"column":27},"end":{"line":25,"column":59}},"17":{"start":{"line":26,"column":18},"end":{"line":32,"column":6}},"18":{"start":{"line":33,"column":22},"end":{"line":33,"column":36}},"19":{"start":{"line":34,"column":4},"end":{"line":34,"column":30}},"20":{"start":{"line":35,"column":4},"end":{"line":35,"column":110}},"21":{"start":{"line":37,"column":4},"end":{"line":37,"column":16}},"22":{"start":{"line":10,"column":13},"end":{"line":10,"column":37}}},"fnMap":{"0":{"name":"(anonymous_1)","decl":{"start":{"line":10,"column":37},"end":{"line":10,"column":42}},"loc":{"start":{"line":10,"column":110},"end":{"line":39,"column":1}}}},"branchMap":{"0":{"loc":{"start":{"line":13,"column":4},"end":{"line":15,"column":5}},"type":"if","locations":[{"start":{"line":13,"column":4},"end":{"line":15,"column":5}}]},"1":{"loc":{"start":{"line":16,"column":45},"end":{"line":16,"column":60}},"type":"default-arg","locations":[{"start":{"line":16,"column":56},"end":{"line":16,"column":60}}]},"2":{"loc":{"start":{"line":18,"column":4},"end":{"line":20,"column":5}},"type":"if","locations":[{"start":{"line":18,"column":4},"end":{"line":20,"column":5}}]},"3":{"loc":{"start":{"line":22,"column":4},"end":{"line":24,"column":5}},"type":"if","locations":[{"start":{"line":22,"column":4},"end":{"line":24,"column":5}}]}},"s":{"0":1,"1":1,"2":1,"3":1,"4":1,"5":3,"6":3,"7":3,"8":1,"9":2,"10":2,"11":2,"12":1,"13":1,"14":1,"15":0,"16":1,"17":1,"18":1,"19":1,"20":1,"21":2,"22":1},"f":{"0":3},"b":{"0":[1],"1":[0],"2":[1],"3":[0]}}
,"/app/src/controllers/appointmentController.ts": {"path":"/app/src/controllers/appointmentController.ts","statementMap":{"0":{"start":{"line":2,"column":0},"end":{"line":2,"column":48}},"1":{"start":{"line":3,"column":0},"end":{"line":3,"column":31}},"2":{"start":{"line":4,"column":0},"end":{"line":4,"column":46}},"3":{"start":{"line":5,"column":0},"end":{"line":5,"column":null}},"4":{"start":{"line":13,"column":0},"end":{"line":13,"column":33}},"5":{"start":{"line":14,"column":89},"end":{"line":14,"column":91}},"6":{"start":{"line":16,"column":31},"end":{"line":131,"column":1}},"7":{"start":{"line":17,"column":2},"end":{"line":130,"column":3}},"8":{"start":{"line":18,"column":29},"end":{"line":18,"column":75}},"9":{"start":{"line":19,"column":4},"end":{"line":21,"column":5}},"10":{"start":{"line":20,"column":6},"end":{"line":20,"column":36}},"11":{"start":{"line":33,"column":8},"end":{"line":33,"column":13}},"12":{"start":{"line":34,"column":33},"end":{"line":34,"column":35}},"13":{"start":{"line":35,"column":4},"end":{"line":39,"column":5}},"14":{"start":{"line":36,"column":6},"end":{"line":36,"column":43}},"15":{"start":{"line":37,"column":6},"end":{"line":37,"column":73}},"16":{"start":{"line":37,"column":21},"end":{"line":37,"column":73}},"17":{"start":{"line":38,"column":6},"end":{"line":38,"column":69}},"18":{"start":{"line":38,"column":19},"end":{"line":38,"column":69}},"19":{"start":{"line":40,"column":4},"end":{"line":40,"column":51}},"20":{"start":{"line":40,"column":17},"end":{"line":40,"column":51}},"21":{"start":{"line":41,"column":4},"end":{"line":41,"column":60}},"22":{"start":{"line":41,"column":20},"end":{"line":41,"column":60}},"23":{"start":{"line":42,"column":4},"end":{"line":42,"column":57}},"24":{"start":{"line":42,"column":19},"end":{"line":42,"column":57}},"25":{"start":{"line":43,"column":35},"end":{"line":65,"column":6}},"26":{"start":{"line":66,"column":19},"end":{"line":66,"column":37}},"27":{"start":{"line":67,"column":42},"end":{"line":76,"column":6}},"28":{"start":{"line":77,"column":34},"end":{"line":117,"column":7}},"29":{"start":{"line":77,"column":74},"end":{"line":117,"column":6}},"30":{"start":{"line":118,"column":23},"end":{"line":118,"column":47}},"31":{"start":{"line":119,"column":27},"end":{"line":126,"column":6}},"32":{"start":{"line":127,"column":4},"end":{"line":127,"column":108}},"33":{"start":{"line":129,"column":4},"end":{"line":129,"column":16}},"34":{"start":{"line":16,"column":13},"end":{"line":16,"column":31}},"35":{"start":{"line":133,"column":33},"end":{"line":253,"column":1}},"36":{"start":{"line":134,"column":2},"end":{"line":252,"column":3}},"37":{"start":{"line":135,"column":29},"end":{"line":135,"column":71}},"38":{"start":{"line":136,"column":4},"end":{"line":138,"column":5}},"39":{"start":{"line":137,"column":6},"end":{"line":137,"column":36}},"40":{"start":{"line":139,"column":94},"end":{"line":139,"column":99}},"41":{"start":{"line":140,"column":20},"end":{"line":140,"column":53}},"42":{"start":{"line":141,"column":4},"end":{"line":143,"column":5}},"43":{"start":{"line":142,"column":6},"end":{"line":142,"column":51}},"44":{"start":{"line":144,"column":18},"end":{"line":144,"column":47}},"45":{"start":{"line":145,"column":4},"end":{"line":147,"column":5}},"46":{"start":{"line":146,"column":6},"end":{"line":146,"column":70}},"47":{"start":{"line":148,"column":31},"end":{"line":148,"column":78}},"48":{"start":{"line":149,"column":26},"end":{"line":149,"column":75}},"49":{"start":{"line":150,"column":24},"end":{"line":150,"column":67}},"50":{"start":{"line":151,"column":20},"end":{"line":151,"column":48}},"51":{"start":{"line":152,"column":35},"end":{"line":182,"column":6}},"52":{"start":{"line":183,"column":4},"end":{"line":185,"column":5}},"53":{"start":{"line":184,"column":6},"end":{"line":184,"column":68}},"54":{"start":{"line":186,"column":19},"end":{"line":193,"column":6}},"55":{"start":{"line":194,"column":4},"end":{"line":201,"column":5}},"56":{"start":{"line":195,"column":6},"end":{"line":200,"column":9}},"57":{"start":{"line":202,"column":26},"end":{"line":202,"column":89}},"58":{"start":{"line":203,"column":4},"end":{"line":205,"column":5}},"59":{"start":{"line":204,"column":6},"end":{"line":204,"column":59}},"60":{"start":{"line":206,"column":24},"end":{"line":218,"column":6}},"61":{"start":{"line":219,"column":4},"end":{"line":224,"column":7}},"62":{"start":{"line":225,"column":28},"end":{"line":248,"column":6}},"63":{"start":{"line":249,"column":4},"end":{"line":249,"column":95}},"64":{"start":{"line":251,"column":4},"end":{"line":251,"column":16}},"65":{"start":{"line":133,"column":13},"end":{"line":133,"column":33}},"66":{"start":{"line":255,"column":39},"end":{"line":311,"column":1}},"67":{"start":{"line":256,"column":2},"end":{"line":310,"column":3}},"68":{"start":{"line":257,"column":47},"end":{"line":257,"column":87}},"69":{"start":{"line":258,"column":4},"end":{"line":260,"column":5}},"70":{"start":{"line":259,"column":6},"end":{"line":259,"column":38}},"71":{"start":{"line":261,"column":51},"end":{"line":261,"column":99}},"72":{"start":{"line":262,"column":4},"end":{"line":264,"column":5}},"73":{"start":{"line":263,"column":6},"end":{"line":263,"column":40}},"74":{"start":{"line":265,"column":24},"end":{"line":265,"column":62}},"75":{"start":{"line":266,"column":4},"end":{"line":268,"column":5}},"76":{"start":{"line":267,"column":6},"end":{"line":267,"column":52}},"77":{"start":{"line":269,"column":22},"end":{"line":269,"column":92}},"78":{"start":{"line":270,"column":4},"end":{"line":272,"column":5}},"79":{"start":{"line":271,"column":6},"end":{"line":271,"column":59}},"80":{"start":{"line":273,"column":4},"end":{"line":276,"column":7}},"81":{"start":{"line":277,"column":4},"end":{"line":282,"column":7}},"82":{"start":{"line":283,"column":31},"end":{"line":306,"column":6}},"83":{"start":{"line":307,"column":4},"end":{"line":307,"column":93}},"84":{"start":{"line":309,"column":4},"end":{"line":309,"column":16}},"85":{"start":{"line":255,"column":13},"end":{"line":255,"column":39}},"86":{"start":{"line":313,"column":39},"end":{"line":392,"column":1}},"87":{"start":{"line":314,"column":2},"end":{"line":391,"column":3}},"88":{"start":{"line":315,"column":29},"end":{"line":315,"column":68}},"89":{"start":{"line":316,"column":4},"end":{"line":318,"column":5}},"90":{"start":{"line":317,"column":6},"end":{"line":317,"column":36}},"91":{"start":{"line":319,"column":44},"end":{"line":319,"column":49}},"92":{"start":{"line":320,"column":33},"end":{"line":324,"column":6}},"93":{"start":{"line":325,"column":4},"end":{"line":327,"column":5}},"94":{"start":{"line":326,"column":6},"end":{"line":326,"column":40}},"95":{"start":{"line":328,"column":25},"end":{"line":353,"column":6}},"96":{"start":{"line":354,"column":27},"end":{"line":387,"column":6}},"97":{"start":{"line":355,"column":28},"end":{"line":355,"column":88}},"98":{"start":{"line":356,"column":26},"end":{"line":356,"column":84}},"99":{"start":{"line":357,"column":29},"end":{"line":365,"column":7}},"100":{"start":{"line":358,"column":8},"end":{"line":364,"column":9}},"101":{"start":{"line":359,"column":26},"end":{"line":359,"column":88}},"102":{"start":{"line":360,"column":28},"end":{"line":360,"column":90}},"103":{"start":{"line":361,"column":28},"end":{"line":361,"column":90}},"104":{"start":{"line":362,"column":28},"end":{"line":362,"column":90}},"105":{"start":{"line":363,"column":19},"end":{"line":363,"column":81}},"106":{"start":{"line":366,"column":21},"end":{"line":366,"column":60}},"107":{"start":{"line":367,"column":6},"end":{"line":386,"column":8}},"108":{"start":{"line":388,"column":4},"end":{"line":388,"column":88}},"109":{"start":{"line":390,"column":4},"end":{"line":390,"column":16}},"110":{"start":{"line":313,"column":13},"end":{"line":313,"column":39}},"111":{"start":{"line":394,"column":34},"end":{"line":443,"column":1}},"112":{"start":{"line":395,"column":2},"end":{"line":442,"column":3}},"113":{"start":{"line":396,"column":29},"end":{"line":396,"column":69}},"114":{"start":{"line":397,"column":4},"end":{"line":399,"column":5}},"115":{"start":{"line":398,"column":6},"end":{"line":398,"column":36}},"116":{"start":{"line":400,"column":24},"end":{"line":435,"column":6}},"117":{"start":{"line":436,"column":4},"end":{"line":438,"column":5}},"118":{"start":{"line":437,"column":6},"end":{"line":437,"column":52}},"119":{"start":{"line":439,"column":4},"end":{"line":439,"column":81}},"120":{"start":{"line":441,"column":4},"end":{"line":441,"column":16}},"121":{"start":{"line":394,"column":13},"end":{"line":394,"column":34}}},"fnMap":{"0":{"name":"(anonymous_1)","decl":{"start":{"line":16,"column":31},"end":{"line":16,"column":36}},"loc":{"start":{"line":16,"column":104},"end":{"line":131,"column":1}}},"1":{"name":"(anonymous_2)","decl":{"start":{"line":77,"column":51},"end":{"line":77,"column":52}},"loc":{"start":{"line":77,"column":74},"end":{"line":117,"column":6}}},"2":{"name":"(anonymous_3)","decl":{"start":{"line":133,"column":33},"end":{"line":133,"column":38}},"loc":{"start":{"line":133,"column":106},"end":{"line":253,"column":1}}},"3":{"name":"(anonymous_4)","decl":{"start":{"line":255,"column":39},"end":{"line":255,"column":44}},"loc":{"start":{"line":255,"column":112},"end":{"line":311,"column":1}}},"4":{"name":"(anonymous_5)","decl":{"start":{"line":313,"column":39},"end":{"line":313,"column":44}},"loc":{"start":{"line":313,"column":112},"end":{"line":392,"column":1}}},"5":{"name":"(anonymous_6)","decl":{"start":{"line":354,"column":44},"end":{"line":354,"column":45}},"loc":{"start":{"line":354,"column":65},"end":{"line":387,"column":5}}},"6":{"name":"(anonymous_7)","decl":{"start":{"line":357,"column":29},"end":{"line":357,"column":30}},"loc":{"start":{"line":357,"column":48},"end":{"line":365,"column":7}}},"7":{"name":"(anonymous_8)","decl":{"start":{"line":394,"column":34},"end":{"line":394,"column":39}},"loc":{"start":{"line":394,"column":107},"end":{"line":443,"column":1}}}},"branchMap":{"0":{"loc":{"start":{"line":19,"column":4},"end":{"line":21,"column":5}},"type":"if","locations":[{"start":{"line":19,"column":4},"end":{"line":21,"column":5}}]},"1":{"loc":{"start":{"line":35,"column":4},"end":{"line":39,"column":5}},"type":"if","locations":[{"start":{"line":35,"column":4},"end":{"line":39,"column":5}}]},"2":{"loc":{"start":{"line":35,"column":8},"end":{"line":35,"column":28}},"type":"binary-expr","locations":[{"start":{"line":35,"column":8},"end":{"line":35,"column":17}},{"start":{"line":35,"column":21},"end":{"line":35,"column":28}}]},"3":{"loc":{"start":{"line":37,"column":6},"end":{"line":37,"column":73}},"type":"if","locations":[{"start":{"line":37,"column":6},"end":{"line":37,"column":73}}]},"4":{"loc":{"start":{"line":38,"column":6},"end":{"line":38,"column":69}},"type":"if","locations":[{"start":{"line":38,"column":6},"end":{"line":38,"column":69}}]},"5":{"loc":{"start":{"line":40,"column":4},"end":{"line":40,"column":51}},"type":"if","locations":[{"start":{"line":40,"column":4},"end":{"line":40,"column":51}}]},"6":{"loc":{"start":{"line":41,"column":4},"end":{"line":41,"column":60}},"type":"if","locations":[{"start":{"line":41,"column":4},"end":{"line":41,"column":60}}]},"7":{"loc":{"start":{"line":42,"column":4},"end":{"line":42,"column":57}},"type":"if","locations":[{"start":{"line":42,"column":4},"end":{"line":42,"column":57}}]},"8":{"loc":{"start":{"line":63,"column":12},"end":{"line":63,"column":49}},"type":"binary-expr","locations":[{"start":{"line":63,"column":12},"end":{"line":63,"column":18}},{"start":{"line":63,"column":22},"end":{"line":63,"column":49}}]},"9":{"loc":{"start":{"line":72,"column":15},"end":{"line":74,"column":20}},"type":"cond-expr","locations":[{"start":{"line":72,"column":44},"end":{"line":72,"column":93}},{"start":{"line":73,"column":14},"end":{"line":74,"column":20}}]},"10":{"loc":{"start":{"line":73,"column":14},"end":{"line":74,"column":20}},"type":"cond-expr","locations":[{"start":{"line":73,"column":42},"end":{"line":73,"column":86}},{"start":{"line":74,"column":14},"end":{"line":74,"column":20}}]},"11":{"loc":{"start":{"line":136,"column":4},"end":{"line":138,"column":5}},"type":"if","locations":[{"start":{"line":136,"column":4},"end":{"line":138,"column":5}}]},"12":{"loc":{"start":{"line":141,"column":4},"end":{"line":143,"column":5}},"type":"if","locations":[{"start":{"line":141,"column":4},"end":{"line":143,"column":5}}]},"13":{"loc":{"start":{"line":145,"column":4},"end":{"line":147,"column":5}},"type":"if","locations":[{"start":{"line":145,"column":4},"end":{"line":147,"column":5}}]},"14":{"loc":{"start":{"line":145,"column":8},"end":{"line":145,"column":33}},"type":"binary-expr","locations":[{"start":{"line":145,"column":8},"end":{"line":145,"column":14}},{"start":{"line":145,"column":18},"end":{"line":145,"column":33}}]},"15":{"loc":{"start":{"line":183,"column":4},"end":{"line":185,"column":5}},"type":"if","locations":[{"start":{"line":183,"column":4},"end":{"line":185,"column":5}}]},"16":{"loc":{"start":{"line":194,"column":4},"end":{"line":201,"column":5}},"type":"if","locations":[{"start":{"line":194,"column":4},"end":{"line":201,"column":5}}]},"17":{"loc":{"start":{"line":203,"column":4},"end":{"line":205,"column":5}},"type":"if","locations":[{"start":{"line":203,"column":4},"end":{"line":205,"column":5}}]},"18":{"loc":{"start":{"line":216,"column":13},"end":{"line":216,"column":24}},"type":"binary-expr","locations":[{"start":{"line":216,"column":13},"end":{"line":216,"column":18}},{"start":{"line":216,"column":22},"end":{"line":216,"column":24}}]},"19":{"loc":{"start":{"line":217,"column":22},"end":{"line":217,"column":73}},"type":"cond-expr","locations":[{"start":{"line":217,"column":55},"end":{"line":217,"column":66}},{"start":{"line":217,"column":69},"end":{"line":217,"column":73}}]},"20":{"loc":{"start":{"line":223,"column":24},"end":{"line":223,"column":75}},"type":"cond-expr","locations":[{"start":{"line":223,"column":57},"end":{"line":223,"column":68}},{"start":{"line":223,"column":71},"end":{"line":223,"column":75}}]},"21":{"loc":{"start":{"line":258,"column":4},"end":{"line":260,"column":5}},"type":"if","locations":[{"start":{"line":258,"column":4},"end":{"line":260,"column":5}}]},"22":{"loc":{"start":{"line":262,"column":4},"end":{"line":264,"column":5}},"type":"if","locations":[{"start":{"line":262,"column":4},"end":{"line":264,"column":5}}]},"23":{"loc":{"start":{"line":266,"column":4},"end":{"line":268,"column":5}},"type":"if","locations":[{"start":{"line":266,"column":4},"end":{"line":268,"column":5}}]},"24":{"loc":{"start":{"line":270,"column":4},"end":{"line":272,"column":5}},"type":"if","locations":[{"start":{"line":270,"column":4},"end":{"line":272,"column":5}}]},"25":{"loc":{"start":{"line":275,"column":13},"end":{"line":275,"column":49}},"type":"binary-expr","locations":[{"start":{"line":275,"column":13},"end":{"line":275,"column":28}},{"start":{"line":275,"column":32},"end":{"line":275,"column":49}}]},"26":{"loc":{"start":{"line":280,"column":13},"end":{"line":280,"column":78}},"type":"binary-expr","locations":[{"start":{"line":280,"column":13},"end":{"line":280,"column":28}},{"start":{"line":280,"column":32},"end":{"line":280,"column":78}}]},"27":{"loc":{"start":{"line":281,"column":24},"end":{"line":281,"column":75}},"type":"cond-expr","locations":[{"start":{"line":281,"column":57},"end":{"line":281,"column":68}},{"start":{"line":281,"column":71},"end":{"line":281,"column":75}}]},"28":{"loc":{"start":{"line":316,"column":4},"end":{"line":318,"column":5}},"type":"if","locations":[{"start":{"line":316,"column":4},"end":{"line":318,"column":5}}]},"29":{"loc":{"start":{"line":325,"column":4},"end":{"line":327,"column":5}},"type":"if","locations":[{"start":{"line":325,"column":4},"end":{"line":327,"column":5}}]},"30":{"loc":{"start":{"line":358,"column":8},"end":{"line":364,"column":9}},"type":"switch","locations":[{"start":{"line":359,"column":10},"end":{"line":359,"column":88}},{"start":{"line":360,"column":10},"end":{"line":360,"column":90}},{"start":{"line":361,"column":10},"end":{"line":361,"column":90}},{"start":{"line":362,"column":10},"end":{"line":362,"column":90}},{"start":{"line":363,"column":10},"end":{"line":363,"column":81}}]},"31":{"loc":{"start":{"line":397,"column":4},"end":{"line":399,"column":5}},"type":"if","locations":[{"start":{"line":397,"column":4},"end":{"line":399,"column":5}}]},"32":{"loc":{"start":{"line":436,"column":4},"end":{"line":438,"column":5}},"type":"if","locations":[{"start":{"line":436,"column":4},"end":{"line":438,"column":5}}]}},"s":{"0":0,"1":0,"2":0,"3":0,"4":0,"5":0,"6":0,"7":0,"8":0,"9":0,"10":0,"11":0,"12":0,"13":0,"14":0,"15":0,"16":0,"17":0,"18":0,"19":0,"20":0,"21":0,"22":0,"23":0,"24":0,"25":0,"26":0,"27":0,"28":0,"29":0,"30":0,"31":0,"32":0,"33":0,"34":0,"35":0,"36":0,"37":0,"38":0,"39":0,"40":0,"41":0,"42":0,"43":0,"44":0,"45":0,"46":0,"47":0,"48":0,"49":0,"50":0,"51":0,"52":0,"53":0,"54":0,"55":0,"56":0,"57":0,"58":0,"59":0,"60":0,"61":0,"62":0,"63":0,"64":0,"65":0,"66":0,"67":0,"68":0,"69":0,"70":0,"71":0,"72":0,"73":0,"74":0,"75":0,"76":0,"77":0,"78":0,"79":0,"80":0,"81":0,"82":0,"83":0,"84":0,"85":0,"86":0,"87":0,"88":0,"89":0,"90":0,"91":0,"92":0,"93":0,"94":0,"95":0,"96":0,"97":0,"98":0,"99":0,"100":0,"101":0,"102":0,"103":0,"104":0,"105":0,"106":0,"107":0,"108":0,"109":0,"110":0,"111":0,"112":0,"113":0,"114":0,"115":0,"116":0,"117":0,"118":0,"119":0,"120":0,"121":0},"f":{"0":0,"1":0,"2":0,"3":0,"4":0,"5":0,"6":0,"7":0},"b":{"0":[0],"1":[0],"2":[0,0],"3":[0],"4":[0],"5":[0],"6":[0],"7":[0],"8":[0,0],"9":[0,0],"10":[0,0],"11":[0],"12":[0],"13":[0],"14":[0,0],"15":[0],"16":[0],"17":[0],"18":[0,0],"19":[0,0],"20":[0,0],"21":[0],"22":[0],"23":[0],"24":[0],"25":[0,0],"26":[0,0],"27":[0,0],"28":[0],"29":[0],"30":[0,0,0,0,0],"31":[0],"32":[0]}}
,"/app/src/controllers/authController.ts": {"path":"/app/src/controllers/authController.ts","statementMap":{"0":{"start":{"line":2,"column":0},"end":{"line":2,"column":59}},"1":{"start":{"line":3,"column":0},"end":{"line":3,"column":60}},"2":{"start":{"line":4,"column":0},"end":{"line":4,"column":38}},"3":{"start":{"line":8,"column":0},"end":{"line":8,"column":33}},"4":{"start":{"line":9,"column":18},"end":{"line":9,"column":20}},"5":{"start":{"line":11,"column":26},"end":{"line":55,"column":1}},"6":{"start":{"line":12,"column":2},"end":{"line":54,"column":3}},"7":{"start":{"line":13,"column":86},"end":{"line":13,"column":116}},"8":{"start":{"line":14,"column":4},"end":{"line":16,"column":5}},"9":{"start":{"line":15,"column":6},"end":{"line":15,"column":36}},"10":{"start":{"line":17,"column":32},"end":{"line":17,"column":37}},"11":{"start":{"line":18,"column":18},"end":{"line":23,"column":6}},"12":{"start":{"line":24,"column":4},"end":{"line":26,"column":5}},"13":{"start":{"line":25,"column":6},"end":{"line":25,"column":63}},"14":{"start":{"line":27,"column":28},"end":{"line":27,"column":78}},"15":{"start":{"line":28,"column":4},"end":{"line":30,"column":5}},"16":{"start":{"line":29,"column":6},"end":{"line":29,"column":63}},"17":{"start":{"line":31,"column":4},"end":{"line":31,"column":50}},"18":{"start":{"line":32,"column":4},"end":{"line":37,"column":6}},"19":{"start":{"line":38,"column":4},"end":{"line":42,"column":7}},"20":{"start":{"line":39,"column":6},"end":{"line":41,"column":7}},"21":{"start":{"line":40,"column":8},"end":{"line":40,"column":49}},"22":{"start":{"line":43,"column":4},"end":{"line":51,"column":26}},"23":{"start":{"line":53,"column":4},"end":{"line":53,"column":16}},"24":{"start":{"line":11,"column":13},"end":{"line":11,"column":26}},"25":{"start":{"line":56,"column":22},"end":{"line":68,"column":1}},"26":{"start":{"line":57,"column":2},"end":{"line":67,"column":3}},"27":{"start":{"line":58,"column":4},"end":{"line":64,"column":7}},"28":{"start":{"line":59,"column":6},"end":{"line":61,"column":7}},"29":{"start":{"line":60,"column":8},"end":{"line":60,"column":70}},"30":{"start":{"line":62,"column":6},"end":{"line":62,"column":35}},"31":{"start":{"line":63,"column":6},"end":{"line":63,"column":53}},"32":{"start":{"line":66,"column":4},"end":{"line":66,"column":16}},"33":{"start":{"line":56,"column":13},"end":{"line":56,"column":22}},"34":{"start":{"line":69,"column":30},"end":{"line":77,"column":1}},"35":{"start":{"line":70,"column":2},"end":{"line":76,"column":3}},"36":{"start":{"line":71,"column":4},"end":{"line":73,"column":41}},"37":{"start":{"line":75,"column":4},"end":{"line":75,"column":16}},"38":{"start":{"line":69,"column":13},"end":{"line":69,"column":30}}},"fnMap":{"0":{"name":"(anonymous_1)","decl":{"start":{"line":11,"column":26},"end":{"line":11,"column":31}},"loc":{"start":{"line":11,"column":84},"end":{"line":55,"column":1}}},"1":{"name":"(anonymous_2)","decl":{"start":{"line":38,"column":21},"end":{"line":38,"column":22}},"loc":{"start":{"line":38,"column":29},"end":{"line":42,"column":5}}},"2":{"name":"(anonymous_3)","decl":{"start":{"line":56,"column":22},"end":{"line":56,"column":23}},"loc":{"start":{"line":56,"column":74},"end":{"line":68,"column":1}}},"3":{"name":"(anonymous_4)","decl":{"start":{"line":58,"column":24},"end":{"line":58,"column":25}},"loc":{"start":{"line":58,"column":32},"end":{"line":64,"column":5}}},"4":{"name":"(anonymous_5)","decl":{"start":{"line":69,"column":30},"end":{"line":69,"column":31}},"loc":{"start":{"line":69,"column":82},"end":{"line":77,"column":1}}}},"branchMap":{"0":{"loc":{"start":{"line":14,"column":4},"end":{"line":16,"column":5}},"type":"if","locations":[{"start":{"line":14,"column":4},"end":{"line":16,"column":5}}]},"1":{"loc":{"start":{"line":24,"column":4},"end":{"line":26,"column":5}},"type":"if","locations":[{"start":{"line":24,"column":4},"end":{"line":26,"column":5}}]},"2":{"loc":{"start":{"line":28,"column":4},"end":{"line":30,"column":5}},"type":"if","locations":[{"start":{"line":28,"column":4},"end":{"line":30,"column":5}}]},"3":{"loc":{"start":{"line":39,"column":6},"end":{"line":41,"column":7}},"type":"if","locations":[{"start":{"line":39,"column":6},"end":{"line":41,"column":7}}]},"4":{"loc":{"start":{"line":59,"column":6},"end":{"line":61,"column":7}},"type":"if","locations":[{"start":{"line":59,"column":6},"end":{"line":61,"column":7}}]}},"s":{"0":1,"1":1,"2":1,"3":1,"4":1,"5":1,"6":4,"7":4,"8":4,"9":1,"10":3,"11":3,"12":3,"13":1,"14":2,"15":2,"16":1,"17":1,"18":1,"19":1,"20":1,"21":0,"22":1,"23":3,"24":1,"25":1,"26":2,"27":2,"28":2,"29":1,"30":1,"31":1,"32":1,"33":1,"34":1,"35":1,"36":1,"37":0,"38":1},"f":{"0":4,"1":1,"2":2,"3":2,"4":1},"b":{"0":[1],"1":[1],"2":[1],"3":[0],"4":[1]}}
,"/app/src/controllers/contactController.ts": {"path":"/app/src/controllers/contactController.ts","statementMap":{"0":{"start":{"line":2,"column":0},"end":{"line":2,"column":48}},"1":{"start":{"line":3,"column":0},"end":{"line":3,"column":40}},"2":{"start":{"line":4,"column":0},"end":{"line":4,"column":null}},"3":{"start":{"line":10,"column":0},"end":{"line":10,"column":33}},"4":{"start":{"line":11,"column":27},"end":{"line":11,"column":29}},"5":{"start":{"line":13,"column":29},"end":{"line":32,"column":1}},"6":{"start":{"line":14,"column":59},"end":{"line":14,"column":66}},"7":{"start":{"line":15,"column":26},"end":{"line":15,"column":28}},"8":{"start":{"line":17,"column":2},"end":{"line":21,"column":3}},"9":{"start":{"line":18,"column":4},"end":{"line":20,"column":8}},"10":{"start":{"line":18,"column":78},"end":{"line":20,"column":6}},"11":{"start":{"line":23,"column":2},"end":{"line":23,"column":47}},"12":{"start":{"line":23,"column":16},"end":{"line":23,"column":47}},"13":{"start":{"line":24,"column":2},"end":{"line":24,"column":41}},"14":{"start":{"line":24,"column":14},"end":{"line":24,"column":41}},"15":{"start":{"line":25,"column":2},"end":{"line":29,"column":3}},"16":{"start":{"line":26,"column":4},"end":{"line":26,"column":30}},"17":{"start":{"line":27,"column":4},"end":{"line":27,"column":60}},"18":{"start":{"line":27,"column":19},"end":{"line":27,"column":60}},"19":{"start":{"line":28,"column":4},"end":{"line":28,"column":56}},"20":{"start":{"line":28,"column":17},"end":{"line":28,"column":56}},"21":{"start":{"line":31,"column":2},"end":{"line":31,"column":20}},"22":{"start":{"line":34,"column":34},"end":{"line":81,"column":1}},"23":{"start":{"line":35,"column":2},"end":{"line":80,"column":3}},"24":{"start":{"line":36,"column":29},"end":{"line":36,"column":79}},"25":{"start":{"line":37,"column":4},"end":{"line":37,"column":45}},"26":{"start":{"line":37,"column":15},"end":{"line":37,"column":45}},"27":{"start":{"line":39,"column":59},"end":{"line":39,"column":64}},"28":{"start":{"line":40,"column":28},"end":{"line":40,"column":57}},"29":{"start":{"line":41,"column":19},"end":{"line":41,"column":37}},"30":{"start":{"line":42,"column":20},"end":{"line":42,"column":84}},"31":{"start":{"line":44,"column":28},"end":{"line":50,"column":6}},"32":{"start":{"line":52,"column":18},"end":{"line":56,"column":6}},"33":{"start":{"line":58,"column":24},"end":{"line":61,"column":10}},"34":{"start":{"line":59,"column":6},"end":{"line":59,"column":46}},"35":{"start":{"line":60,"column":6},"end":{"line":60,"column":17}},"36":{"start":{"line":63,"column":4},"end":{"line":77,"column":8}},"37":{"start":{"line":79,"column":4},"end":{"line":79,"column":16}},"38":{"start":{"line":34,"column":13},"end":{"line":34,"column":34}},"39":{"start":{"line":83,"column":37},"end":{"line":103,"column":1}},"40":{"start":{"line":84,"column":2},"end":{"line":102,"column":3}},"41":{"start":{"line":85,"column":29},"end":{"line":85,"column":72}},"42":{"start":{"line":86,"column":4},"end":{"line":86,"column":45}},"43":{"start":{"line":86,"column":15},"end":{"line":86,"column":45}},"44":{"start":{"line":88,"column":20},"end":{"line":88,"column":59}},"45":{"start":{"line":89,"column":4},"end":{"line":89,"column":72}},"46":{"start":{"line":89,"column":18},"end":{"line":89,"column":72}},"47":{"start":{"line":91,"column":4},"end":{"line":97,"column":5}},"48":{"start":{"line":92,"column":6},"end":{"line":96,"column":9}},"49":{"start":{"line":99,"column":4},"end":{"line":99,"column":81}},"50":{"start":{"line":101,"column":4},"end":{"line":101,"column":16}},"51":{"start":{"line":83,"column":13},"end":{"line":83,"column":37}},"52":{"start":{"line":105,"column":27},"end":{"line":110,"column":2}},"53":{"start":{"line":112,"column":28},"end":{"line":122,"column":1}},"54":{"start":{"line":113,"column":26},"end":{"line":113,"column":55}},"55":{"start":{"line":115,"column":24},"end":{"line":119,"column":4}},"56":{"start":{"line":121,"column":2},"end":{"line":121,"column":53}},"57":{"start":{"line":124,"column":42},"end":{"line":148,"column":1}},"58":{"start":{"line":125,"column":2},"end":{"line":147,"column":3}},"59":{"start":{"line":126,"column":55},"end":{"line":126,"column":98}},"60":{"start":{"line":127,"column":51},"end":{"line":127,"column":102}},"61":{"start":{"line":128,"column":4},"end":{"line":128,"column":83}},"62":{"start":{"line":128,"column":34},"end":{"line":128,"column":83}},"63":{"start":{"line":130,"column":20},"end":{"line":130,"column":65}},"64":{"start":{"line":131,"column":4},"end":{"line":131,"column":72}},"65":{"start":{"line":131,"column":18},"end":{"line":131,"column":72}},"66":{"start":{"line":133,"column":35},"end":{"line":133,"column":44}},"67":{"start":{"line":134,"column":4},"end":{"line":136,"column":5}},"68":{"start":{"line":135,"column":6},"end":{"line":135,"column":99}},"69":{"start":{"line":138,"column":23},"end":{"line":141,"column":6}},"70":{"start":{"line":143,"column":4},"end":{"line":143,"column":37}},"71":{"start":{"line":144,"column":4},"end":{"line":144,"column":89}},"72":{"start":{"line":146,"column":4},"end":{"line":146,"column":16}},"73":{"start":{"line":124,"column":13},"end":{"line":124,"column":42}},"74":{"start":{"line":150,"column":36},"end":{"line":168,"column":1}},"75":{"start":{"line":151,"column":2},"end":{"line":167,"column":3}},"76":{"start":{"line":152,"column":29},"end":{"line":152,"column":72}},"77":{"start":{"line":153,"column":4},"end":{"line":153,"column":45}},"78":{"start":{"line":153,"column":15},"end":{"line":153,"column":45}},"79":{"start":{"line":155,"column":20},"end":{"line":155,"column":59}},"80":{"start":{"line":156,"column":4},"end":{"line":156,"column":72}},"81":{"start":{"line":156,"column":18},"end":{"line":156,"column":72}},"82":{"start":{"line":158,"column":4},"end":{"line":162,"column":7}},"83":{"start":{"line":164,"column":4},"end":{"line":164,"column":66}},"84":{"start":{"line":166,"column":4},"end":{"line":166,"column":16}},"85":{"start":{"line":150,"column":13},"end":{"line":150,"column":36}},"86":{"start":{"line":170,"column":31},"end":{"line":215,"column":1}},"87":{"start":{"line":171,"column":2},"end":{"line":214,"column":3}},"88":{"start":{"line":172,"column":26},"end":{"line":172,"column":73}},"89":{"start":{"line":173,"column":25},"end":{"line":173,"column":71}},"90":{"start":{"line":174,"column":22},"end":{"line":174,"column":54}},"91":{"start":{"line":176,"column":87},"end":{"line":193,"column":6}},"92":{"start":{"line":195,"column":4},"end":{"line":211,"column":8}},"93":{"start":{"line":202,"column":62},"end":{"line":206,"column":8}},"94":{"start":{"line":207,"column":52},"end":{"line":210,"column":8}},"95":{"start":{"line":213,"column":4},"end":{"line":213,"column":16}},"96":{"start":{"line":170,"column":13},"end":{"line":170,"column":31}}},"fnMap":{"0":{"name":"(anonymous_1)","decl":{"start":{"line":13,"column":29},"end":{"line":13,"column":30}},"loc":{"start":{"line":13,"column":46},"end":{"line":32,"column":1}}},"1":{"name":"(anonymous_2)","decl":{"start":{"line":18,"column":68},"end":{"line":18,"column":73}},"loc":{"start":{"line":18,"column":78},"end":{"line":20,"column":6}}},"2":{"name":"(anonymous_3)","decl":{"start":{"line":34,"column":34},"end":{"line":34,"column":39}},"loc":{"start":{"line":34,"column":107},"end":{"line":81,"column":1}}},"3":{"name":"(anonymous_4)","decl":{"start":{"line":58,"column":37},"end":{"line":58,"column":38}},"loc":{"start":{"line":58,"column":61},"end":{"line":61,"column":5}}},"4":{"name":"(anonymous_5)","decl":{"start":{"line":83,"column":37},"end":{"line":83,"column":42}},"loc":{"start":{"line":83,"column":110},"end":{"line":103,"column":1}}},"5":{"name":"(anonymous_6)","decl":{"start":{"line":112,"column":28},"end":{"line":112,"column":29}},"loc":{"start":{"line":112,"column":63},"end":{"line":122,"column":1}}},"6":{"name":"(anonymous_7)","decl":{"start":{"line":124,"column":42},"end":{"line":124,"column":47}},"loc":{"start":{"line":124,"column":115},"end":{"line":148,"column":1}}},"7":{"name":"(anonymous_8)","decl":{"start":{"line":150,"column":36},"end":{"line":150,"column":41}},"loc":{"start":{"line":150,"column":109},"end":{"line":168,"column":1}}},"8":{"name":"(anonymous_9)","decl":{"start":{"line":170,"column":31},"end":{"line":170,"column":36}},"loc":{"start":{"line":170,"column":104},"end":{"line":215,"column":1}}},"9":{"name":"(anonymous_10)","decl":{"start":{"line":202,"column":46},"end":{"line":202,"column":47}},"loc":{"start":{"line":202,"column":62},"end":{"line":206,"column":8}}},"10":{"name":"(anonymous_11)","decl":{"start":{"line":207,"column":36},"end":{"line":207,"column":37}},"loc":{"start":{"line":207,"column":52},"end":{"line":210,"column":8}}}},"branchMap":{"0":{"loc":{"start":{"line":17,"column":2},"end":{"line":21,"column":3}},"type":"if","locations":[{"start":{"line":17,"column":2},"end":{"line":21,"column":3}}]},"1":{"loc":{"start":{"line":23,"column":2},"end":{"line":23,"column":47}},"type":"if","locations":[{"start":{"line":23,"column":2},"end":{"line":23,"column":47}}]},"2":{"loc":{"start":{"line":24,"column":2},"end":{"line":24,"column":41}},"type":"if","locations":[{"start":{"line":24,"column":2},"end":{"line":24,"column":41}}]},"3":{"loc":{"start":{"line":25,"column":2},"end":{"line":29,"column":3}},"type":"if","locations":[{"start":{"line":25,"column":2},"end":{"line":29,"column":3}}]},"4":{"loc":{"start":{"line":25,"column":6},"end":{"line":25,"column":26}},"type":"binary-expr","locations":[{"start":{"line":25,"column":6},"end":{"line":25,"column":15}},{"start":{"line":25,"column":19},"end":{"line":25,"column":26}}]},"5":{"loc":{"start":{"line":27,"column":4},"end":{"line":27,"column":60}},"type":"if","locations":[{"start":{"line":27,"column":4},"end":{"line":27,"column":60}}]},"6":{"loc":{"start":{"line":28,"column":4},"end":{"line":28,"column":56}},"type":"if","locations":[{"start":{"line":28,"column":4},"end":{"line":28,"column":56}}]},"7":{"loc":{"start":{"line":37,"column":4},"end":{"line":37,"column":45}},"type":"if","locations":[{"start":{"line":37,"column":4},"end":{"line":37,"column":45}}]},"8":{"loc":{"start":{"line":42,"column":22},"end":{"line":42,"column":57}},"type":"cond-expr","locations":[{"start":{"line":42,"column":42},"end":{"line":42,"column":48}},{"start":{"line":42,"column":51},"end":{"line":42,"column":57}}]},"9":{"loc":{"start":{"line":86,"column":4},"end":{"line":86,"column":45}},"type":"if","locations":[{"start":{"line":86,"column":4},"end":{"line":86,"column":45}}]},"10":{"loc":{"start":{"line":89,"column":4},"end":{"line":89,"column":72}},"type":"if","locations":[{"start":{"line":89,"column":4},"end":{"line":89,"column":72}}]},"11":{"loc":{"start":{"line":91,"column":4},"end":{"line":97,"column":5}},"type":"if","locations":[{"start":{"line":91,"column":4},"end":{"line":97,"column":5}}]},"12":{"loc":{"start":{"line":128,"column":4},"end":{"line":128,"column":83}},"type":"if","locations":[{"start":{"line":128,"column":4},"end":{"line":128,"column":83}}]},"13":{"loc":{"start":{"line":128,"column":8},"end":{"line":128,"column":32}},"type":"binary-expr","locations":[{"start":{"line":128,"column":8},"end":{"line":128,"column":19}},{"start":{"line":128,"column":23},"end":{"line":128,"column":32}}]},"14":{"loc":{"start":{"line":128,"column":57},"end":{"line":128,"column":81}},"type":"binary-expr","locations":[{"start":{"line":128,"column":57},"end":{"line":128,"column":68}},{"start":{"line":128,"column":72},"end":{"line":128,"column":81}}]},"15":{"loc":{"start":{"line":131,"column":4},"end":{"line":131,"column":72}},"type":"if","locations":[{"start":{"line":131,"column":4},"end":{"line":131,"column":72}}]},"16":{"loc":{"start":{"line":134,"column":4},"end":{"line":136,"column":5}},"type":"if","locations":[{"start":{"line":134,"column":4},"end":{"line":136,"column":5}}]},"17":{"loc":{"start":{"line":153,"column":4},"end":{"line":153,"column":45}},"type":"if","locations":[{"start":{"line":153,"column":4},"end":{"line":153,"column":45}}]},"18":{"loc":{"start":{"line":156,"column":4},"end":{"line":156,"column":72}},"type":"if","locations":[{"start":{"line":156,"column":4},"end":{"line":156,"column":72}}]},"19":{"loc":{"start":{"line":200,"column":22},"end":{"line":200,"column":111}},"type":"cond-expr","locations":[{"start":{"line":200,"column":42},"end":{"line":200,"column":107}},{"start":{"line":200,"column":110},"end":{"line":200,"column":111}}]},"20":{"loc":{"start":{"line":205,"column":20},"end":{"line":205,"column":100}},"type":"cond-expr","locations":[{"start":{"line":205,"column":40},"end":{"line":205,"column":96}},{"start":{"line":205,"column":99},"end":{"line":205,"column":100}}]}},"s":{"0":0,"1":0,"2":0,"3":0,"4":0,"5":0,"6":0,"7":0,"8":0,"9":0,"10":0,"11":0,"12":0,"13":0,"14":0,"15":0,"16":0,"17":0,"18":0,"19":0,"20":0,"21":0,"22":0,"23":0,"24":0,"25":0,"26":0,"27":0,"28":0,"29":0,"30":0,"31":0,"32":0,"33":0,"34":0,"35":0,"36":0,"37":0,"38":0,"39":0,"40":0,"41":0,"42":0,"43":0,"44":0,"45":0,"46":0,"47":0,"48":0,"49":0,"50":0,"51":0,"52":0,"53":0,"54":0,"55":0,"56":0,"57":0,"58":0,"59":0,"60":0,"61":0,"62":0,"63":0,"64":0,"65":0,"66":0,"67":0,"68":0,"69":0,"70":0,"71":0,"72":0,"73":0,"74":0,"75":0,"76":0,"77":0,"78":0,"79":0,"80":0,"81":0,"82":0,"83":0,"84":0,"85":0,"86":0,"87":0,"88":0,"89":0,"90":0,"91":0,"92":0,"93":0,"94":0,"95":0,"96":0},"f":{"0":0,"1":0,"2":0,"3":0,"4":0,"5":0,"6":0,"7":0,"8":0,"9":0,"10":0},"b":{"0":[0],"1":[0],"2":[0],"3":[0],"4":[0,0],"5":[0],"6":[0],"7":[0],"8":[0,0],"9":[0],"10":[0],"11":[0],"12":[0],"13":[0,0],"14":[0,0],"15":[0],"16":[0],"17":[0],"18":[0],"19":[0,0],"20":[0,0]}}
,"/app/src/controllers/contentController.ts": {"path":"/app/src/controllers/contentController.ts","statementMap":{"0":{"start":{"line":2,"column":0},"end":{"line":2,"column":48}},"1":{"start":{"line":3,"column":0},"end":{"line":3,"column":31}},"2":{"start":{"line":4,"column":0},"end":{"line":4,"column":null}},"3":{"start":{"line":9,"column":0},"end":{"line":9,"column":33}},"4":{"start":{"line":10,"column":42},"end":{"line":10,"column":44}},"5":{"start":{"line":12,"column":32},"end":{"line":61,"column":1}},"6":{"start":{"line":13,"column":2},"end":{"line":60,"column":3}},"7":{"start":{"line":14,"column":29},"end":{"line":14,"column":71}},"8":{"start":{"line":15,"column":4},"end":{"line":17,"column":5}},"9":{"start":{"line":16,"column":6},"end":{"line":16,"column":36}},"10":{"start":{"line":18,"column":77},"end":{"line":18,"column":82}},"11":{"start":{"line":19,"column":33},"end":{"line":19,"column":35}},"12":{"start":{"line":20,"column":4},"end":{"line":25,"column":5}},"13":{"start":{"line":21,"column":6},"end":{"line":24,"column":8}},"14":{"start":{"line":26,"column":4},"end":{"line":28,"column":5}},"15":{"start":{"line":27,"column":6},"end":{"line":27,"column":46}},"16":{"start":{"line":29,"column":4},"end":{"line":31,"column":5}},"17":{"start":{"line":30,"column":6},"end":{"line":30,"column":42}},"18":{"start":{"line":32,"column":19},"end":{"line":32,"column":37}},"19":{"start":{"line":33,"column":28},"end":{"line":45,"column":6}},"20":{"start":{"line":46,"column":23},"end":{"line":46,"column":47}},"21":{"start":{"line":47,"column":4},"end":{"line":57,"column":8}},"22":{"start":{"line":59,"column":4},"end":{"line":59,"column":16}},"23":{"start":{"line":12,"column":13},"end":{"line":12,"column":32}},"24":{"start":{"line":63,"column":34},"end":{"line":96,"column":1}},"25":{"start":{"line":64,"column":2},"end":{"line":95,"column":3}},"26":{"start":{"line":65,"column":29},"end":{"line":65,"column":72}},"27":{"start":{"line":66,"column":4},"end":{"line":68,"column":5}},"28":{"start":{"line":67,"column":6},"end":{"line":67,"column":36}},"29":{"start":{"line":69,"column":73},"end":{"line":69,"column":78}},"30":{"start":{"line":70,"column":21},"end":{"line":70,"column":63}},"31":{"start":{"line":71,"column":4},"end":{"line":73,"column":5}},"32":{"start":{"line":72,"column":6},"end":{"line":72,"column":62}},"33":{"start":{"line":74,"column":18},"end":{"line":82,"column":6}},"34":{"start":{"line":83,"column":25},"end":{"line":91,"column":6}},"35":{"start":{"line":92,"column":4},"end":{"line":92,"column":100}},"36":{"start":{"line":94,"column":4},"end":{"line":94,"column":16}},"37":{"start":{"line":63,"column":13},"end":{"line":63,"column":34}}},"fnMap":{"0":{"name":"(anonymous_1)","decl":{"start":{"line":12,"column":32},"end":{"line":12,"column":37}},"loc":{"start":{"line":12,"column":105},"end":{"line":61,"column":1}}},"1":{"name":"(anonymous_2)","decl":{"start":{"line":63,"column":34},"end":{"line":63,"column":39}},"loc":{"start":{"line":63,"column":107},"end":{"line":96,"column":1}}}},"branchMap":{"0":{"loc":{"start":{"line":15,"column":4},"end":{"line":17,"column":5}},"type":"if","locations":[{"start":{"line":15,"column":4},"end":{"line":17,"column":5}}]},"1":{"loc":{"start":{"line":20,"column":4},"end":{"line":25,"column":5}},"type":"if","locations":[{"start":{"line":20,"column":4},"end":{"line":25,"column":5}}]},"2":{"loc":{"start":{"line":26,"column":4},"end":{"line":28,"column":5}},"type":"if","locations":[{"start":{"line":26,"column":4},"end":{"line":28,"column":5}}]},"3":{"loc":{"start":{"line":29,"column":4},"end":{"line":31,"column":5}},"type":"if","locations":[{"start":{"line":29,"column":4},"end":{"line":31,"column":5}}]},"4":{"loc":{"start":{"line":66,"column":4},"end":{"line":68,"column":5}},"type":"if","locations":[{"start":{"line":66,"column":4},"end":{"line":68,"column":5}}]},"5":{"loc":{"start":{"line":71,"column":4},"end":{"line":73,"column":5}},"type":"if","locations":[{"start":{"line":71,"column":4},"end":{"line":73,"column":5}}]},"6":{"loc":{"start":{"line":79,"column":12},"end":{"line":79,"column":22}},"type":"binary-expr","locations":[{"start":{"line":79,"column":12},"end":{"line":79,"column":16}},{"start":{"line":79,"column":20},"end":{"line":79,"column":22}}]}},"s":{"0":0,"1":0,"2":0,"3":0,"4":0,"5":0,"6":0,"7":0,"8":0,"9":0,"10":0,"11":0,"12":0,"13":0,"14":0,"15":0,"16":0,"17":0,"18":0,"19":0,"20":0,"21":0,"22":0,"23":0,"24":0,"25":0,"26":0,"27":0,"28":0,"29":0,"30":0,"31":0,"32":0,"33":0,"34":0,"35":0,"36":0,"37":0},"f":{"0":0,"1":0},"b":{"0":[0],"1":[0],"2":[0],"3":[0],"4":[0],"5":[0],"6":[0,0]}}
,"/app/src/controllers/customerController.ts": {"path":"/app/src/controllers/customerController.ts","statementMap":{"0":{"start":{"line":2,"column":0},"end":{"line":2,"column":48}},"1":{"start":{"line":3,"column":0},"end":{"line":3,"column":40}},"2":{"start":{"line":4,"column":0},"end":{"line":4,"column":null}},"3":{"start":{"line":11,"column":0},"end":{"line":11,"column":33}},"4":{"start":{"line":12,"column":69},"end":{"line":12,"column":71}},"5":{"start":{"line":14,"column":28},"end":{"line":85,"column":1}},"6":{"start":{"line":15,"column":2},"end":{"line":84,"column":3}},"7":{"start":{"line":16,"column":29},"end":{"line":16,"column":72}},"8":{"start":{"line":17,"column":4},"end":{"line":19,"column":5}},"9":{"start":{"line":18,"column":6},"end":{"line":18,"column":36}},"10":{"start":{"line":20,"column":55},"end":{"line":20,"column":60}},"11":{"start":{"line":21,"column":33},"end":{"line":21,"column":35}},"12":{"start":{"line":22,"column":4},"end":{"line":29,"column":5}},"13":{"start":{"line":23,"column":6},"end":{"line":28,"column":8}},"14":{"start":{"line":30,"column":19},"end":{"line":30,"column":37}},"15":{"start":{"line":31,"column":27},"end":{"line":31,"column":29}},"16":{"start":{"line":32,"column":4},"end":{"line":40,"column":5}},"17":{"start":{"line":33,"column":6},"end":{"line":33,"column":98}},"18":{"start":{"line":34,"column":11},"end":{"line":40,"column":5}},"19":{"start":{"line":35,"column":6},"end":{"line":35,"column":89}},"20":{"start":{"line":36,"column":11},"end":{"line":40,"column":5}},"21":{"start":{"line":37,"column":6},"end":{"line":37,"column":94}},"22":{"start":{"line":39,"column":6},"end":{"line":39,"column":54}},"23":{"start":{"line":41,"column":28},"end":{"line":69,"column":6}},"24":{"start":{"line":70,"column":23},"end":{"line":70,"column":54}},"25":{"start":{"line":71,"column":4},"end":{"line":81,"column":8}},"26":{"start":{"line":83,"column":4},"end":{"line":83,"column":16}},"27":{"start":{"line":14,"column":13},"end":{"line":14,"column":28}},"28":{"start":{"line":87,"column":31},"end":{"line":154,"column":1}},"29":{"start":{"line":88,"column":2},"end":{"line":153,"column":3}},"30":{"start":{"line":89,"column":29},"end":{"line":89,"column":66}},"31":{"start":{"line":90,"column":4},"end":{"line":92,"column":5}},"32":{"start":{"line":91,"column":6},"end":{"line":91,"column":36}},"33":{"start":{"line":93,"column":19},"end":{"line":93,"column":24}},"34":{"start":{"line":94,"column":21},"end":{"line":119,"column":6}},"35":{"start":{"line":120,"column":4},"end":{"line":122,"column":5}},"36":{"start":{"line":121,"column":6},"end":{"line":121,"column":52}},"37":{"start":{"line":123,"column":34},"end":{"line":124,"column":null}},"38":{"start":{"line":124,"column":20},"end":{"line":124,"column":52}},"39":{"start":{"line":126,"column":23},"end":{"line":127,"column":null}},"40":{"start":{"line":127,"column":33},"end":{"line":127,"column":60}},"41":{"start":{"line":129,"column":25},"end":{"line":131,"column":9}},"42":{"start":{"line":132,"column":30},"end":{"line":132,"column":32}},"43":{"start":{"line":133,"column":4},"end":{"line":138,"column":7}},"44":{"start":{"line":134,"column":26},"end":{"line":134,"column":43}},"45":{"start":{"line":135,"column":6},"end":{"line":137,"column":7}},"46":{"start":{"line":136,"column":8},"end":{"line":136,"column":73}},"47":{"start":{"line":139,"column":29},"end":{"line":142,"column":18}},"48":{"start":{"line":140,"column":38},"end":{"line":140,"column":60}},"49":{"start":{"line":141,"column":32},"end":{"line":141,"column":49}},"50":{"start":{"line":143,"column":27},"end":{"line":149,"column":6}},"51":{"start":{"line":150,"column":4},"end":{"line":150,"column":86}},"52":{"start":{"line":152,"column":4},"end":{"line":152,"column":16}},"53":{"start":{"line":87,"column":13},"end":{"line":87,"column":31}},"54":{"start":{"line":156,"column":30},"end":{"line":190,"column":1}},"55":{"start":{"line":157,"column":2},"end":{"line":189,"column":3}},"56":{"start":{"line":158,"column":29},"end":{"line":158,"column":68}},"57":{"start":{"line":159,"column":4},"end":{"line":161,"column":5}},"58":{"start":{"line":160,"column":6},"end":{"line":160,"column":36}},"59":{"start":{"line":162,"column":57},"end":{"line":162,"column":62}},"60":{"start":{"line":163,"column":29},"end":{"line":170,"column":6}},"61":{"start":{"line":171,"column":4},"end":{"line":178,"column":5}},"62":{"start":{"line":172,"column":6},"end":{"line":174,"column":7}},"63":{"start":{"line":173,"column":8},"end":{"line":173,"column":70}},"64":{"start":{"line":175,"column":6},"end":{"line":177,"column":7}},"65":{"start":{"line":176,"column":8},"end":{"line":176,"column":72}},"66":{"start":{"line":179,"column":21},"end":{"line":185,"column":6}},"67":{"start":{"line":186,"column":4},"end":{"line":186,"column":84}},"68":{"start":{"line":188,"column":4},"end":{"line":188,"column":16}},"69":{"start":{"line":156,"column":13},"end":{"line":156,"column":30}},"70":{"start":{"line":192,"column":30},"end":{"line":239,"column":1}},"71":{"start":{"line":193,"column":2},"end":{"line":238,"column":3}},"72":{"start":{"line":194,"column":55},"end":{"line":194,"column":92}},"73":{"start":{"line":195,"column":4},"end":{"line":197,"column":5}},"74":{"start":{"line":196,"column":6},"end":{"line":196,"column":42}},"75":{"start":{"line":198,"column":51},"end":{"line":198,"column":90}},"76":{"start":{"line":199,"column":4},"end":{"line":201,"column":5}},"77":{"start":{"line":200,"column":6},"end":{"line":200,"column":40}},"78":{"start":{"line":202,"column":19},"end":{"line":202,"column":30}},"79":{"start":{"line":203,"column":23},"end":{"line":203,"column":32}},"80":{"start":{"line":204,"column":21},"end":{"line":204,"column":48}},"81":{"start":{"line":205,"column":4},"end":{"line":207,"column":5}},"82":{"start":{"line":206,"column":6},"end":{"line":206,"column":52}},"83":{"start":{"line":208,"column":4},"end":{"line":233,"column":5}},"84":{"start":{"line":209,"column":34},"end":{"line":211,"column":8}},"85":{"start":{"line":212,"column":34},"end":{"line":212,"column":36}},"86":{"start":{"line":213,"column":6},"end":{"line":215,"column":7}},"87":{"start":{"line":214,"column":8},"end":{"line":214,"column":55}},"88":{"start":{"line":216,"column":6},"end":{"line":218,"column":7}},"89":{"start":{"line":217,"column":8},"end":{"line":217,"column":55}},"90":{"start":{"line":219,"column":6},"end":{"line":221,"column":7}},"91":{"start":{"line":220,"column":8},"end":{"line":220,"column":45}},"92":{"start":{"line":222,"column":31},"end":{"line":224,"column":8}},"93":{"start":{"line":225,"column":6},"end":{"line":232,"column":7}},"94":{"start":{"line":226,"column":8},"end":{"line":228,"column":9}},"95":{"start":{"line":227,"column":10},"end":{"line":227,"column":97}},"96":{"start":{"line":229,"column":8},"end":{"line":231,"column":9}},"97":{"start":{"line":230,"column":10},"end":{"line":230,"column":99}},"98":{"start":{"line":234,"column":4},"end":{"line":234,"column":38}},"99":{"start":{"line":235,"column":4},"end":{"line":235,"column":72}},"100":{"start":{"line":237,"column":4},"end":{"line":237,"column":16}},"101":{"start":{"line":192,"column":13},"end":{"line":192,"column":30}},"102":{"start":{"line":241,"column":30},"end":{"line":266,"column":1}},"103":{"start":{"line":242,"column":2},"end":{"line":265,"column":3}},"104":{"start":{"line":243,"column":29},"end":{"line":243,"column":66}},"105":{"start":{"line":244,"column":4},"end":{"line":246,"column":5}},"106":{"start":{"line":245,"column":6},"end":{"line":245,"column":36}},"107":{"start":{"line":247,"column":19},"end":{"line":247,"column":24}},"108":{"start":{"line":248,"column":21},"end":{"line":248,"column":48}},"109":{"start":{"line":249,"column":4},"end":{"line":251,"column":5}},"110":{"start":{"line":250,"column":6},"end":{"line":250,"column":52}},"111":{"start":{"line":252,"column":31},"end":{"line":257,"column":6}},"112":{"start":{"line":258,"column":4},"end":{"line":260,"column":5}},"113":{"start":{"line":259,"column":6},"end":{"line":259,"column":86}},"114":{"start":{"line":261,"column":4},"end":{"line":261,"column":29}},"115":{"start":{"line":262,"column":4},"end":{"line":262,"column":58}},"116":{"start":{"line":264,"column":4},"end":{"line":264,"column":16}},"117":{"start":{"line":241,"column":13},"end":{"line":241,"column":30}}},"fnMap":{"0":{"name":"(anonymous_1)","decl":{"start":{"line":14,"column":28},"end":{"line":14,"column":33}},"loc":{"start":{"line":14,"column":101},"end":{"line":85,"column":1}}},"1":{"name":"(anonymous_2)","decl":{"start":{"line":87,"column":31},"end":{"line":87,"column":36}},"loc":{"start":{"line":87,"column":104},"end":{"line":154,"column":1}}},"2":{"name":"(anonymous_3)","decl":{"start":{"line":124,"column":6},"end":{"line":124,"column":7}},"loc":{"start":{"line":124,"column":20},"end":{"line":124,"column":52}}},"3":{"name":"(anonymous_4)","decl":{"start":{"line":127,"column":6},"end":{"line":127,"column":7}},"loc":{"start":{"line":127,"column":33},"end":{"line":127,"column":60}}},"4":{"name":"(anonymous_5)","decl":{"start":{"line":133,"column":34},"end":{"line":133,"column":35}},"loc":{"start":{"line":133,"column":47},"end":{"line":138,"column":5}}},"5":{"name":"(anonymous_6)","decl":{"start":{"line":140,"column":11},"end":{"line":140,"column":12}},"loc":{"start":{"line":140,"column":38},"end":{"line":140,"column":60}}},"6":{"name":"(anonymous_7)","decl":{"start":{"line":141,"column":12},"end":{"line":141,"column":13}},"loc":{"start":{"line":141,"column":32},"end":{"line":141,"column":49}}},"7":{"name":"(anonymous_8)","decl":{"start":{"line":156,"column":30},"end":{"line":156,"column":35}},"loc":{"start":{"line":156,"column":103},"end":{"line":190,"column":1}}},"8":{"name":"(anonymous_9)","decl":{"start":{"line":192,"column":30},"end":{"line":192,"column":35}},"loc":{"start":{"line":192,"column":103},"end":{"line":239,"column":1}}},"9":{"name":"(anonymous_10)","decl":{"start":{"line":241,"column":30},"end":{"line":241,"column":35}},"loc":{"start":{"line":241,"column":103},"end":{"line":266,"column":1}}}},"branchMap":{"0":{"loc":{"start":{"line":17,"column":4},"end":{"line":19,"column":5}},"type":"if","locations":[{"start":{"line":17,"column":4},"end":{"line":19,"column":5}}]},"1":{"loc":{"start":{"line":22,"column":4},"end":{"line":29,"column":5}},"type":"if","locations":[{"start":{"line":22,"column":4},"end":{"line":29,"column":5}}]},"2":{"loc":{"start":{"line":32,"column":4},"end":{"line":40,"column":5}},"type":"if","locations":[{"start":{"line":32,"column":4},"end":{"line":40,"column":5}},{"start":{"line":34,"column":11},"end":{"line":40,"column":5}}]},"3":{"loc":{"start":{"line":34,"column":11},"end":{"line":40,"column":5}},"type":"if","locations":[{"start":{"line":34,"column":11},"end":{"line":40,"column":5}},{"start":{"line":36,"column":11},"end":{"line":40,"column":5}}]},"4":{"loc":{"start":{"line":36,"column":11},"end":{"line":40,"column":5}},"type":"if","locations":[{"start":{"line":36,"column":11},"end":{"line":40,"column":5}},{"start":{"line":38,"column":11},"end":{"line":40,"column":5}}]},"5":{"loc":{"start":{"line":90,"column":4},"end":{"line":92,"column":5}},"type":"if","locations":[{"start":{"line":90,"column":4},"end":{"line":92,"column":5}}]},"6":{"loc":{"start":{"line":120,"column":4},"end":{"line":122,"column":5}},"type":"if","locations":[{"start":{"line":120,"column":4},"end":{"line":122,"column":5}}]},"7":{"loc":{"start":{"line":127,"column":40},"end":{"line":127,"column":59}},"type":"binary-expr","locations":[{"start":{"line":127,"column":40},"end":{"line":127,"column":54}},{"start":{"line":127,"column":58},"end":{"line":127,"column":59}}]},"8":{"loc":{"start":{"line":129,"column":25},"end":{"line":131,"column":9}},"type":"cond-expr","locations":[{"start":{"line":130,"column":8},"end":{"line":130,"column":49}},{"start":{"line":131,"column":8},"end":{"line":131,"column":9}}]},"9":{"loc":{"start":{"line":135,"column":6},"end":{"line":137,"column":7}},"type":"if","locations":[{"start":{"line":135,"column":6},"end":{"line":137,"column":7}}]},"10":{"loc":{"start":{"line":136,"column":37},"end":{"line":136,"column":67}},"type":"binary-expr","locations":[{"start":{"line":136,"column":37},"end":{"line":136,"column":62}},{"start":{"line":136,"column":66},"end":{"line":136,"column":67}}]},"11":{"loc":{"start":{"line":159,"column":4},"end":{"line":161,"column":5}},"type":"if","locations":[{"start":{"line":159,"column":4},"end":{"line":161,"column":5}}]},"12":{"loc":{"start":{"line":171,"column":4},"end":{"line":178,"column":5}},"type":"if","locations":[{"start":{"line":171,"column":4},"end":{"line":178,"column":5}}]},"13":{"loc":{"start":{"line":172,"column":6},"end":{"line":174,"column":7}},"type":"if","locations":[{"start":{"line":172,"column":6},"end":{"line":174,"column":7}}]},"14":{"loc":{"start":{"line":175,"column":6},"end":{"line":177,"column":7}},"type":"if","locations":[{"start":{"line":175,"column":6},"end":{"line":177,"column":7}}]},"15":{"loc":{"start":{"line":195,"column":4},"end":{"line":197,"column":5}},"type":"if","locations":[{"start":{"line":195,"column":4},"end":{"line":197,"column":5}}]},"16":{"loc":{"start":{"line":199,"column":4},"end":{"line":201,"column":5}},"type":"if","locations":[{"start":{"line":199,"column":4},"end":{"line":201,"column":5}}]},"17":{"loc":{"start":{"line":205,"column":4},"end":{"line":207,"column":5}},"type":"if","locations":[{"start":{"line":205,"column":4},"end":{"line":207,"column":5}}]},"18":{"loc":{"start":{"line":208,"column":4},"end":{"line":233,"column":5}},"type":"if","locations":[{"start":{"line":208,"column":4},"end":{"line":233,"column":5}}]},"19":{"loc":{"start":{"line":208,"column":8},"end":{"line":208,"column":44}},"type":"binary-expr","locations":[{"start":{"line":208,"column":8},"end":{"line":208,"column":24}},{"start":{"line":208,"column":28},"end":{"line":208,"column":44}}]},"20":{"loc":{"start":{"line":213,"column":6},"end":{"line":215,"column":7}},"type":"if","locations":[{"start":{"line":213,"column":6},"end":{"line":215,"column":7}}]},"21":{"loc":{"start":{"line":216,"column":6},"end":{"line":218,"column":7}},"type":"if","locations":[{"start":{"line":216,"column":6},"end":{"line":218,"column":7}}]},"22":{"loc":{"start":{"line":219,"column":6},"end":{"line":221,"column":7}},"type":"if","locations":[{"start":{"line":219,"column":6},"end":{"line":221,"column":7}}]},"23":{"loc":{"start":{"line":225,"column":6},"end":{"line":232,"column":7}},"type":"if","locations":[{"start":{"line":225,"column":6},"end":{"line":232,"column":7}}]},"24":{"loc":{"start":{"line":226,"column":8},"end":{"line":228,"column":9}},"type":"if","locations":[{"start":{"line":226,"column":8},"end":{"line":228,"column":9}}]},"25":{"loc":{"start":{"line":229,"column":8},"end":{"line":231,"column":9}},"type":"if","locations":[{"start":{"line":229,"column":8},"end":{"line":231,"column":9}}]},"26":{"loc":{"start":{"line":244,"column":4},"end":{"line":246,"column":5}},"type":"if","locations":[{"start":{"line":244,"column":4},"end":{"line":246,"column":5}}]},"27":{"loc":{"start":{"line":249,"column":4},"end":{"line":251,"column":5}},"type":"if","locations":[{"start":{"line":249,"column":4},"end":{"line":251,"column":5}}]},"28":{"loc":{"start":{"line":258,"column":4},"end":{"line":260,"column":5}},"type":"if","locations":[{"start":{"line":258,"column":4},"end":{"line":260,"column":5}}]}},"s":{"0":0,"1":0,"2":0,"3":0,"4":0,"5":0,"6":0,"7":0,"8":0,"9":0,"10":0,"11":0,"12":0,"13":0,"14":0,"15":0,"16":0,"17":0,"18":0,"19":0,"20":0,"21":0,"22":0,"23":0,"24":0,"25":0,"26":0,"27":0,"28":0,"29":0,"30":0,"31":0,"32":0,"33":0,"34":0,"35":0,"36":0,"37":0,"38":0,"39":0,"40":0,"41":0,"42":0,"43":0,"44":0,"45":0,"46":0,"47":0,"48":0,"49":0,"50":0,"51":0,"52":0,"53":0,"54":0,"55":0,"56":0,"57":0,"58":0,"59":0,"60":0,"61":0,"62":0,"63":0,"64":0,"65":0,"66":0,"67":0,"68":0,"69":0,"70":0,"71":0,"72":0,"73":0,"74":0,"75":0,"76":0,"77":0,"78":0,"79":0,"80":0,"81":0,"82":0,"83":0,"84":0,"85":0,"86":0,"87":0,"88":0,"89":0,"90":0,"91":0,"92":0,"93":0,"94":0,"95":0,"96":0,"97":0,"98":0,"99":0,"100":0,"101":0,"102":0,"103":0,"104":0,"105":0,"106":0,"107":0,"108":0,"109":0,"110":0,"111":0,"112":0,"113":0,"114":0,"115":0,"116":0,"117":0},"f":{"0":0,"1":0,"2":0,"3":0,"4":0,"5":0,"6":0,"7":0,"8":0,"9":0},"b":{"0":[0],"1":[0],"2":[0,0],"3":[0,0],"4":[0,0],"5":[0],"6":[0],"7":[0,0],"8":[0,0],"9":[0],"10":[0,0],"11":[0],"12":[0],"13":[0],"14":[0],"15":[0],"16":[0],"17":[0],"18":[0],"19":[0,0],"20":[0],"21":[0],"22":[0],"23":[0],"24":[0],"25":[0],"26":[0],"27":[0],"28":[0]}}
,"/app/src/controllers/dashboardController.ts": {"path":"/app/src/controllers/dashboardController.ts","statementMap":{"0":{"start":{"line":2,"column":0},"end":{"line":2,"column":48}},"1":{"start":{"line":3,"column":0},"end":{"line":3,"column":49}},"2":{"start":{"line":4,"column":0},"end":{"line":4,"column":93}},"3":{"start":{"line":6,"column":11},"end":{"line":6,"column":31}},"4":{"start":{"line":7,"column":69},"end":{"line":7,"column":71}},"5":{"start":{"line":9,"column":33},"end":{"line":140,"column":1}},"6":{"start":{"line":10,"column":2},"end":{"line":139,"column":3}},"7":{"start":{"line":11,"column":18},"end":{"line":11,"column":28}},"8":{"start":{"line":12,"column":25},"end":{"line":12,"column":42}},"9":{"start":{"line":13,"column":23},"end":{"line":13,"column":38}},"10":{"start":{"line":14,"column":32},"end":{"line":14,"column":51}},"11":{"start":{"line":15,"column":30},"end":{"line":15,"column":47}},"12":{"start":{"line":16,"column":29},"end":{"line":16,"column":62}},"13":{"start":{"line":17,"column":27},"end":{"line":17,"column":58}},"14":{"start":{"line":18,"column":31},"end":{"line":28,"column":6}},"15":{"start":{"line":29,"column":24},"end":{"line":34,"column":6}},"16":{"start":{"line":31,"column":57},"end":{"line":31,"column":89}},"17":{"start":{"line":32,"column":55},"end":{"line":32,"column":85}},"18":{"start":{"line":33,"column":57},"end":{"line":33,"column":89}},"19":{"start":{"line":35,"column":27},"end":{"line":35,"column":49}},"20":{"start":{"line":36,"column":34},"end":{"line":42,"column":6}},"21":{"start":{"line":43,"column":27},"end":{"line":43,"column":46}},"22":{"start":{"line":44,"column":28},"end":{"line":55,"column":6}},"23":{"start":{"line":56,"column":32},"end":{"line":67,"column":11}},"24":{"start":{"line":68,"column":29},"end":{"line":79,"column":11}},"25":{"start":{"line":80,"column":26},"end":{"line":82,"column":9}},"26":{"start":{"line":83,"column":39},"end":{"line":89,"column":6}},"27":{"start":{"line":90,"column":31},"end":{"line":101,"column":6}},"28":{"start":{"line":102,"column":31},"end":{"line":113,"column":6}},"29":{"start":{"line":114,"column":27},"end":{"line":131,"column":6}},"30":{"start":{"line":132,"column":4},"end":{"line":132,"column":94}},"31":{"start":{"line":134,"column":4},"end":{"line":138,"column":5}},"32":{"start":{"line":135,"column":6},"end":{"line":135,"column":56}},"33":{"start":{"line":137,"column":6},"end":{"line":137,"column":72}},"34":{"start":{"line":9,"column":13},"end":{"line":9,"column":33}},"35":{"start":{"line":141,"column":31},"end":{"line":193,"column":1}},"36":{"start":{"line":142,"column":2},"end":{"line":192,"column":3}},"37":{"start":{"line":143,"column":27},"end":{"line":143,"column":36}},"38":{"start":{"line":144,"column":23},"end":{"line":144,"column":54}},"39":{"start":{"line":145,"column":20},"end":{"line":145,"column":42}},"40":{"start":{"line":146,"column":22},"end":{"line":146,"column":73}},"41":{"start":{"line":147,"column":24},"end":{"line":166,"column":6}},"42":{"start":{"line":167,"column":23},"end":{"line":170,"column":6}},"43":{"start":{"line":171,"column":22},"end":{"line":184,"column":6}},"44":{"start":{"line":173,"column":21},"end":{"line":173,"column":41}},"45":{"start":{"line":174,"column":8},"end":{"line":174,"column":43}},"46":{"start":{"line":178,"column":45},"end":{"line":178,"column":70}},"47":{"start":{"line":185,"column":4},"end":{"line":185,"column":87}},"48":{"start":{"line":187,"column":4},"end":{"line":191,"column":5}},"49":{"start":{"line":188,"column":6},"end":{"line":188,"column":56}},"50":{"start":{"line":190,"column":6},"end":{"line":190,"column":72}},"51":{"start":{"line":141,"column":13},"end":{"line":141,"column":31}},"52":{"start":{"line":194,"column":34},"end":{"line":242,"column":1}},"53":{"start":{"line":195,"column":2},"end":{"line":241,"column":3}},"54":{"start":{"line":196,"column":26},"end":{"line":196,"column":35}},"55":{"start":{"line":197,"column":23},"end":{"line":197,"column":53}},"56":{"start":{"line":198,"column":28},"end":{"line":221,"column":6}},"57":{"start":{"line":222,"column":30},"end":{"line":223,"column":null}},"58":{"start":{"line":223,"column":6},"end":{"line":223,"column":46}},"59":{"start":{"line":225,"column":35},"end":{"line":233,"column":7}},"60":{"start":{"line":225,"column":74},"end":{"line":233,"column":6}},"61":{"start":{"line":234,"column":4},"end":{"line":234,"column":95}},"62":{"start":{"line":236,"column":4},"end":{"line":240,"column":5}},"63":{"start":{"line":237,"column":6},"end":{"line":237,"column":56}},"64":{"start":{"line":239,"column":6},"end":{"line":239,"column":72}},"65":{"start":{"line":194,"column":13},"end":{"line":194,"column":34}},"66":{"start":{"line":243,"column":37},"end":{"line":291,"column":1}},"67":{"start":{"line":244,"column":2},"end":{"line":290,"column":3}},"68":{"start":{"line":245,"column":27},"end":{"line":245,"column":36}},"69":{"start":{"line":246,"column":23},"end":{"line":246,"column":54}},"70":{"start":{"line":247,"column":31},"end":{"line":272,"column":6}},"71":{"start":{"line":273,"column":34},"end":{"line":282,"column":7}},"72":{"start":{"line":273,"column":80},"end":{"line":282,"column":6}},"73":{"start":{"line":283,"column":4},"end":{"line":283,"column":91}},"74":{"start":{"line":285,"column":4},"end":{"line":289,"column":5}},"75":{"start":{"line":286,"column":6},"end":{"line":286,"column":56}},"76":{"start":{"line":288,"column":6},"end":{"line":288,"column":72}},"77":{"start":{"line":243,"column":13},"end":{"line":243,"column":37}}},"fnMap":{"0":{"name":"(anonymous_0)","decl":{"start":{"line":9,"column":3
[...]
column":31}},"9":{"start":{"line":13,"column":31},"end":{"line":28,"column":1}},"10":{"start":{"line":18,"column":2},"end":{"line":24,"column":3}},"11":{"start":{"line":19,"column":4},"end":{"line":23,"column":6}},"12":{"start":{"line":25,"column":2},"end":{"line":27,"column":4}},"13":{"start":{"line":13,"column":13},"end":{"line":13,"column":31}},"14":{"start":{"line":29,"column":23},"end":{"line":31,"column":1}},"15":{"start":{"line":30,"column":2},"end":{"line":30,"column":32}},"16":{"start":{"line":29,"column":13},"end":{"line":29,"column":23}}},"fnMap":{"0":{"name":"(anonymous_0)","decl":{"start":{"line":1,"column":31},"end":{"line":1,"column":32}},"loc":{"start":{"line":1,"column":58},"end":{"line":12,"column":1}}},"1":{"name":"(anonymous_1)","decl":{"start":{"line":13,"column":31},"end":{"line":13,"column":32}},"loc":{"start":{"line":17,"column":4},"end":{"line":28,"column":1}}},"2":{"name":"(anonymous_2)","decl":{"start":{"line":29,"column":23},"end":{"line":29,"column":24}},"loc":{"start":{"line":29,"column":58},"end":{"line":31,"column":1}}}},"branchMap":{"0":{"loc":{"start":{"line":2,"column":2},"end":{"line":4,"column":3}},"type":"if","locations":[{"start":{"line":2,"column":2},"end":{"line":4,"column":3}}]},"1":{"loc":{"start":{"line":5,"column":2},"end":{"line":7,"column":3}},"type":"if","locations":[{"start":{"line":5,"column":2},"end":{"line":7,"column":3}}]},"2":{"loc":{"start":{"line":8,"column":2},"end":{"line":10,"column":3}},"type":"if","locations":[{"start":{"line":8,"column":2},"end":{"line":10,"column":3}}]},"3":{"loc":{"start":{"line":8,"column":6},"end":{"line":8,"column":62}},"type":"binary-expr","locations":[{"start":{"line":8,"column":6},"end":{"line":8,"column":11}},{"start":{"line":8,"column":15},"end":{"line":8,"column":40}},{"start":{"line":8,"column":44},"end":{"line":8,"column":62}}]},"4":{"loc":{"start":{"line":18,"column":2},"end":{"line":24,"column":3}},"type":"if","locations":[{"start":{"line":18,"column":2},"end":{"line":24,"column":3}}]}},"s":{"0":0,"1":0,"2":0,"3":0,"4":0,"5":0,"6":0,"7":0,"8":0,"9":0,"10":0,"11":0,"12":0,"13":0,"14":0,"15":0,"16":0},"f":{"0":0,"1":0,"2":0},"b":{"0":[0],"1":[0],"2":[0],"3":[0,0,0],"4":[0]}}
,"/app/src/utils/hashUtils.ts": {"path":"/app/src/utils/hashUtils.ts","statementMap":{"0":{"start":{"line":1,"column":0},"end":{"line":1,"column":49}},"1":{"start":{"line":4,"column":4},"end":{"line":4,"column":59}},"2":{"start":{"line":7,"column":26},"end":{"line":7,"column":53}},"3":{"start":{"line":8,"column":17},"end":{"line":8,"column":50}},"4":{"start":{"line":9,"column":4},"end":{"line":12,"column":6}},"5":{"start":{"line":15,"column":17},"end":{"line":15,"column":36}},"6":{"start":{"line":16,"column":17},"end":{"line":16,"column":45}},"7":{"start":{"line":17,"column":4},"end":{"line":17,"column":29}},"8":{"start":{"line":20,"column":4},"end":{"line":29,"column":5}},"9":{"start":{"line":21,"column":27},"end":{"line":21,"column":52}},"10":{"start":{"line":22,"column":6},"end":{"line":24,"column":7}},"11":{"start":{"line":23,"column":8},"end":{"line":23,"column":21}},"12":{"start":{"line":25,"column":22},"end":{"line":25,"column":50}},"13":{"start":{"line":26,"column":6},"end":{"line":26,"column":30}},"14":{"start":{"line":28,"column":6},"end":{"line":28,"column":19}},"15":{"start":{"line":32,"column":4},"end":{"line":32,"column":47}},"16":{"start":{"line":35,"column":4},"end":{"line":35,"column":47}},"17":{"start":{"line":38,"column":4},"end":{"line":38,"column":56}},"18":{"start":{"line":41,"column":4},"end":{"line":41,"column":68}},"19":{"start":{"line":2,"column":0},"end":{"line":2,"column":13}}},"fnMap":{"0":{"name":"(anonymous_0)","decl":{"start":{"line":3,"column":2},"end":{"line":3,"column":8}},"loc":{"start":{"line":3,"column":28},"end":{"line":5,"column":3}}},"1":{"name":"(anonymous_1)","decl":{"start":{"line":6,"column":2},"end":{"line":6,"column":8}},"loc":{"start":{"line":6,"column":51},"end":{"line":13,"column":3}}},"2":{"name":"(anonymous_2)","decl":{"start":{"line":14,"column":2},"end":{"line":14,"column":8}},"loc":{"start":{"line":14,"column":38},"end":{"line":18,"column":3}}},"3":{"name":"(anonymous_3)","decl":{"start":{"line":19,"column":2},"end":{"line":19,"column":8}},"loc":{"start":{"line":19,"column":64},"end":{"line":30,"column":3}}},"4":{"name":"(anonymous_4)","decl":{"start":{"line":31,"column":2},"end":{"line":31,"column":8}},"loc":{"start":{"line":31,"column":41},"end":{"line":33,"column":3}}},"5":{"name":"(anonymous_5)","decl":{"start":{"line":34,"column":2},"end":{"line":34,"column":8}},"loc":{"start":{"line":34,"column":42},"end":{"line":36,"column":3}}},"6":{"name":"(anonymous_6)","decl":{"start":{"line":37,"column":2},"end":{"line":37,"column":8}},"loc":{"start":{"line":37,"column":25},"end":{"line":39,"column":3}}},"7":{"name":"(anonymous_7)","decl":{"start":{"line":40,"column":2},"end":{"line":40,"column":8}},"loc":{"start":{"line":40,"column":48},"end":{"line":42,"column":3}}}},"branchMap":{"0":{"loc":{"start":{"line":7,"column":26},"end":{"line":7,"column":53}},"type":"binary-expr","locations":[{"start":{"line":7,"column":26},"end":{"line":7,"column":30}},{"start":{"line":7,"column":34},"end":{"line":7,"column":53}}]},"1":{"loc":{"start":{"line":22,"column":6},"end":{"line":24,"column":7}},"type":"if","locations":[{"start":{"line":22,"column":6},"end":{"line":24,"column":7}}]},"2":{"loc":{"start":{"line":22,"column":10},"end":{"line":22,"column":24}},"type":"binary-expr","locations":[{"start":{"line":22,"column":10},"end":{"line":22,"column":15}},{"start":{"line":22,"column":19},"end":{"line":22,"column":24}}]},"3":{"loc":{"start":{"line":31,"column":22},"end":{"line":31,"column":41}},"type":"default-arg","locations":[{"start":{"line":31,"column":39},"end":{"line":31,"column":41}}]},"4":{"loc":{"start":{"line":34,"column":23},"end":{"line":34,"column":42}},"type":"default-arg","locations":[{"start":{"line":34,"column":40},"end":{"line":34,"column":42}}]}},"s":{"0":4,"1":0,"2":0,"3":0,"4":0,"5":0,"6":0,"7":0,"8":0,"9":0,"10":0,"11":0,"12":0,"13":0,"14":0,"15":0,"16":0,"17":0,"18":0,"19":4},"f":{"0":0,"1":0,"2":0,"3":0,"4":0,"5":0,"6":0,"7":0},"b":{"0":[0,0],"1":[0],"2":[0,0],"3":[0],"4":[0]}}
,"/app/src/utils/index.ts": {"path":"/app/src/utils/index.ts","statementMap":{"0":{"start":{"line":1,"column":0},"end":{"line":1,"column":9}},"1":{"start":{"line":1,"column":9},"end":{"line":1,"column":43}},"2":{"start":{"line":2,"column":0},"end":{"line":2,"column":9}},"3":{"start":{"line":2,"column":9},"end":{"line":2,"column":38}},"4":{"start":{"line":4,"column":0},"end":{"line":4,"column":9}},"5":{"start":{"line":4,"column":9},"end":{"line":4,"column":40}},"6":{"start":{"line":5,"column":0},"end":{"line":5,"column":9}},"7":{"start":{"line":5,"column":9},"end":{"line":5,"column":58}}},"fnMap":{"0":{"name":"(anonymous_0)","decl":{"start":{"line":1,"column":9},"end":{"line":1,"column":19}},"loc":{"start":{"line":1,"column":9},"end":{"line":1,"column":43}}},"1":{"name":"(anonymous_1)","decl":{"start":{"line":2,"column":9},"end":{"line":2,"column":17}},"loc":{"start":{"line":2,"column":9},"end":{"line":2,"column":38}}},"2":{"name":"(anonymous_2)","decl":{"start":{"line":4,"column":9},"end":{"line":4,"column":18}},"loc":{"start":{"line":4,"column":9},"end":{"line":4,"column":40}}},"3":{"name":"(anonymous_3)","decl":{"start":{"line":5,"column":9},"end":{"line":5,"column":30}},"loc":{"start":{"line":5,"column":9},"end":{"line":5,"column":58}}}},"branchMap":{},"s":{"0":4,"1":11,"2":4,"3":21,"4":4,"5":10,"6":4,"7":4},"f":{"0":7,"1":17,"2":6,"3":0},"b":{}}
,"/app/src/utils/logUtils.ts": {"path":"/app/src/utils/logUtils.ts","statementMap":{"0":{"start":{"line":1,"column":0},"end":{"line":1,"column":20}},"1":{"start":{"line":2,"column":0},"end":{"line":2,"column":24}},"2":{"start":{"line":3,"column":0},"end":{"line":3,"column":38}},"3":{"start":{"line":6,"column":4},"end":{"line":21,"column":5}},"4":{"start":{"line":7,"column":21},"end":{"line":7,"column":53}},"5":{"start":{"line":8,"column":20},"end":{"line":8,"column":53}},"6":{"start":{"line":9,"column":25},"end":{"line":9,"column":35}},"7":{"start":{"line":10,"column":6},"end":{"line":10,"column":60}},"8":{"start":{"line":11,"column":6},"end":{"line":18,"column":7}},"9":{"start":{"line":12,"column":25},"end":{"line":12,"column":48}},"10":{"start":{"line":13,"column":22},"end":{"line":13,"column":54}},"11":{"start":{"line":14,"column":8},"end":{"line":17,"column":9}},"12":{"start":{"line":15,"column":10},"end":{"line":15,"column":45}},"13":{"start":{"line":16,"column":10},"end":{"line":16,"column":79}},"14":{"start":{"line":20,"column":6},"end":{"line":20,"column":57}},"15":{"start":{"line":24,"column":4},"end":{"line":37,"column":5}},"16":{"start":{"line":25,"column":21},"end":{"line":25,"column":53}},"17":{"start":{"line":26,"column":20},"end":{"line":26,"column":53}},"18":{"start":{"line":27,"column":22},"end":{"line":27,"column":23}},"19":{"start":{"line":28,"column":6},"end":{"line":32,"column":7}},"20":{"start":{"line":29,"column":25},"end":{"line":29,"column":48}},"21":{"start":{"line":30,"column":22},"end":{"line":30,"column":54}},"22":{"start":{"line":31,"column":8},"end":{"line":31,"column":32}},"23":{"start":{"line":33,"column":6},"end":{"line":33,"column":23}},"24":{"start":{"line":35,"column":6},"end":{"line":35,"column":70}},"25":{"start":{"line":36,"column":6},"end":{"line":36,"column":15}},"26":{"start":{"line":40,"column":4},"end":{"line":45,"column":5}},"27":{"start":{"line":41,"column":21},"end":{"line":41,"column":53}},"28":{"start":{"line":42,"column":6},"end":{"line":42,"column":59}},"29":{"start":{"line":44,"column":6},"end":{"line":44,"column":60}},"30":{"start":{"line":4,"column":0},"end":{"line":4,"column":13}},"31":{"start":{"line":52,"column":4},"end":{"line":52,"column":23}},"32":{"start":{"line":53,"column":4},"end":{"line":53,"column":32}},"33":{"start":{"line":56,"column":21},"end":{"line":56,"column":48}},"34":{"start":{"line":57,"column":4},"end":{"line":62,"column":7}},"35":{"start":{"line":63,"column":4},"end":{"line":63,"column":20}},"36":{"start":{"line":66,"column":4},"end":{"line":76,"column":7}},"37":{"start":{"line":67,"column":22},"end":{"line":67,"column":51}},"38":{"start":{"line":68,"column":6},"end":{"line":75,"column":7}},"39":{"start":{"line":69,"column":23},"end":{"line":69,"column":40}},"40":{"start":{"line":70,"column":8},"end":{"line":70,"column":39}},"41":{"start":{"line":71,"column":8},"end":{"line":71,"column":24}},"42":{"start":{"line":73,"column":8},"end":{"line":73,"column":103}},"43":{"start":{"line":74,"column":8},"end":{"line":74,"column":22}},"44":{"start":{"line":48,"column":0},"end":{"line":48,"column":13}}},"fnMap":{"0":{"name":"(anonymous_1)","decl":{"start":{"line":5,"column":2},"end":{"line":5,"column":8}},"loc":{"start":{"line":5,"column":51},"end":{"line":22,"column":3}}},"1":{"name":"(anonymous_2)","decl":{"start":{"line":23,"column":2},"end":{"line":23,"column":8}},"loc":{"start":{"line":23,"column":34},"end":{"line":38,"column":3}}},"2":{"name":"(anonymous_3)","decl":{"start":{"line":39,"column":2},"end":{"line":39,"column":8}},"loc":{"start":{"line":39,"column":33},"end":{"line":46,"column":3}}},"3":{"name":"(anonymous_4)","decl":{"start":{"line":51,"column":2},"end":{"line":51,"column":14}},"loc":{"start":{"line":51,"column":27},"end":{"line":54,"column":3}}},"4":{"name":"(anonymous_5)","decl":{"start":{"line":55,"column":2},"end":{"line":55,"column":5}},"loc":{"start":{"line":55,"column":16},"end":{"line":64,"column":3}}},"5":{"name":"(anonymous_6)","decl":{"start":{"line":65,"column":2},"end":{"line":65,"column":8}},"loc":{"start":{"line":65,"column":60},"end":{"line":77,"column":3}}},"6":{"name":"(anonymous_7)","decl":{"start":{"line":66,"column":23},"end":{"line":66,"column":28}},"loc":{"start":{"line":66,"column":49},"end":{"line":76,"column":5}}}},"branchMap":{"0":{"loc":{"start":{"line":5,"column":28},"end":{"line":5,"column":51}},"type":"default-arg","locations":[{"start":{"line":5,"column":49},"end":{"line":5,"column":51}}]},"1":{"loc":{"start":{"line":14,"column":8},"end":{"line":17,"column":9}},"type":"if","locations":[{"start":{"line":14,"column":8},"end":{"line":17,"column":9}}]},"2":{"loc":{"start":{"line":73,"column":45},"end":{"line":73,"column":99}},"type":"cond-expr","locations":[{"start":{"line":73,"column":70},"end":{"line":73,"column":83}},{"start":{"line":73,"column":86},"end":{"line":73,"column":99}}]}},"s":{"0":0,"1":0,"2":0,"3":0,"4":0,"5":0,"6":0,"7":0,"8":0,"9":0,"10":0,"11":0,"12":0,"13":0,"14":0,"15":0,"16":0,"17":0,"18":0,"19":0,"20":0,"21":0,"22":0,"23":0,"24":0,"25":0,"26":0,"27":0,"28":0,"29":0,"30":0,"31":0,"32":0,"33":0,"34":0,"35":0,"36":0,"37":0,"38":0,"39":0,"40":0,"41":0,"42":0,"43":0,"44":0},"f":{"0":0,"1":0,"2":0,"3":0,"4":0,"5":0,"6":0},"b":{"0":[0],"1":[0],"2":[0,0]}}
,"/app/src/validations/adminValidation.ts": {"path":"/app/src/validations/adminValidation.ts","statementMap":{"0":{"start":{"line":1,"column":0},"end":{"line":1,"column":22}},"1":{"start":{"line":2,"column":13},"end":{"line":46,"column":3}}},"fnMap":{},"branchMap":{},"s":{"0":1,"1":1},"f":{},"b":{}}
,"/app/src/validations/appointmentValidation.ts": {"path":"/app/src/validations/appointmentValidation.ts","statementMap":{"0":{"start":{"line":1,"column":0},"end":{"line":1,"column":22}},"1":{"start":{"line":2,"column":13},"end":{"line":52,"column":3}},"2":{"start":{"line":53,"column":13},"end":{"line":64,"column":3}},"3":{"start":{"line":65,"column":13},"end":{"line":68,"column":3}},"4":{"start":{"line":69,"column":13},"end":{"line":71,"column":3}},"5":{"start":{"line":72,"column":13},"end":{"line":76,"column":3}}},"fnMap":{},"branchMap":{},"s":{"0":0,"1":0,"2":0,"3":0,"4":0,"5":0},"f":{},"b":{}}
,"/app/src/validations/authValidation.ts": {"path":"/app/src/validations/authValidation.ts","statementMap":{"0":{"start":{"line":1,"column":0},"end":{"line":1,"column":22}},"1":{"start":{"line":2,"column":13},"end":{"line":22,"column":3}},"2":{"start":{"line":23,"column":13},"end":{"line":63,"column":3}}},"fnMap":{},"branchMap":{},"s":{"0":1,"1":1,"2":1},"f":{},"b":{}}
,"/app/src/validations/contactValidation.ts": {"path":"/app/src/validations/contactValidation.ts","statementMap":{"0":{"start":{"line":1,"column":0},"end":{"line":1,"column":22}},"1":{"start":{"line":2,"column":13},"end":{"line":44,"column":3}},"2":{"start":{"line":45,"column":13},"end":{"line":58,"column":3}},"3":{"start":{"line":59,"column":13},"end":{"line":66,"column":3}},"4":{"start":{"line":67,"column":13},"end":{"line":77,"column":3}},"5":{"start":{"line":78,"column":13},"end":{"line":90,"column":3}}},"fnMap":{},"branchMap":{},"s":{"0":0,"1":0,"2":0,"3":0,"4":0,"5":0},"f":{},"b":{}}
,"/app/src/validations/contentValidation.ts": {"path":"/app/src/validations/contentValidation.ts","statementMap":{"0":{"start":{"line":1,"column":0},"end":{"line":1,"column":22}},"1":{"start":{"line":2,"column":13},"end":{"line":25,"column":3}},"2":{"start":{"line":26,"column":13},"end":{"line":61,"column":3}},"3":{"start":{"line":62,"column":13},"end":{"line":70,"column":3}},"4":{"start":{"line":71,"column":13},"end":{"line":78,"column":3}}},"fnMap":{},"branchMap":{},"s":{"0":0,"1":0,"2":0,"3":0,"4":0},"f":{},"b":{}}
,"/app/src/validations/customerValidation.ts": {"path":"/app/src/validations/customerValidation.ts","statementMap":{"0":{"start":{"line":1,"column":0},"end":{"line":1,"column":22}},"1":{"start":{"line":2,"column":13},"end":{"line":8,"column":3}},"2":{"start":{"line":9,"column":13},"end":{"line":11,"column":3}},"3":{"start":{"line":12,"column":13},"end":{"line":45,"column":3}},"4":{"start":{"line":46,"column":13},"end":{"line":77,"column":3}}},"fnMap":{},"branchMap":{},"s":{"0":0,"1":0,"2":0,"3":0,"4":0},"f":{},"b":{}}
,"/app/src/validations/reportValidation.ts": {"path":"/app/src/validations/reportValidation.ts","statementMap":{"0":{"start":{"line":1,"column":0},"end":{"line":1,"column":22}},"1":{"start":{"line":2,"column":13},"end":{"line":28,"column":3}},"2":{"start":{"line":29,"column":13},"end":{"line":55,"column":3}},"3":{"start":{"line":56,"column":13},"end":{"line":73,"column":3}},"4":{"start":{"line":74,"column":13},"end":{"line":97,"column":3}},"5":{"start":{"line":98,"column":13},"end":{"line":116,"column":3}}},"fnMap":{},"branchMap":{},"s":{"0":0,"1":0,"2":0,"3":0,"4":0,"5":0},"f":{},"b":{}}
,"/app/src/validations/serviceValidation.ts": {"path":"/app/src/validations/serviceValidation.ts","statementMap":{"0":{"start":{"line":1,"column":0},"end":{"line":1,"column":22}},"1":{"start":{"line":2,"column":13},"end":{"line":33,"column":3}},"2":{"start":{"line":34,"column":13},"end":{"line":43,"column":3}},"3":{"start":{"line":44,"column":13},"end":{"line":57,"column":3}},"4":{"start":{"line":58,"column":13},"end":{"line":64,"column":3}},"5":{"start":{"line":65,"column":13},"end":{"line":78,"column":3}},"6":{"start":{"line":79,"column":13},"end":{"line":86,"column":3}},"7":{"start":{"line":87,"column":13},"end":{"line":94,"column":3}},"8":{"start":{"line":95,"column":13},"end":{"line":102,"column":3}},"9":{"start":{"line":103,"column":31},"end":{"line":107,"column":2}},"10":{"start":{"line":108,"column":18},"end":{"line":111,"column":2}},"11":{"start":{"line":112,"column":13},"end":{"line":132,"column":3}},"12":{"start":{"line":133,"column":31},"end":{"line":148,"column":1}},"13":{"start":{"line":134,"column":17},"end":{"line":134,"column":68}},"14":{"start":{"line":135,"column":2},"end":{"line":143,"column":3}},"15":{"start":{"line":136,"column":4},"end":{"line":142,"column":6}},"16":{"start":{"line":138,"column":49},"end":{"line":141,"column":8}},"17":{"start":{"line":144,"column":2},"end":{"line":147,"column":4}},"18":{"start":{"line":133,"column":13},"end":{"line":133,"column":31}},"19":{"start":{"line":149,"column":13},"end":{"line":160,"column":3}}},"fnMap":{"0":{"name":"(anonymous_1)","decl":{"start":{"line":133,"column":31},"end":{"line":133,"column":32}},"loc":{"start":{"line":133,"column":45},"end":{"line":148,"column":1}}},"1":{"name":"(anonymous_2)","decl":{"start":{"line":138,"column":39},"end":{"line":138,"column":44}},"loc":{"start":{"line":138,"column":49},"end":{"line":141,"column":8}}}},"branchMap":{"0":{"loc":{"start":{"line":135,"column":2},"end":{"line":143,"column":3}},"type":"if","locations":[{"start":{"line":135,"column":2},"end":{"line":143,"column":3}}]}},"s":{"0":1,"1":1,"2":1,"3":1,"4":1,"5":1,"6":1,"7":1,"8":1,"9":1,"10":1,"11":1,"12":1,"13":0,"14":0,"15":0,"16":0,"17":0,"18":1,"19":1},"f":{"0":0,"1":0},"b":{"0":[0]}}
,"/app/src/validations/settingsValidation.ts": {"path":"/app/src/validations/settingsValidation.ts","statementMap":{"0":{"start":{"line":1,"column":0},"end":{"line":1,"column":22}},"1":{"start":{"line":2,"column":13},"end":{"line":44,"column":3}},"2":{"start":{"line":45,"column":13},"end":{"line":84,"column":3}},"3":{"start":{"line":85,"column":13},"end":{"line":112,"column":3}},"4":{"start":{"line":113,"column":13},"end":{"line":156,"column":3}},"5":{"start":{"line":157,"column":13},"end":{"line":176,"column":3}},"6":{"start":{"line":177,"column":13},"end":{"line":199,"column":3}},"7":{"start":{"line":200,"column":13},"end":{"line":214,"column":3}},"8":{"start":{"line":215,"column":13},"end":{"line":222,"column":3}}},"fnMap":{},"branchMap":{},"s":{"0":0,"1":0,"2":0,"3":0,"4":0,"5":0,"6":0,"7":0,"8":0},"f":{},"b":{}}
,"/app/src/validations/staffValidation.ts": {"path":"/app/src/validations/staffValidation.ts","statementMap":{"0":{"start":{"line":1,"column":0},"end":{"line":1,"column":22}},"1":{"start":{"line":2,"column":13},"end":{"line":9,"column":3}},"2":{"start":{"line":10,"column":13},"end":{"line":12,"column":3}},"3":{"start":{"line":13,"column":13},"end":{"line":62,"column":3}},"4":{"start":{"line":63,"column":13},"end":{"line":110,"column":3}},"5":{"start":{"line":111,"column":13},"end":{"line":124,"column":3}}},"fnMap":{},"branchMap":{},"s":{"0":0,"1":0,"2":0,"3":0,"4":0,"5":0},"f":{},"b":{}}
}
