TN:
SF:src/config/cors.ts
FNF:0
FNH:0
DA:1,0
DA:4,0
LF:2
LH:0
BRF:0
BRH:0
end_of_record
TN:
SF:src/config/database.ts
FN:5,(anonymous_1)
FN:35,(anonymous_2)
FN:53,(anonymous_3)
FN:70,(anonymous_4)
FN:90,(anonymous_5)
FNF:5
FNH:0
FNDA:0,(anonymous_1)
FNDA:0,(anonymous_2)
FNDA:0,(anonymous_3)
FNDA:0,(anonymous_4)
FNDA:0,(anonymous_5)
DA:1,1
DA:2,1
DA:3,1
DA:5,1
DA:6,0
DA:7,0
DA:9,0
DA:11,1
DA:33,1
DA:35,1
DA:36,0
DA:37,0
DA:38,0
DA:43,0
DA:45,0
DA:50,0
DA:53,1
DA:54,0
DA:55,0
DA:56,0
DA:57,0
DA:61,0
DA:62,0
DA:64,0
DA:67,0
DA:70,1
DA:71,0
DA:72,0
DA:73,0
DA:74,0
DA:75,0
DA:82,0
DA:90,1
DA:91,0
DA:92,0
DA:93,0
DA:95,0
DA:98,0
DA:101,1
LF:39
LH:11
BRDA:6,0,0,0
BRF:1
BRH:0
end_of_record
TN:
SF:src/config/env.ts
FNF:0
FNH:0
DA:2,4
DA:4,4
DA:8,4
DA:28,4
LF:4
LH:4
BRDA:5,0,0,4
BRDA:5,0,1,0
BRDA:9,1,0,4
BRDA:9,1,1,0
BRDA:10,2,0,4
BRDA:10,2,1,0
BRDA:11,3,0,4
BRDA:11,3,1,0
BRDA:12,4,0,4
BRDA:12,4,1,0
BRDA:13,5,0,4
BRDA:13,5,1,0
BRDA:14,6,0,4
BRDA:14,6,1,0
BRDA:15,7,0,4
BRDA:15,7,1,0
BRDA:16,8,0,4
BRDA:16,8,1,0
BRDA:17,9,0,4
BRDA:17,9,1,4
BRDA:18,10,0,4
BRDA:18,10,1,4
BRDA:19,11,0,4
BRDA:19,11,1,4
BRDA:20,12,0,4
BRDA:20,12,1,4
BRDA:21,13,0,4
BRDA:21,13,1,4
BRDA:22,14,0,4
BRDA:22,14,1,0
BRDA:23,15,0,4
BRDA:23,15,1,0
BRDA:24,16,0,4
BRDA:24,16,1,0
BRDA:25,17,0,4
BRDA:25,17,1,4
BRF:36
BRH:24
end_of_record
TN:
SF:src/config/logger.ts
FN:15,(anonymous_1)
FN:83,(anonymous_2)
FN:92,(anonymous_3)
FN:103,(anonymous_4)
FN:112,(anonymous_5)
FN:119,(anonymous_6)
FNF:6
FNH:0
FNDA:0,(anonymous_1)
FNDA:0,(anonymous_2)
FNDA:0,(anonymous_3)
FNDA:0,(anonymous_4)
FNDA:0,(anonymous_5)
FNDA:0,(anonymous_6)
DA:1,2
DA:2,2
DA:3,2
DA:5,2
DA:12,2
DA:16,0
DA:17,0
DA:18,0
DA:20,0
DA:24,2
DA:25,2
DA:66,2
DA:67,2
DA:72,2
DA:73,0
DA:81,2
DA:82,2
DA:84,0
DA:93,0
DA:94,0
DA:104,0
DA:113,0
DA:120,0
LF:23
LH:12
BRDA:17,0,0,0
BRDA:26,1,0,2
BRDA:26,1,1,0
BRDA:30,2,0,2
BRDA:30,2,1,0
BRDA:66,3,0,2
BRDA:72,4,0,0
BRDA:88,5,0,0
BRDA:88,5,1,0
BRDA:93,6,0,0
BRDA:93,6,1,0
BRF:11
BRH:3
end_of_record
TN:
SF:src/config/session.ts
FNF:0
FNH:0
DA:1,0
DA:2,0
DA:4,0
LF:3
LH:0
BRF:0
BRH:0
end_of_record
TN:
SF:src/controllers/adminController.ts
FN:10,(anonymous_1)
FNF:1
FNH:1
FNDA:3,(anonymous_1)
DA:2,1
DA:3,1
DA:4,1
DA:8,1
DA:10,1
DA:11,3
DA:12,3
DA:13,3
DA:14,1
DA:16,2
DA:17,2
DA:18,2
DA:19,1
DA:21,1
DA:22,1
DA:23,0
DA:25,1
DA:26,1
DA:33,1
DA:34,1
DA:35,1
DA:37,2
LF:22
LH:21
BRDA:13,0,0,1
BRDA:16,1,0,0
BRDA:18,2,0,1
BRDA:22,3,0,0
BRF:4
BRH:2
end_of_record
TN:
SF:src/controllers/appointmentController.ts
FN:16,(anonymous_1)
FN:77,(anonymous_2)
FN:133,(anonymous_3)
FN:255,(anonymous_4)
FN:313,(anonymous_5)
FN:354,(anonymous_6)
FN:357,(anonymous_7)
FN:394,(anonymous_8)
FNF:8
FNH:0
FNDA:0,(anonymous_1)
FNDA:0,(anonymous_2)
FNDA:0,(anonymous_3)
FNDA:0,(anonymous_4)
FNDA:0,(anonymous_5)
FNDA:0,(anonymous_6)
FNDA:0,(anonymous_7)
FNDA:0,(anonymous_8)
DA:2,0
DA:3,0
DA:4,0
DA:5,0
DA:13,0
DA:14,0
DA:16,0
DA:17,0
DA:18,0
DA:19,0
DA:20,0
DA:33,0
DA:34,0
DA:35,0
DA:36,0
DA:37,0
DA:38,0
DA:40,0
DA:41,0
DA:42,0
DA:43,0
DA:66,0
DA:67,0
DA:77,0
DA:118,0
DA:119,0
DA:127,0
DA:129,0
DA:133,0
DA:134,0
DA:135,0
DA:136,0
DA:137,0
DA:139,0
DA:140,0
DA:141,0
DA:142,0
DA:144,0
DA:145,0
DA:146,0
DA:148,0
DA:149,0
DA:150,0
DA:151,0
DA:152,0
DA:183,0
DA:184,0
DA:186,0
DA:194,0
DA:195,0
DA:202,0
DA:203,0
DA:204,0
DA:206,0
DA:219,0
DA:225,0
DA:249,0
DA:251,0
DA:255,0
DA:256,0
DA:257,0
DA:258,0
DA:259,0
DA:261,0
DA:262,0
DA:263,0
DA:265,0
DA:266,0
DA:267,0
DA:269,0
DA:270,0
DA:271,0
DA:273,0
DA:277,0
DA:283,0
DA:307,0
DA:309,0
DA:313,0
DA:314,0
DA:315,0
DA:316,0
DA:317,0
DA:319,0
DA:320,0
DA:325,0
DA:326,0
DA:328,0
DA:354,0
DA:355,0
DA:356,0
DA:357,0
DA:358,0
DA:359,0
DA:360,0
DA:361,0
DA:362,0
DA:363,0
DA:366,0
DA:367,0
DA:388,0
DA:390,0
DA:394,0
DA:395,0
DA:396,0
DA:397,0
DA:398,0
DA:400,0
DA:436,0
DA:437,0
DA:439,0
DA:441,0
LF:111
LH:0
BRDA:19,0,0,0
BRDA:35,1,0,0
BRDA:35,2,0,0
BRDA:35,2,1,0
BRDA:37,3,0,0
BRDA:38,4,0,0
BRDA:40,5,0,0
BRDA:41,6,0,0
BRDA:42,7,0,0
BRDA:63,8,0,0
BRDA:63,8,1,0
BRDA:72,9,0,0
BRDA:72,9,1,0
BRDA:73,10,0,0
BRDA:73,10,1,0
BRDA:136,11,0,0
BRDA:141,12,0,0
BRDA:145,13,0,0
BRDA:145,14,0,0
BRDA:145,14,1,0
BRDA:183,15,0,0
BRDA:194,16,0,0
BRDA:203,17,0,0
BRDA:216,18,0,0
BRDA:216,18,1,0
BRDA:217,19,0,0
BRDA:217,19,1,0
BRDA:223,20,0,0
BRDA:223,20,1,0
BRDA:258,21,0,0
BRDA:262,22,0,0
BRDA:266,23,0,0
BRDA:270,24,0,0
BRDA:275,25,0,0
BRDA:275,25,1,0
BRDA:280,26,0,0
BRDA:280,26,1,0
BRDA:281,27,0,0
BRDA:281,27,1,0
BRDA:316,28,0,0
BRDA:325,29,0,0
BRDA:358,30,0,0
BRDA:358,30,1,0
BRDA:358,30,2,0
BRDA:358,30,3,0
BRDA:358,30,4,0
BRDA:397,31,0,0
BRDA:436,32,0,0
BRF:48
BRH:0
end_of_record
TN:
SF:src/controllers/authController.ts
FN:11,(anonymous_1)
FN:38,(anonymous_2)
FN:56,(anonymous_3)
FN:58,(anonymous_4)
FN:69,(anonymous_5)
FNF:5
FNH:5
FNDA:4,(anonymous_1)
FNDA:1,(anonymous_2)
FNDA:2,(anonymous_3)
FNDA:2,(anonymous_4)
FNDA:1,(anonymous_5)
DA:2,1
DA:3,1
DA:4,1
DA:8,1
DA:9,1
DA:11,1
DA:12,4
DA:13,4
DA:14,4
DA:15,1
DA:17,3
DA:18,3
DA:24,3
DA:25,1
DA:27,2
DA:28,2
DA:29,1
DA:31,1
DA:32,1
DA:38,1
DA:39,1
DA:40,0
DA:43,1
DA:53,3
DA:56,1
DA:57,2
DA:58,2
DA:59,2
DA:60,1
DA:62,1
DA:63,1
DA:66,1
DA:69,1
DA:70,1
DA:71,1
DA:75,0
LF:36
LH:34
BRDA:14,0,0,1
BRDA:24,1,0,1
BRDA:28,2,0,1
BRDA:39,3,0,0
BRDA:59,4,0,1
BRF:5
BRH:4
end_of_record
TN:
SF:src/controllers/contactController.ts
FN:13,(anonymous_1)
FN:18,(anonymous_2)
FN:34,(anonymous_3)
FN:58,(anonymous_4)
FN:83,(anonymous_5)
FN:112,(anonymous_6)
FN:124,(anonymous_7)
FN:150,(anonymous_8)
FN:170,(anonymous_9)
FN:202,(anonymous_10)
FN:207,(anonymous_11)
FNF:11
FNH:0
FNDA:0,(anonymous_1)
FNDA:0,(anonymous_2)
FNDA:0,(anonymous_3)
FNDA:0,(anonymous_4)
FNDA:0,(anonymous_5)
FNDA:0,(anonymous_6)
FNDA:0,(anonymous_7)
FNDA:0,(anonymous_8)
FNDA:0,(anonymous_9)
FNDA:0,(anonymous_10)
FNDA:0,(anonymous_11)
DA:2,0
DA:3,0
DA:4,0
DA:10,0
DA:11,0
DA:13,0
DA:14,0
DA:15,0
DA:17,0
DA:18,0
DA:23,0
DA:24,0
DA:25,0
DA:26,0
DA:27,0
DA:28,0
DA:31,0
DA:34,0
DA:35,0
DA:36,0
DA:37,0
DA:39,0
DA:40,0
DA:41,0
DA:42,0
DA:44,0
DA:52,0
DA:58,0
DA:59,0
DA:60,0
DA:63,0
DA:79,0
DA:83,0
DA:84,0
DA:85,0
DA:86,0
DA:88,0
DA:89,0
DA:91,0
DA:92,0
DA:99,0
DA:101,0
DA:105,0
DA:112,0
DA:113,0
DA:115,0
DA:121,0
DA:124,0
DA:125,0
DA:126,0
DA:127,0
DA:128,0
DA:130,0
DA:131,0
DA:133,0
DA:134,0
DA:135,0
DA:138,0
DA:143,0
DA:144,0
DA:146,0
DA:150,0
DA:151,0
DA:152,0
DA:153,0
DA:155,0
DA:156,0
DA:158,0
DA:164,0
DA:166,0
DA:170,0
DA:171,0
DA:172,0
DA:173,0
DA:174,0
DA:176,0
DA:195,0
DA:202,0
DA:207,0
DA:213,0
LF:80
LH:0
BRDA:17,0,0,0
BRDA:23,1,0,0
BRDA:24,2,0,0
BRDA:25,3,0,0
BRDA:25,4,0,0
BRDA:25,4,1,0
BRDA:27,5,0,0
BRDA:28,6,0,0
BRDA:37,7,0,0
BRDA:42,8,0,0
BRDA:42,8,1,0
BRDA:86,9,0,0
BRDA:89,10,0,0
BRDA:91,11,0,0
BRDA:128,12,0,0
BRDA:128,13,0,0
BRDA:128,13,1,0
BRDA:128,14,0,0
BRDA:128,14,1,0
BRDA:131,15,0,0
BRDA:134,16,0,0
BRDA:153,17,0,0
BRDA:156,18,0,0
BRDA:200,19,0,0
BRDA:200,19,1,0
BRDA:205,20,0,0
BRDA:205,20,1,0
BRF:27
BRH:0
end_of_record
TN:
SF:src/controllers/contentController.ts
FN:12,(anonymous_1)
FN:63,(anonymous_2)
FNF:2
FNH:0
FNDA:0,(anonymous_1)
FNDA:0,(anonymous_2)
DA:2,0
DA:3,0
DA:4,0
DA:9,0
DA:10,0
DA:12,0
DA:13,0
DA:14,0
DA:15,0
DA:16,0
DA:18,0
DA:19,0
DA:20,0
DA:21,0
DA:26,0
DA:27,0
DA:29,0
DA:30,0
DA:32,0
DA:33,0
DA:46,0
DA:47,0
DA:59,0
DA:63,0
DA:64,0
DA:65,0
DA:66,0
DA:67,0
DA:69,0
DA:70,0
DA:71,0
DA:72,0
DA:74,0
DA:83,0
DA:92,0
DA:94,0
LF:36
LH:0
BRDA:15,0,0,0
BRDA:20,1,0,0
BRDA:26,2,0,0
BRDA:29,3,0,0
BRDA:66,4,0,0
BRDA:71,5,0,0
BRDA:79,6,0,0
BRDA:79,6,1,0
BRF:8
BRH:0
end_of_record
TN:
SF:src/controllers/customerController.ts
FN:14,(anonymous_1)
FN:87,(anonymous_2)
FN:124,(anonymous_3)
FN:127,(anonymous_4)
FN:133,(anonymous_5)
FN:140,(anonymous_6)
FN:141,(anonymous_7)
FN:156,(anonymous_8)
FN:192,(anonymous_9)
FN:241,(anonymous_10)
FNF:10
FNH:0
FNDA:0,(anonymous_1)
FNDA:0,(anonymous_2)
FNDA:0,(anonymous_3)
FNDA:0,(anonymous_4)
FNDA:0,(anonymous_5)
FNDA:0,(anonymous_6)
FNDA:0,(anonymous_7)
FNDA:0,(anonymous_8)
FNDA:0,(anonymous_9)
FNDA:0,(anonymous_10)
DA:2,0
DA:3,0
DA:4,0
DA:11,0
DA:12,0
DA:14,0
DA:15,0
DA:16,0
DA:17,0
DA:18,0
DA:20,0
DA:21,0
DA:22,0
DA:23,0
DA:30,0
DA:31,0
DA:32,0
DA:33,0
DA:34,0
DA:35,0
DA:36,0
DA:37,0
DA:39,0
DA:41,0
DA:70,0
DA:71,0
DA:83,0
DA:87,0
DA:88,0
DA:89,0
DA:90,0
DA:91,0
DA:93,0
DA:94,0
DA:120,0
DA:121,0
DA:123,0
DA:124,0
DA:126,0
DA:127,0
DA:129,0
DA:132,0
DA:133,0
DA:134,0
DA:135,0
DA:136,0
DA:139,0
DA:140,0
DA:141,0
DA:143,0
DA:150,0
DA:152,0
DA:156,0
DA:157,0
DA:158,0
DA:159,0
DA:160,0
DA:162,0
DA:163,0
DA:171,0
DA:172,0
DA:173,0
DA:175,0
DA:176,0
DA:179,0
DA:186,0
DA:188,0
DA:192,0
DA:193,0
DA:194,0
DA:195,0
DA:196,0
DA:198,0
DA:199,0
DA:200,0
DA:202,0
DA:203,0
DA:204,0
DA:205,0
DA:206,0
DA:208,0
DA:209,0
DA:212,0
DA:213,0
DA:214,0
DA:216,0
DA:217,0
DA:219,0
DA:220,0
DA:222,0
DA:225,0
DA:226,0
DA:227,0
DA:229,0
DA:230,0
DA:234,0
DA:235,0
DA:237,0
DA:241,0
DA:242,0
DA:243,0
DA:244,0
DA:245,0
DA:247,0
DA:248,0
DA:249,0
DA:250,0
DA:252,0
DA:258,0
DA:259,0
DA:261,0
DA:262,0
DA:264,0
LF:113
LH:0
BRDA:17,0,0,0
BRDA:22,1,0,0
BRDA:32,2,0,0
BRDA:32,2,1,0
BRDA:34,3,0,0
BRDA:34,3,1,0
BRDA:36,4,0,0
BRDA:36,4,1,0
BRDA:90,5,0,0
BRDA:120,6,0,0
BRDA:127,7,0,0
BRDA:127,7,1,0
BRDA:129,8,0,0
BRDA:129,8,1,0
BRDA:135,9,0,0
BRDA:136,10,0,0
BRDA:136,10,1,0
BRDA:159,11,0,0
BRDA:171,12,0,0
BRDA:172,13,0,0
BRDA:175,14,0,0
BRDA:195,15,0,0
BRDA:199,16,0,0
BRDA:205,17,0,0
BRDA:208,18,0,0
BRDA:208,19,0,0
BRDA:208,19,1,0
BRDA:213,20,0,0
BRDA:216,21,0,0
BRDA:219,22,0,0
BRDA:225,23,0,0
BRDA:226,24,0,0
BRDA:229,25,0,0
BRDA:244,26,0,0
BRDA:249,27,0,0
BRDA:258,28,0,0
BRF:36
BRH:0
end_of_record
TN:
SF:src/controllers/dashboardController.ts
FN:9,(anonymous_0)
FN:31,(anonymous_1)
FN:32,(anonymous_2)
FN:33,(anonymous_3)
FN:141,(anonymous_4)
FN:172,(anonymous_5)
FN:178,(anonymous_6)
FN:194,(anonymous_7)
FN:222,(anonymous_8)
FN:225,(anonymous_9)
FN:243,(anonymous_10)
FN:273,(anonymous_11)
FNF:12
FNH:0
FNDA:0,(anonymous_0)
FNDA:0,(anonymous_1)
FNDA:0,(anonymous_2)
FNDA:0,(anonymous_3)
FNDA:0,(anonymous_4)
FNDA:0,(anonymous_5)
FNDA:0,(anonymous_6)
FNDA:0,(anonymous_7)
FNDA:0,(anonymous_8)
FNDA:0,(anonymous_9)
FNDA:0,(anonymous_10)
FNDA:0,(anonymous_11)
DA:2,0
DA:3,0
DA:4,0
DA:6,0
DA:7,0
DA:9,0
DA:10,0
DA:11,0
DA:12,0
DA:13,0
DA:14,0
DA:15,0
DA:16,0
DA:17,0
DA:18,0
DA:29,0
DA:31,0
DA:32,0
DA:33,0
DA:35,0
DA:36,0
DA:43,0
DA:44,0
DA:56,0
DA:68,0
DA:80,0
DA:83,0
DA:90,0
DA:102,0
DA:114,0
DA:132,0
DA:134,0
DA:135,0
DA:137,0
DA:141,0
DA:142,0
DA:143,0
DA:144,0
DA:145,0
DA:146,0
DA:147,0
DA:167,0
DA:171,0
DA:173,0
DA:174,0
DA:178,0
DA:185,0
DA:187,0
DA:188,0
DA:190,0
DA:194,0
DA:195,0
DA:196,0
DA:197,0
DA:198,0
DA:222,0
DA:223,0
DA:225,0
DA:234,0
DA:236,0
DA:237,0
DA:239,0
DA:243,0
DA:244,0
DA:245,0
DA:246,0
DA:247,0
DA:273,0
DA:283,0
DA:285,0
DA:286,0
DA:288,0
LF:72
LH:0
BRDA:56,0,0,0
BRDA:56,0,1,0
BRDA:68,1,0,0
BRDA:68,1,1,0
BRDA:80,2,0,0
BRDA:80,2,1,0
BRDA:134,3,0,0
BRDA:134,3,1,0
BRDA:143,4,0,0
BRDA:144,5,0,0
BRDA:144,5,1,0
BRDA:178,6,0,0
BRDA:178,6,1,0
BRDA:187,7,0,0
BRDA:187,7,1,0
BRDA:196,8,0,0
BRDA:197,9,0,0
BRDA:197,9,1,0
BRDA:229,10,0,0
BRDA:229,10,1,0
BRDA:230,11,0,0
BRDA:230,11,1,0
BRDA:236,12,0,0
BRDA:236,12,1,0
BRDA:245,13,0,0
BRDA:246,14,0,0
BRDA:246,14,1,0
BRDA:280,15,0,0
BRDA:280,15,1,0
BRDA:285,16,0,0
BRDA:285,16,1,0
BRF:31
BRH:0
end_of_record
TN:
SF:src/controllers/healthController.ts
FN:7,(anonymous_1)
FN:18,(anonymous_2)
FN:48,(anonymous_3)
FN:64,(anonymous_4)
FN:102,(anonymous_5)
FN:110,(anonymous_6)
FNF:6
FNH:2
FNDA:2,(anonymous_1)
FNDA:3,(anonymous_2)
FNDA:0,(anonymous_3)
FNDA:0,(anonymous_4)
FNDA:0,(anonymous_5)
FNDA:0,(anonymous_6)
DA:2,1
DA:3,1
DA:4,1
DA:5,1
DA:7,1
DA:8,2
DA:9,2
DA:11,0
DA:12,0
DA:14,0
DA:17,1
DA:19,3
DA:20,3
DA:21,2
DA:35,2
DA:36,1
DA:37,1
DA:39,1
DA:42,2
DA:43,2
DA:44,2
DA:49,0
DA:50,0
DA:51,0
DA:52,0
DA:53,0
DA:55,0
DA:58,0
DA:59,0
DA:60,0
DA:65,0
DA:66,0
DA:93,0
DA:94,0
DA:96,0
DA:97,0
DA:98,0
DA:103,0
DA:104,0
DA:106,0
DA:111,0
DA:112,0
DA:113,0
DA:114,0
DA:122,0
DA:125,0
LF:46
LH:18
BRDA:8,0,0,2
BRDA:11,1,0,0
BRDA:22,2,0,1
BRDA:22,2,1,1
BRDA:35,3,0,1
BRDA:35,3,1,1
BRDA:51,4,0,0
BRDA:51,4,1,0
BRDA:113,5,0,0
BRDA:113,5,1,0
BRF:10
BRH:5
end_of_record
TN:
SF:src/controllers/serviceController.ts
FN:17,(anonymous_1)
FN:69,(anonymous_2)
FN:70,(anonymous_3)
FN:104,(anonymous_4)
FN:146,(anonymous_5)
FN:172,(anonymous_6)
FN:207,(anonymous_7)
FN:232,(anonymous_8)
FN:292,(anonymous_9)
FN:320,(anonymous_10)
FN:358,(anonymous_11)
FNF:11
FNH:6
FNDA:2,(anonymous_1)
FNDA:2,(anonymous_2)
FNDA:2,(anonymous_3)
FNDA:2,(anonymous_4)
FNDA:0,(anonymous_5)
FNDA:0,(anonymous_6)
FNDA:0,(anonymous_7)
FNDA:0,(anonymous_8)
FNDA:2,(anonymous_9)
FNDA:0,(anonymous_10)
FNDA:2,(anonymous_11)
DA:2,1
DA:3,1
DA:4,1
DA:11,1
DA:12,1
DA:14,1
DA:15,1
DA:17,1
DA:18,2
DA:30,2
DA:31,2
DA:32,2
DA:33,1
DA:38,2
DA:39,2
DA:40,2
DA:41,2
DA:42,2
DA:43,2
DA:44,2
DA:69,2
DA:70,2
DA:72,2
DA:86,2
DA:87,2
DA:96,0
DA:104,1
DA:105,2
DA:106,2
DA:107,2
DA:108,0
DA:110,2
DA:111,2
DA:133,2
DA:134,1
DA:136,1
DA:138,1
DA:139,1
DA:141,0
DA:146,1
DA:147,0
DA:148,0
DA:149,0
DA:150,0
DA:155,0
DA:157,0
DA:158,0
DA:164,0
DA:172,1
DA:173,0
DA:174,0
DA:175,0
DA:176,0
DA:177,0
DA:182,0
DA:184,0
DA:185,0
DA:186,0
DA:190,0
DA:192,0
DA:193,0
DA:199,0
DA:207,1
DA:208,0
DA:209,0
DA:210,0
DA:211,0
DA:212,0
DA:216,0
DA:218,0
DA:219,0
DA:224,0
DA:232,1
DA:233,0
DA:234,0
DA:235,0
DA:236,0
DA:238,0
DA:239,0
DA:240,0
DA:241,0
DA:246,0
DA:247,0
DA:249,0
DA:250,0
DA:271,0
DA:272,0
DA:284,0
DA:285,0
DA:287,0
DA:292,1
DA:293,2
DA:294,2
DA:295,2
DA:296,2
DA:298,0
DA:299,0
DA:302,0
DA:303,0
DA:305,0
DA:310,0
DA:312,2
DA:313,2
DA:315,0
DA:320,1
DA:321,0
DA:322,0
DA:323,0
DA:324,0
DA:326,0
DA:327,0
DA:328,0
DA:330,0
DA:331,0
DA:332,0
DA:333,0
DA:334,0
DA:336,0
DA:337,0
DA:343,0
DA:344,0
DA:347,0
DA:348,0
DA:350,0
DA:351,0
DA:353,0
DA:358,1
DA:359,2
DA:360,2
DA:361,2
DA:362,0
DA:364,2
DA:365,2
DA:366,2
DA:367,0
DA:369,2
DA:372,2
DA:373,1
DA:375,1
DA:376,1
DA:378,1
DA:379,1
DA:381,0
LF:143
LH:62
BRDA:20,0,0,0
BRDA:21,1,0,0
BRDA:28,2,0,2
BRDA:29,3,0,2
BRDA:32,4,0,1
BRDA:38,5,0,1
BRDA:39,6,0,1
BRDA:40,7,0,0
BRDA:41,8,0,1
BRDA:42,9,0,1
BRDA:70,10,0,2
BRDA:70,10,1,0
BRDA:99,11,0,0
BRDA:99,11,1,0
BRDA:107,12,0,0
BRDA:133,13,0,1
BRDA:138,14,0,1
BRDA:138,14,1,0
BRDA:149,15,0,0
BRDA:167,16,0,0
BRDA:167,16,1,0
BRDA:176,17,0,0
BRDA:185,18,0,0
BRDA:202,19,0,0
BRDA:202,19,1,0
BRDA:211,20,0,0
BRDA:227,21,0,0
BRDA:227,21,1,0
BRDA:235,22,0,0
BRDA:240,23,0,0
BRDA:246,24,0,0
BRDA:284,25,0,0
BRDA:284,25,1,0
BRDA:295,26,0,2
BRDA:302,27,0,0
BRDA:312,28,0,2
BRDA:312,28,1,0
BRDA:323,29,0,0
BRDA:327,30,0,0
BRDA:333,31,0,0
BRDA:336,32,0,0
BRDA:336,33,0,0
BRDA:336,33,1,0
BRDA:343,34,0,0
BRDA:350,35,0,0
BRDA:350,35,1,0
BRDA:361,36,0,0
BRDA:366,37,0,0
BRDA:372,38,0,1
BRDA:378,39,0,1
BRDA:378,39,1,0
BRF:51
BRH:14
end_of_record
TN:
SF:src/controllers/staffController.ts
FN:15,(anonymous_1)
FN:65,(anonymous_2)
FN:91,(anonymous_3)
FN:133,(anonymous_4)
FN:181,(anonymous_5)
FNF:5
FNH:0
FNDA:0,(anonymous_1)
FNDA:0,(anonymous_2)
FNDA:0,(anonymous_3)
FNDA:0,(anonymous_4)
FNDA:0,(anonymous_5)
DA:2,0
DA:3,0
DA:4,0
DA:12,0
DA:13,0
DA:15,0
DA:16,0
DA:17,0
DA:18,0
DA:19,0
DA:21,0
DA:22,0
DA:23,0
DA:24,0
DA:26,0
DA:27,0
DA:28,0
DA:29,0
DA:31,0
DA:33,0
DA:48,0
DA:49,0
DA:61,0
DA:65,0
DA:66,0
DA:67,0
DA:68,0
DA:69,0
DA:71,0
DA:72,0
DA:82,0
DA:83,0
DA:85,0
DA:87,0
DA:91,0
DA:92,0
DA:93,0
DA:94,0
DA:95,0
DA:97,0
DA:98,0
DA:101,0
DA:102,0
DA:104,0
DA:114,0
DA:115,0
DA:117,0
DA:127,0
DA:129,0
DA:133,0
DA:134,0
DA:135,0
DA:136,0
DA:137,0
DA:139,0
DA:140,0
DA:141,0
DA:143,0
DA:144,0
DA:145,0
DA:146,0
DA:147,0
DA:149,0
DA:150,0
DA:156,0
DA:157,0
DA:160,0
DA:161,0
DA:162,0
DA:163,0
DA:165,0
DA:175,0
DA:177,0
DA:181,0
DA:182,0
DA:183,0
DA:184,0
DA:185,0
DA:187,0
DA:188,0
DA:189,0
DA:191,0
DA:192,0
DA:193,0
DA:196,0
DA:197,0
DA:199,0
DA:200,0
DA:201,0
DA:203,0
DA:215,0
DA:217,0
LF:92
LH:0
BRDA:18,0,0,0
BRDA:23,1,0,0
BRDA:28,2,0,0
BRDA:28,2,1,0
BRDA:68,3,0,0
BRDA:82,4,0,0
BRDA:94,5,0,0
BRDA:101,6,0,0
BRDA:114,7,0,0
BRDA:114,8,0,0
BRDA:114,8,1,0
BRDA:136,9,0,0
BRDA:140,10,0,0
BRDA:146,11,0,0
BRDA:149,12,0,0
BRDA:149,13,0,0
BRDA:149,13,1,0
BRDA:156,14,0,0
BRDA:162,15,0,0
BRDA:184,16,0,0
BRDA:188,17,0,0
BRDA:196,18,0,0
BRDA:200,19,0,0
BRF:23
BRH:0
end_of_record
TN:
SF:src/middleware/authMiddleware.ts
FN:5,(anonymous_0)
FN:15,(anonymous_1)
FN:31,(anonymous_2)
FNF:3
FNH:0
FNDA:0,(anonymous_0)
FNDA:0,(anonymous_1)
FNDA:0,(anonymous_2)
DA:2,0
DA:3,0
DA:5,0
DA:6,0
DA:7,0
DA:9,0
DA:10,0
DA:12,0
DA:15,0
DA:16,0
DA:17,0
DA:18,0
DA:19,0
DA:21,0
DA:22,0
DA:24,0
DA:25,0
DA:27,0
DA:31,0
DA:32,0
DA:33,0
DA:34,0
DA:35,0
DA:36,0
DA:37,0
DA:39,0
DA:42,0
DA:43,0
DA:45,0
DA:46,0
DA:48,0
DA:49,0
DA:51,0
LF:33
LH:0
BRDA:6,0,0,0
BRDA:9,1,0,0
BRDA:18,2,0,0
BRDA:21,3,0,0
BRDA:34,4,0,0
BRDA:35,5,0,0
BRDA:35,5,1,0
BRDA:42,6,0,0
BRDA:45,7,0,0
BRF:9
BRH:0
end_of_record
TN:
SF:src/middleware/errorHandler.ts
FN:11,(anonymous_1)
FN:73,(anonymous_2)
FNF:2
FNH:0
FNDA:0,(anonymous_1)
FNDA:0,(anonymous_2)
DA:2,0
DA:3,0
DA:4,0
DA:11,0
DA:18,0
DA:19,0
DA:21,0
DA:22,0
DA:24,0
DA:25,0
DA:26,0
DA:38,0
DA:46,0
DA:48,0
DA:49,0
DA:50,0
DA:59,0
DA:67,0
DA:68,0
DA:70,0
DA:73,0
DA:74,0
DA:75,0
DA:76,0
DA:80,0
DA:88,0
LF:26
LH:0
BRDA:18,0,0,0
BRDA:18,0,1,0
BRDA:21,1,0,0
BRDA:21,1,1,0
BRDA:24,2,0,0
BRDA:24,2,1,0
BRDA:24,3,0,0
BRDA:24,3,1,0
BRDA:49,4,0,0
BRDA:49,4,1,0
BRDA:60,5,0,0
BRDA:60,5,1,0
BRDA:61,6,0,0
BRDA:61,6,1,0
BRDA:62,7,0,0
BRDA:62,7,1,0
BRDA:64,8,0,0
BRDA:64,8,1,0
BRDA:65,9,0,0
BRDA:65,9,1,0
BRDA:67,10,0,0
BRDA:67,11,0,0
BRDA:67,11,1,0
BRDA:70,12,0,0
BRDA:70,12,1,0
BRF:25
BRH:0
end_of_record
TN:
SF:src/middleware/requestLogger.ts
FN:6,(anonymous_0)
FN:10,(anonymous_1)
FN:14,(anonymous_2)
FN:33,(anonymous_3)
FNF:4
FNH:0
FNDA:0,(anonymous_0)
FNDA:0,(anonymous_1)
FNDA:0,(anonymous_2)
FNDA:0,(anonymous_3)
DA:2,0
DA:6,0
DA:7,0
DA:10,0
DA:11,0
DA:12,0
DA:14,0
DA:15,0
DA:16,0
DA:27,0
DA:30,0
DA:33,0
LF:12
LH:0
BRDA:37,0,0,0
BRDA:37,0,1,0
BRF:2
BRH:0
end_of_record
TN:
SF:src/models/Admin.ts
FN:1,(anonymous_0)
FNF:1
FNH:0
FNDA:0,(anonymous_0)
DA:1,0
DA:2,0
DA:37,0
LF:3
LH:0
BRF:0
BRH:0
end_of_record
TN:
SF:src/models/Appointment.ts
FN:1,(anonymous_0)
FNF:1
FNH:0
FNDA:0,(anonymous_0)
DA:1,0
DA:2,0
DA:83,0
LF:3
LH:0
BRF:0
BRH:0
end_of_record
TN:
SF:src/models/AppointmentHistory.ts
FN:1,(anonymous_0)
FNF:1
FNH:0
FNDA:0,(anonymous_0)
DA:1,0
DA:2,0
DA:48,0
LF:3
LH:0
BRF:0
BRH:0
end_of_record
TN:
SF:src/models/AppointmentStatus.ts
FN:1,(anonymous_0)
FNF:1
FNH:0
FNDA:0,(anonymous_0)
DA:1,0
DA:2,0
DA:32,0
LF:3
LH:0
BRF:0
BRH:0
end_of_record
TN:
SF:src/models/BusinessHours.ts
FN:1,(anonymous_0)
FNF:1
FNH:0
FNDA:0,(anonymous_0)
DA:1,0
DA:2,0
DA:32,0
LF:3
LH:0
BRF:0
BRH:0
end_of_record
TN:
SF:src/models/ContactMessage.ts
FN:1,(anonymous_0)
FNF:1
FNH:0
FNDA:0,(anonymous_0)
DA:1,0
DA:2,0
DA:37,0
LF:3
LH:0
BRF:0
BRH:0
end_of_record
TN:
SF:src/models/Customer.ts
FN:1,(anonymous_0)
FNF:1
FNH:0
FNDA:0,(anonymous_0)
DA:1,0
DA:2,0
DA:49,0
LF:3
LH:0
BRF:0
BRH:0
end_of_record
TN:
SF:src/models/EmailTemplate.ts
FN:1,(anonymous_0)
FNF:1
FNH:0
FNDA:0,(anonymous_0)
DA:1,0
DA:2,0
DA:31,0
LF:3
LH:0
BRF:0
BRH:0
end_of_record
TN:
SF:src/models/GalleryCategory.ts
FN:1,(anonymous_0)
FNF:1
FNH:0
FNDA:0,(anonymous_0)
DA:1,0
DA:2,0
DA:26,0
LF:3
LH:0
BRF:0
BRH:0
end_of_record
TN:
SF:src/models/GalleryImage.ts
FN:1,(anonymous_0)
FNF:1
FNH:0
FNDA:0,(anonymous_0)
DA:1,0
DA:2,0
DA:38,0
LF:3
LH:0
BRF:0
BRH:0
end_of_record
TN:
SF:src/models/Service.ts
FN:1,(anonymous_0)
FNF:1
FNH:0
FNDA:0,(anonymous_0)
DA:1,0
DA:2,0
DA:71,0
LF:3
LH:0
BRF:0
BRH:0
end_of_record
TN:
SF:src/models/ServiceCategory.ts
FN:1,(anonymous_0)
FNF:1
FNH:0
FNDA:0,(anonymous_0)
DA:1,0
DA:2,0
DA:34,0
LF:3
LH:0
BRF:0
BRH:0
end_of_record
TN:
SF:src/models/ServiceImage.ts
FN:1,(anonymous_0)
FNF:1
FNH:0
FNDA:0,(anonymous_0)
DA:1,0
DA:2,0
DA:30,0
LF:3
LH:0
BRF:0
BRH:0
end_of_record
TN:
SF:src/models/SmsTemplate.ts
FN:1,(anonymous_0)
FNF:1
FNH:0
FNDA:0,(anonymous_0)
DA:1,0
DA:2,0
DA:27,0
LF:3
LH:0
BRF:0
BRH:0
end_of_record
TN:
SF:src/models/SpecialDays.ts
FN:1,(anonymous_0)
FNF:1
FNH:0
FNDA:0,(anonymous_0)
DA:1,0
DA:2,0
DA:35,0
LF:3
LH:0
BRF:0
BRH:0
end_of_record
TN:
SF:src/models/Staff.ts
FN:1,(anonymous_0)
FNF:1
FNH:0
FNDA:0,(anonymous_0)
DA:1,0
DA:2,0
DA:41,0
LF:3
LH:0
BRF:0
BRH:0
end_of_record
TN:
SF:src/models/StaffService.ts
FN:1,(anonymous_0)
FNF:1
FNH:0
FNDA:0,(anonymous_0)
DA:1,0
DA:2,0
DA:28,0
LF:3
LH:0
BRF:0
BRH:0
end_of_record
TN:
SF:src/models/index.ts
FN:20,(anonymous_0)
FNF:1
FNH:0
FNDA:0,(anonymous_0)
DA:1,0
DA:2,0
DA:3,0
DA:4,0
DA:5,0
DA:6,0
DA:7,0
DA:8,0
DA:9,0
DA:10,0
DA:11,0
DA:12,0
DA:13,0
DA:14,0
DA:15,0
DA:16,0
DA:17,0
DA:18,0
DA:19,0
DA:20,0
DA:21,0
DA:22,0
DA:23,0
DA:24,0
DA:25,0
DA:26,0
DA:27,0
DA:28,0
DA:29,0
DA:30,0
DA:31,0
DA:32,0
DA:33,0
DA:34,0
DA:35,0
DA:36,0
DA:37,0
DA:38,0
DA:39,0
DA:40,0
DA:41,0
DA:42,0
DA:43,0
DA:44,0
DA:45,0
DA:46,0
DA:48,0
DA:49,0
DA:69,0
LF:49
LH:0
BRF:0
BRH:0
end_of_record
TN:
SF:src/routes/adminRoutes.ts
FNF:0
FNH:0
DA:1,0
DA:2,0
DA:3,0
DA:4,0
DA:5,0
DA:6,0
LF:6
LH:0
BRF:0
BRH:0
end_of_record
TN:
SF:src/routes/appointmentRoutes.ts
FNF:0
FNH:0
DA:1,0
DA:2,0
DA:3,0
DA:4,0
DA:5,0
DA:6,0
DA:7,0
DA:8,0
DA:9,0
DA:10,0
LF:10
LH:0
BRF:0
BRH:0
end_of_record
TN:
SF:src/routes/authRoutes.ts
FNF:0
FNH:0
DA:1,0
DA:2,0
DA:7,0
DA:8,0
DA:10,0
DA:11,0
DA:12,0
DA:14,0
LF:8
LH:0
BRF:0
BRH:0
end_of_record
TN:
SF:src/routes/contactRoutes.ts
FNF:0
FNH:0
DA:1,0
DA:2,0
DA:3,0
DA:10,0
DA:11,0
DA:12,0
DA:13,0
DA:14,0
DA:15,0
DA:16,0
LF:10
LH:0
BRF:0
BRH:0
end_of_record
TN:
SF:src/routes/contentRoutes.ts
FNF:0
FNH:0
DA:1,0
DA:2,0
DA:3,0
DA:7,0
DA:9,0
DA:10,0
DA:12,0
LF:7
LH:0
BRF:0
BRH:0
end_of_record
TN:
SF:src/routes/customerRoutes.ts
FNF:0
FNH:0
DA:1,0
DA:2,0
DA:9,0
DA:10,0
DA:12,0
DA:13,0
DA:14,0
DA:15,0
DA:16,0
DA:17,0
LF:10
LH:0
BRF:0
BRH:0
end_of_record
TN:
SF:src/routes/dashboardRoutes.ts
FNF:0
FNH:0
DA:1,0
DA:2,0
DA:3,0
DA:4,0
DA:5,0
DA:6,0
DA:7,0
DA:8,0
DA:9,0
LF:9
LH:0
BRF:0
BRH:0
end_of_record
TN:
SF:src/routes/healthRoutes.ts
FNF:0
FNH:0
DA:1,0
DA:2,0
DA:3,0
DA:5,0
DA:6,0
DA:7,0
DA:8,0
DA:9,0
DA:11,0
LF:9
LH:0
BRF:0
BRH:0
end_of_record
TN:
SF:src/routes/index.ts
FN:26,(anonymous_1)
FNF:1
FNH:0
FNDA:0,(anonymous_1)
DA:1,0
DA:2,0
DA:3,0
DA:4,0
DA:5,0
DA:6,0
DA:7,0
DA:8,0
DA:9,0
DA:10,0
DA:11,0
DA:12,0
DA:13,0
DA:15,0
DA:16,0
DA:17,0
DA:18,0
DA:19,0
DA:20,0
DA:21,0
DA:22,0
DA:23,0
DA:24,0
DA:26,0
DA:27,0
LF:25
LH:0
BRF:0
BRH:0
end_of_record
TN:
SF:src/routes/serviceRoutes.ts
FNF:0
FNH:0
DA:1,0
DA:2,0
DA:3,0
DA:14,0
DA:16,0
DA:17,0
DA:18,0
DA:19,0
DA:20,0
DA:21,0
DA:22,0
DA:23,0
DA:24,0
DA:26,0
LF:14
LH:0
BRF:0
BRH:0
end_of_record
TN:
SF:src/routes/staffRoutes.ts
FNF:0
FNH:0
DA:1,0
DA:2,0
DA:9,0
DA:10,0
DA:11,0
DA:12,0
DA:13,0
DA:14,0
DA:15,0
DA:16,0
LF:10
LH:0
BRF:0
BRH:0
end_of_record
TN:
SF:src/utils/ApiError.ts
FN:3,(anonymous_0)
FN:22,(anonymous_1)
FN:38,(anonymous_2)
FN:44,(anonymous_3)
FN:49,(anonymous_4)
FN:54,(anonymous_5)
FN:59,(anonymous_6)
FN:64,(anonymous_7)
FN:70,(anonymous_8)
FN:75,(anonymous_9)
FN:80,(anonymous_10)
FN:85,(anonymous_11)
FN:90,(anonymous_12)
FN:91,(anonymous_13)
FN:103,(anonymous_14)
FN:105,(anonymous_15)
FN:118,(anonymous_16)
FN:143,(anonymous_17)
FNF:18
FNH:10
FNDA:4,(anonymous_0)
FNDA:11,(anonymous_1)
FNDA:0,(anonymous_2)
FNDA:2,(anonymous_3)
FNDA:0,(anonymous_4)
FNDA:1,(anonymous_5)
FNDA:1,(anonymous_6)
FNDA:1,(anonymous_7)
FNDA:2,(anonymous_8)
FNDA:0,(anonymous_9)
FNDA:0,(anonymous_10)
FNDA:0,(anonymous_11)
FNDA:4,(anonymous_12)
FNDA:4,(anonymous_13)
FNDA:0,(anonymous_14)
FNDA:0,(anonymous_15)
FNDA:0,(anonymous_16)
FNDA:4,(anonymous_17)
DA:3,4
DA:4,4
DA:5,4
DA:6,4
DA:7,4
DA:8,4
DA:9,4
DA:10,4
DA:11,4
DA:12,4
DA:15,4
DA:29,11
DA:30,11
DA:31,11
DA:32,11
DA:33,11
DA:34,11
DA:35,11
DA:36,11
DA:42,0
DA:47,2
DA:52,0
DA:57,1
DA:62,1
DA:68,1
DA:73,2
DA:78,0
DA:83,0
DA:88,0
DA:91,4
DA:96,4
DA:104,0
DA:105,0
DA:110,0
DA:117,0
DA:118,0
DA:123,0
DA:130,0
DA:131,0
DA:137,0
DA:144,4
LF:41
LH:27
BRDA:3,0,0,4
BRDA:3,0,1,4
BRDA:39,1,0,0
BRDA:45,2,0,0
BRDA:50,3,0,0
BRDA:55,4,0,0
BRDA:60,5,0,0
BRDA:65,6,0,0
BRDA:71,7,0,0
BRDA:76,8,0,0
BRDA:81,9,0,0
BRDA:86,10,0,0
BRDA:104,11,0,0
BRDA:108,12,0,0
BRDA:108,12,1,0
BRDA:117,13,0,0
BRDA:130,14,0,0
BRF:17
BRH:2
end_of_record
TN:
SF:src/utils/ApiResponse.ts
FN:12,(anonymous_0)
FN:28,(anonymous_1)
FN:31,(anonymous_2)
FN:43,(anonymous_3)
FN:46,(anonymous_4)
FN:49,(anonymous_5)
FN:52,(anonymous_6)
FNF:7
FNH:4
FNDA:7,(anonymous_0)
FNDA:3,(anonymous_1)
FNDA:0,(anonymous_2)
FNDA:1,(anonymous_3)
FNDA:0,(anonymous_4)
FNDA:0,(anonymous_5)
FNDA:1,(anonymous_6)
DA:1,4
DA:22,7
DA:23,7
DA:24,7
DA:25,7
DA:26,7
DA:29,3
DA:41,0
DA:44,1
DA:47,0
DA:50,0
DA:53,1
LF:12
LH:9
BRDA:13,0,0,0
BRDA:28,1,0,0
BRDA:39,2,0,0
BRDA:43,3,0,0
BRDA:46,4,0,0
BRDA:49,5,0,0
BRF:6
BRH:0
end_of_record
TN:
SF:src/utils/controllerUtils.ts
FN:3,(anonymous_0)
FN:14,(anonymous_1)
FN:21,(anonymous_2)
FNF:3
FNH:2
FNDA:0,(anonymous_0)
FNDA:2,(anonymous_1)
FNDA:2,(anonymous_2)
DA:2,4
DA:3,4
DA:8,0
DA:9,0
DA:11,0
DA:14,4
DA:15,2
DA:16,2
DA:21,4
DA:22,2
DA:23,2
LF:11
LH:8
BRDA:6,0,0,0
BRDA:8,1,0,0
BRDA:8,1,1,0
BRF:3
BRH:0
end_of_record
TN:
SF:src/utils/errorUtils.ts
FN:1,(anonymous_0)
FN:13,(anonymous_1)
FN:29,(anonymous_2)
FNF:3
FNH:0
FNDA:0,(anonymous_0)
FNDA:0,(anonymous_1)
FNDA:0,(anonymous_2)
DA:1,0
DA:2,0
DA:3,0
DA:5,0
DA:6,0
DA:8,0
DA:9,0
DA:11,0
DA:13,0
DA:18,0
DA:19,0
DA:25,0
DA:29,0
DA:30,0
LF:14
LH:0
BRDA:2,0,0,0
BRDA:5,1,0,0
BRDA:8,2,0,0
BRDA:8,3,0,0
BRDA:8,3,1,0
BRDA:8,3,2,0
BRDA:18,4,0,0
BRF:7
BRH:0
end_of_record
TN:
SF:src/utils/hashUtils.ts
FN:3,(anonymous_0)
FN:6,(anonymous_1)
FN:14,(anonymous_2)
FN:19,(anonymous_3)
FN:31,(anonymous_4)
FN:34,(anonymous_5)
FN:37,(anonymous_6)
FN:40,(anonymous_7)
FNF:8
FNH:0
FNDA:0,(anonymous_0)
FNDA:0,(anonymous_1)
FNDA:0,(anonymous_2)
FNDA:0,(anonymous_3)
FNDA:0,(anonymous_4)
FNDA:0,(anonymous_5)
FNDA:0,(anonymous_6)
FNDA:0,(anonymous_7)
DA:1,4
DA:2,4
DA:4,0
DA:7,0
DA:8,0
DA:9,0
DA:15,0
DA:16,0
DA:17,0
DA:20,0
DA:21,0
DA:22,0
DA:23,0
DA:25,0
DA:26,0
DA:28,0
DA:32,0
DA:35,0
DA:38,0
DA:41,0
LF:20
LH:2
BRDA:7,0,0,0
BRDA:7,0,1,0
BRDA:22,1,0,0
BRDA:22,2,0,0
BRDA:22,2,1,0
BRDA:31,3,0,0
BRDA:34,4,0,0
BRF:7
BRH:0
end_of_record
TN:
SF:src/utils/index.ts
FN:1,(anonymous_0)
FN:2,(anonymous_1)
FN:4,(anonymous_2)
FN:5,(anonymous_3)
FNF:4
FNH:3
FNDA:7,(anonymous_0)
FNDA:17,(anonymous_1)
FNDA:6,(anonymous_2)
FNDA:0,(anonymous_3)
DA:1,11
DA:2,21
DA:4,10
DA:5,4
LF:4
LH:4
BRF:0
BRH:0
end_of_record
TN:
SF:src/utils/logUtils.ts
FN:5,(anonymous_1)
FN:23,(anonymous_2)
FN:39,(anonymous_3)
FN:51,(anonymous_4)
FN:55,(anonymous_5)
FN:65,(anonymous_6)
FN:66,(anonymous_7)
FNF:7
FNH:0
FNDA:0,(anonymous_1)
FNDA:0,(anonymous_2)
FNDA:0,(anonymous_3)
FNDA:0,(anonymous_4)
FNDA:0,(anonymous_5)
FNDA:0,(anonymous_6)
FNDA:0,(anonymous_7)
DA:1,0
DA:2,0
DA:3,0
DA:4,0
DA:6,0
DA:7,0
DA:8,0
DA:9,0
DA:10,0
DA:11,0
DA:12,0
DA:13,0
DA:14,0
DA:15,0
DA:16,0
DA:20,0
DA:24,0
DA:25,0
DA:26,0
DA:27,0
DA:28,0
DA:29,0
DA:30,0
DA:31,0
DA:33,0
DA:35,0
DA:36,0
DA:40,0
DA:41,0
DA:42,0
DA:44,0
DA:48,0
DA:52,0
DA:53,0
DA:56,0
DA:57,0
DA:63,0
DA:66,0
DA:67,0
DA:68,0
DA:69,0
DA:70,0
DA:71,0
DA:73,0
DA:74,0
LF:45
LH:0
BRDA:5,0,0,0
BRDA:14,1,0,0
BRDA:73,2,0,0
BRDA:73,2,1,0
BRF:4
BRH:0
end_of_record
TN:
SF:src/validations/adminValidation.ts
FNF:0
FNH:0
DA:1,1
DA:2,1
LF:2
LH:2
BRF:0
BRH:0
end_of_record
TN:
SF:src/validations/appointmentValidation.ts
FNF:0
FNH:0
DA:1,0
DA:2,0
DA:53,0
DA:65,0
DA:69,0
DA:72,0
LF:6
LH:0
BRF:0
BRH:0
end_of_record
TN:
SF:src/validations/authValidation.ts
FNF:0
FNH:0
DA:1,1
DA:2,1
DA:23,1
LF:3
LH:3
BRF:0
BRH:0
end_of_record
TN:
SF:src/validations/contactValidation.ts
FNF:0
FNH:0
DA:1,0
DA:2,0
DA:45,0
DA:59,0
DA:67,0
DA:78,0
LF:6
LH:0
BRF:0
BRH:0
end_of_record
TN:
SF:src/validations/contentValidation.ts
FNF:0
FNH:0
DA:1,0
DA:2,0
DA:26,0
DA:62,0
DA:71,0
LF:5
LH:0
BRF:0
BRH:0
end_of_record
TN:
SF:src/validations/customerValidation.ts
FNF:0
FNH:0
DA:1,0
DA:2,0
DA:9,0
DA:12,0
DA:46,0
LF:5
LH:0
BRF:0
BRH:0
end_of_record
TN:
SF:src/validations/reportValidation.ts
FNF:0
FNH:0
DA:1,0
DA:2,0
DA:29,0
DA:56,0
DA:74,0
DA:98,0
LF:6
LH:0
BRF:0
BRH:0
end_of_record
TN:
SF:src/validations/serviceValidation.ts
FN:133,(anonymous_1)
FN:138,(anonymous_2)
FNF:2
FNH:0
FNDA:0,(anonymous_1)
FNDA:0,(anonymous_2)
DA:1,1
DA:2,1
DA:34,1
DA:44,1
DA:58,1
DA:65,1
DA:79,1
DA:87,1
DA:95,1
DA:103,1
DA:108,1
DA:112,1
DA:133,1
DA:134,0
DA:135,0
DA:136,0
DA:138,0
DA:144,0
DA:149,1
LF:19
LH:14
BRDA:135,0,0,0
BRF:1
BRH:0
end_of_record
TN:
SF:src/validations/settingsValidation.ts
FNF:0
FNH:0
DA:1,0
DA:2,0
DA:45,0
DA:85,0
DA:113,0
DA:157,0
DA:177,0
DA:200,0
DA:215,0
LF:9
LH:0
BRF:0
BRH:0
end_of_record
TN:
SF:src/validations/staffValidation.ts
FNF:0
FNH:0
DA:1,0
DA:2,0
DA:10,0
DA:13,0
DA:63,0
DA:111,0
LF:6
LH:0
BRF:0
BRH:0
end_of_record
