TN:
SF:src/config/database.ts
FN:8,(anonymous_8)
FN:47,(anonymous_9)
FN:47,(anonymous_10)
FN:69,(anonymous_11)
FN:69,(anonymous_12)
FN:95,(anonymous_13)
FN:95,(anonymous_14)
FN:120,(anonymous_15)
FN:120,(anonymous_16)
FNF:9
FNH:2
FNDA:0,(anonymous_8)
FNDA:0,(anonymous_9)
FNDA:0,(anonymous_10)
FNDA:0,(anonymous_11)
FNDA:0,(anonymous_12)
FNDA:4,(anonymous_13)
FNDA:4,(anonymous_14)
FNDA:0,(anonymous_15)
FNDA:0,(anonymous_16)
DA:1,1
DA:2,1
DA:3,1
DA:8,1
DA:9,0
DA:10,0
DA:12,0
DA:16,1
DA:40,1
DA:42,1
DA:47,1
DA:48,0
DA:49,0
DA:50,0
DA:55,0
DA:57,0
DA:62,0
DA:69,1
DA:70,0
DA:71,0
DA:74,0
DA:76,0
DA:81,0
DA:83,0
DA:85,0
DA:88,0
DA:95,4
DA:96,4
DA:97,4
DA:98,4
DA:99,4
DA:101,4
DA:108,0
DA:120,1
DA:121,0
DA:122,0
DA:123,0
DA:125,0
DA:128,0
DA:132,1
LF:40
LH:17
BRDA:9,0,0,0
BRDA:23,1,0,0
BRDA:23,1,1,1
BRF:3
BRH:1
end_of_record
TN:
SF:src/config/env.ts
FN:63,(anonymous_1)
FNF:1
FNH:0
FNDA:0,(anonymous_1)
DA:1,1
DA:4,1
DA:32,1
DA:58,1
DA:59,0
DA:63,0
DA:65,0
DA:66,0
DA:67,0
DA:71,1
LF:10
LH:5
BRDA:5,0,0,1
BRDA:5,0,1,0
BRDA:34,1,0,1
BRDA:34,1,1,0
BRDA:35,2,0,1
BRDA:35,2,1,0
BRDA:38,3,0,1
BRDA:38,3,1,0
BRDA:39,4,0,1
BRDA:39,4,1,0
BRDA:40,5,0,1
BRDA:40,5,1,0
BRDA:41,6,0,1
BRDA:41,6,1,0
BRDA:42,7,0,1
BRDA:42,7,1,0
BRDA:46,8,0,1
BRDA:46,8,1,0
BRDA:49,9,0,1
BRDA:49,9,1,1
BRDA:51,10,0,1
BRDA:51,10,1,0
BRDA:54,11,0,1
BRDA:54,11,1,1
BRDA:58,12,0,0
BRDA:65,13,0,0
BRF:26
BRH:14
end_of_record
TN:
SF:src/config/logger.ts
FN:16,(anonymous_2)
FN:106,(anonymous_3)
FN:119,(anonymous_4)
FN:134,(anonymous_5)
FN:147,(anonymous_6)
FN:158,(anonymous_7)
FNF:6
FNH:2
FNDA:0,(anonymous_2)
FNDA:0,(anonymous_3)
FNDA:6,(anonymous_4)
FNDA:0,(anonymous_5)
FNDA:0,(anonymous_6)
FNDA:1,(anonymous_7)
DA:1,1
DA:2,1
DA:5,1
DA:13,1
DA:16,0
DA:17,0
DA:18,0
DA:19,0
DA:21,0
DA:26,1
DA:29,1
DA:81,1
DA:82,1
DA:89,1
DA:90,0
DA:99,1
DA:102,1
DA:107,0
DA:120,6
DA:121,6
DA:135,0
DA:148,0
DA:159,1
LF:23
LH:14
BRDA:18,0,0,0
BRDA:30,1,0,1
BRDA:30,1,1,1
BRDA:34,2,0,1
BRDA:34,2,1,0
BRDA:81,3,0,1
BRDA:89,4,0,0
BRDA:111,5,0,0
BRDA:111,5,1,0
BRDA:120,6,0,0
BRDA:120,6,1,6
BRF:11
BRH:5
end_of_record
TN:
SF:src/config/session.ts
FNF:0
FNH:0
DA:1,1
DA:2,1
DA:7,1
DA:24,1
LF:4
LH:4
BRDA:28,0,0,1
BRDA:28,0,1,1
BRF:2
BRH:2
end_of_record
TN:
SF:src/controllers/adminController.ts
FN:11,(anonymous_7)
FN:11,(anonymous_8)
FNF:2
FNH:0
FNDA:0,(anonymous_7)
FNDA:0,(anonymous_8)
DA:2,1
DA:3,1
DA:5,1
DA:6,1
DA:11,1
DA:12,0
DA:13,0
DA:14,0
DA:15,0
DA:18,0
DA:21,0
DA:22,0
DA:23,0
DA:27,0
DA:28,0
DA:29,0
DA:33,0
DA:36,0
DA:46,0
DA:47,0
DA:49,0
DA:51,0
DA:52,0
DA:54,0
LF:24
LH:5
BRDA:14,0,0,0
BRDA:18,1,0,0
BRDA:22,2,0,0
BRDA:28,3,0,0
BRDA:51,4,0,0
BRDA:51,4,1,0
BRF:6
BRH:0
end_of_record
TN:
SF:src/controllers/appointmentController.ts
FN:28,(anonymous_7)
FN:28,(anonymous_8)
FN:100,(anonymous_9)
FN:165,(anonymous_10)
FN:165,(anonymous_11)
FN:319,(anonymous_12)
FN:319,(anonymous_13)
FN:395,(anonymous_14)
FN:395,(anonymous_15)
FN:442,(anonymous_16)
FN:447,(anonymous_17)
FN:494,(anonymous_18)
FN:494,(anonymous_19)
FNF:13
FNH:0
FNDA:0,(anonymous_7)
FNDA:0,(anonymous_8)
FNDA:0,(anonymous_9)
FNDA:0,(anonymous_10)
FNDA:0,(anonymous_11)
FNDA:0,(anonymous_12)
FNDA:0,(anonymous_13)
FNDA:0,(anonymous_14)
FNDA:0,(anonymous_15)
FNDA:0,(anonymous_16)
FNDA:0,(anonymous_17)
FNDA:0,(anonymous_18)
FNDA:0,(anonymous_19)
DA:2,1
DA:3,1
DA:4,1
DA:5,1
DA:13,1
DA:14,1
DA:28,1
DA:29,0
DA:30,0
DA:31,0
DA:32,0
DA:46,0
DA:48,0
DA:51,0
DA:52,0
DA:53,0
DA:54,0
DA:58,0
DA:59,0
DA:60,0
DA:63,0
DA:87,0
DA:88,0
DA:100,0
DA:142,0
DA:143,0
DA:152,0
DA:154,0
DA:155,0
DA:157,0
DA:165,1
DA:166,0
DA:167,0
DA:168,0
DA:169,0
DA:172,0
DA:175,0
DA:176,0
DA:177,0
DA:181,0
DA:182,0
DA:183,0
DA:187,0
DA:188,0
DA:189,0
DA:190,0
DA:193,0
DA:228,0
DA:229,0
DA:233,0
DA:242,0
DA:243,0
DA:252,0
DA:253,0
DA:254,0
DA:258,0
DA:273,0
DA:281,0
DA:306,0
DA:308,0
DA:309,0
DA:311,0
DA:319,1
DA:320,0
DA:321,0
DA:322,0
DA:323,0
DA:326,0
DA:327,0
DA:328,0
DA:331,0
DA:332,0
DA:333,0
DA:337,0
DA:338,0
DA:339,0
DA:343,0
DA:349,0
DA:357,0
DA:382,0
DA:384,0
DA:385,0
DA:387,0
DA:395,1
DA:396,0
DA:397,0
DA:398,0
DA:399,0
DA:402,0
DA:404,0
DA:410,0
DA:411,0
DA:414,0
DA:442,0
DA:443,0
DA:444,0
DA:447,0
DA:448,0
DA:449,0
DA:450,0
DA:451,0
DA:452,0
DA:453,0
DA:457,0
DA:459,0
DA:481,0
DA:483,0
DA:484,0
DA:486,0
DA:494,1
DA:495,0
DA:496,0
DA:497,0
DA:498,0
DA:501,0
DA:538,0
DA:539,0
DA:542,0
DA:544,0
DA:545,0
DA:547,0
LF:121
LH:11
BRDA:31,0,0,0
BRDA:51,1,0,0
BRDA:51,2,0,0
BRDA:51,2,1,0
BRDA:53,3,0,0
BRDA:54,4,0,0
BRDA:58,5,0,0
BRDA:59,6,0,0
BRDA:60,7,0,0
BRDA:83,8,0,0
BRDA:83,8,1,0
BRDA:93,9,0,0
BRDA:93,9,1,0
BRDA:94,10,0,0
BRDA:94,10,1,0
BRDA:154,11,0,0
BRDA:154,11,1,0
BRDA:168,12,0,0
BRDA:176,13,0,0
BRDA:182,14,0,0
BRDA:182,15,0,0
BRDA:182,15,1,0
BRDA:228,16,0,0
BRDA:242,17,0,0
BRDA:253,18,0,0
BRDA:268,19,0,0
BRDA:268,19,1,0
BRDA:269,20,0,0
BRDA:269,20,1,0
BRDA:269,21,0,0
BRDA:269,21,1,0
BRDA:269,22,0,0
BRDA:269,22,1,0
BRDA:277,23,0,0
BRDA:277,23,1,0
BRDA:277,24,0,0
BRDA:277,24,1,0
BRDA:277,25,0,0
BRDA:277,25,1,0
BRDA:308,26,0,0
BRDA:308,26,1,0
BRDA:322,27,0,0
BRDA:327,28,0,0
BRDA:332,29,0,0
BRDA:338,30,0,0
BRDA:345,31,0,0
BRDA:345,31,1,0
BRDA:352,32,0,0
BRDA:352,32,1,0
BRDA:353,33,0,0
BRDA:353,33,1,0
BRDA:353,34,0,0
BRDA:353,34,1,0
BRDA:353,35,0,0
BRDA:353,35,1,0
BRDA:384,36,0,0
BRDA:384,36,1,0
BRDA:398,37,0,0
BRDA:410,38,0,0
BRDA:448,39,0,0
BRDA:448,39,1,0
BRDA:448,39,2,0
BRDA:448,39,3,0
BRDA:448,39,4,0
BRDA:483,40,0,0
BRDA:483,40,1,0
BRDA:497,41,0,0
BRDA:538,42,0,0
BRDA:544,43,0,0
BRDA:544,43,1,0
BRF:70
BRH:0
end_of_record
TN:
SF:src/controllers/authController.ts
FN:10,(anonymous_8)
FN:10,(anonymous_9)
FN:51,(anonymous_10)
FN:75,(anonymous_11)
FN:77,(anonymous_12)
FN:93,(anonymous_13)
FN:111,(anonymous_14)
FNF:7
FNH:0
FNDA:0,(anonymous_8)
FNDA:0,(anonymous_9)
FNDA:0,(anonymous_10)
FNDA:0,(anonymous_11)
FNDA:0,(anonymous_12)
FNDA:0,(anonymous_13)
FNDA:0,(anonymous_14)
DA:2,1
DA:3,1
DA:4,1
DA:5,1
DA:10,1
DA:11,0
DA:13,0
DA:14,0
DA:15,0
DA:18,0
DA:21,0
DA:28,0
DA:29,0
DA:33,0
DA:34,0
DA:35,0
DA:39,0
DA:42,0
DA:51,0
DA:52,0
DA:53,0
DA:57,0
DA:68,0
DA:75,1
DA:76,0
DA:77,0
DA:78,0
DA:79,0
DA:82,0
DA:83,0
DA:86,0
DA:93,1
DA:94,0
DA:95,0
DA:96,0
DA:99,0
DA:104,0
DA:111,1
DA:112,0
DA:113,0
DA:115,0
DA:121,0
LF:42
LH:8
BRDA:14,0,0,0
BRDA:28,1,0,0
BRDA:34,2,0,0
BRDA:52,3,0,0
BRDA:78,4,0,0
BRDA:95,5,0,0
BRDA:117,6,0,0
BRDA:117,6,1,0
BRF:8
BRH:0
end_of_record
TN:
SF:src/controllers/contactController.ts
FN:25,(anonymous_7)
FN:25,(anonymous_8)
FN:103,(anonymous_9)
FN:139,(anonymous_10)
FN:139,(anonymous_11)
FN:177,(anonymous_12)
FN:177,(anonymous_13)
FN:249,(anonymous_14)
FN:249,(anonymous_15)
FN:285,(anonymous_16)
FN:285,(anonymous_17)
FN:344,(anonymous_18)
FN:350,(anonymous_19)
FNF:13
FNH:0
FNDA:0,(anonymous_7)
FNDA:0,(anonymous_8)
FNDA:0,(anonymous_9)
FNDA:0,(anonymous_10)
FNDA:0,(anonymous_11)
FNDA:0,(anonymous_12)
FNDA:0,(anonymous_13)
FNDA:0,(anonymous_14)
FNDA:0,(anonymous_15)
FNDA:0,(anonymous_16)
FNDA:0,(anonymous_17)
FNDA:0,(anonymous_18)
FNDA:0,(anonymous_19)
DA:2,1
DA:3,1
DA:4,1
DA:10,1
DA:11,1
DA:25,1
DA:26,0
DA:28,0
DA:29,0
DA:30,0
DA:33,0
DA:36,0
DA:38,0
DA:39,0
DA:47,0
DA:48,0
DA:51,0
DA:52,0
DA:55,0
DA:56,0
DA:59,0
DA:60,0
DA:63,0
DA:64,0
DA:70,0
DA:73,0
DA:74,0
DA:75,0
DA:77,0
DA:81,0
DA:91,0
DA:94,0
DA:103,0
DA:104,0
DA:105,0
DA:108,0
DA:128,0
DA:129,0
DA:131,0
DA:139,1
DA:140,0
DA:142,0
DA:143,0
DA:144,0
DA:147,0
DA:149,0
DA:150,0
DA:151,0
DA:155,0
DA:156,0
DA:163,0
DA:166,0
DA:167,0
DA:169,0
DA:177,1
DA:178,0
DA:180,0
DA:181,0
DA:182,0
DA:186,0
DA:187,0
DA:188,0
DA:191,0
DA:192,0
DA:194,0
DA:195,0
DA:196,0
DA:200,0
DA:207,0
DA:208,0
DA:212,0
DA:218,0
DA:219,0
DA:220,0
DA:223,0
DA:224,0
DA:225,0
DA:228,0
DA:229,0
DA:230,0
DA:233,0
DA:235,0
DA:238,0
DA:239,0
DA:241,0
DA:249,1
DA:250,0
DA:252,0
DA:253,0
DA:254,0
DA:257,0
DA:259,0
DA:260,0
DA:261,0
DA:265,0
DA:271,0
DA:274,0
DA:275,0
DA:277,0
DA:285,1
DA:286,0
DA:288,0
DA:291,0
DA:295,0
DA:302,0
DA:310,0
DA:321,0
DA:322,0
DA:336,0
DA:344,0
DA:350,0
DA:357,0
DA:358,0
DA:360,0
LF:114
LH:10
BRDA:29,0,0,0
BRDA:38,1,0,0
BRDA:47,2,0,0
BRDA:51,3,0,0
BRDA:55,4,0,0
BRDA:55,4,1,0
BRDA:55,5,0,0
BRDA:55,5,1,0
BRDA:59,6,0,0
BRDA:59,6,1,0
BRDA:63,7,0,0
BRDA:74,8,0,0
BRDA:74,8,1,0
BRDA:120,9,0,0
BRDA:120,9,1,0
BRDA:121,10,0,0
BRDA:121,10,1,0
BRDA:122,11,0,0
BRDA:122,11,1,0
BRDA:123,12,0,0
BRDA:123,12,1,0
BRDA:128,13,0,0
BRDA:143,14,0,0
BRDA:150,15,0,0
BRDA:155,16,0,0
BRDA:159,17,0,0
BRDA:159,17,1,0
BRDA:159,18,0,0
BRDA:159,18,1,0
BRDA:166,19,0,0
BRDA:181,20,0,0
BRDA:187,21,0,0
BRDA:195,22,0,0
BRDA:207,23,0,0
BRDA:215,24,0,0
BRDA:215,24,1,0
BRDA:215,25,0,0
BRDA:215,25,1,0
BRDA:218,26,0,0
BRDA:218,27,0,0
BRDA:218,27,1,0
BRDA:220,28,0,0
BRDA:220,28,1,0
BRDA:220,29,0,0
BRDA:220,29,1,0
BRDA:223,30,0,0
BRDA:225,31,0,0
BRDA:225,31,1,0
BRDA:225,32,0,0
BRDA:225,32,1,0
BRDA:228,33,0,0
BRDA:230,34,0,0
BRDA:230,34,1,0
BRDA:230,35,0,0
BRDA:230,35,1,0
BRDA:238,36,0,0
BRDA:253,37,0,0
BRDA:260,38,0,0
BRDA:268,39,0,0
BRDA:268,39,1,0
BRDA:268,40,0,0
BRDA:268,40,1,0
BRDA:274,41,0,0
BRDA:341,42,0,0
BRDA:341,42,1,0
BRDA:347,43,0,0
BRDA:347,43,1,0
BRDA:357,44,0,0
BRF:68
BRH:0
end_of_record
TN:
SF:src/controllers/contentController.ts
FN:28,(anonymous_7)
FN:28,(anonymous_8)
FN:100,(anonymous_9)
FN:100,(anonymous_10)
FNF:4
FNH:0
FNDA:0,(anonymous_7)
FNDA:0,(anonymous_8)
FNDA:0,(anonymous_9)
FNDA:0,(anonymous_10)
DA:2,1
DA:3,1
DA:4,1
DA:11,1
DA:12,1
DA:28,1
DA:29,0
DA:31,0
DA:32,0
DA:33,0
DA:36,0
DA:39,0
DA:41,0
DA:42,0
DA:48,0
DA:49,0
DA:52,0
DA:53,0
DA:57,0
DA:60,0
DA:74,0
DA:76,0
DA:89,0
DA:90,0
DA:92,0
DA:100,1
DA:101,0
DA:103,0
DA:104,0
DA:105,0
DA:108,0
DA:111,0
DA:112,0
DA:113,0
DA:117,0
DA:128,0
DA:138,0
DA:141,0
DA:142,0
DA:144,0
LF:40
LH:7
BRDA:32,0,0,0
BRDA:41,1,0,0
BRDA:48,2,0,0
BRDA:52,3,0,0
BRDA:89,4,0,0
BRDA:104,5,0,0
BRDA:112,6,0,0
BRDA:122,7,0,0
BRDA:122,7,1,0
BRDA:124,8,0,0
BRDA:124,8,1,0
BRDA:124,9,0,0
BRDA:124,9,1,0
BRDA:141,10,0,0
BRF:14
BRH:0
end_of_record
TN:
SF:src/controllers/customerController.ts
FN:18,(anonymous_7)
FN:18,(anonymous_8)
FN:108,(anonymous_9)
FN:108,(anonymous_10)
FN:151,(anonymous_11)
FN:155,(anonymous_12)
FN:164,(anonymous_13)
FN:172,(anonymous_14)
FN:173,(anonymous_15)
FN:194,(anonymous_16)
FN:194,(anonymous_17)
FN:242,(anonymous_18)
FN:242,(anonymous_19)
FN:310,(anonymous_20)
FN:310,(anonymous_21)
FNF:15
FNH:0
FNDA:0,(anonymous_7)
FNDA:0,(anonymous_8)
FNDA:0,(anonymous_9)
FNDA:0,(anonymous_10)
FNDA:0,(anonymous_11)
FNDA:0,(anonymous_12)
FNDA:0,(anonymous_13)
FNDA:0,(anonymous_14)
FNDA:0,(anonymous_15)
FNDA:0,(anonymous_16)
FNDA:0,(anonymous_17)
FNDA:0,(anonymous_18)
FNDA:0,(anonymous_19)
FNDA:0,(anonymous_20)
FNDA:0,(anonymous_21)
DA:2,1
DA:3,1
DA:4,1
DA:12,1
DA:13,1
DA:18,1
DA:19,0
DA:21,0
DA:22,0
DA:23,0
DA:26,0
DA:29,0
DA:31,0
DA:32,0
DA:41,0
DA:44,0
DA:45,0
DA:46,0
DA:47,0
DA:48,0
DA:49,0
DA:50,0
DA:52,0
DA:56,0
DA:86,0
DA:88,0
DA:101,0
DA:108,1
DA:109,0
DA:111,0
DA:112,0
DA:113,0
DA:116,0
DA:118,0
DA:145,0
DA:146,0
DA:150,0
DA:151,0
DA:154,0
DA:155,0
DA:158,0
DA:163,0
DA:164,0
DA:165,0
DA:166,0
DA:167,0
DA:171,0
DA:172,0
DA:173,0
DA:176,0
DA:184,0
DA:187,0
DA:194,1
DA:195,0
DA:197,0
DA:198,0
DA:199,0
DA:202,0
DA:205,0
DA:214,0
DA:215,0
DA:216,0
DA:218,0
DA:219,0
DA:224,0
DA:232,0
DA:235,0
DA:242,1
DA:243,0
DA:245,0
DA:246,0
DA:247,0
DA:251,0
DA:252,0
DA:253,0
DA:256,0
DA:257,0
DA:260,0
DA:261,0
DA:262,0
DA:266,0
DA:267,0
DA:271,0
DA:272,0
DA:273,0
DA:275,0
DA:276,0
DA:279,0
DA:280,0
DA:283,0
DA:287,0
DA:288,0
DA:289,0
DA:291,0
DA:292,0
DA:298,0
DA:300,0
DA:303,0
DA:310,1
DA:311,0
DA:313,0
DA:314,0
DA:315,0
DA:318,0
DA:321,0
DA:322,0
DA:323,0
DA:327,0
DA:334,0
DA:335,0
DA:339,0
DA:341,0
DA:344,0
LF:113
LH:10
BRDA:22,0,0,0
BRDA:31,1,0,0
BRDA:45,2,0,0
BRDA:45,2,1,0
BRDA:47,3,0,0
BRDA:47,3,1,0
BRDA:49,4,0,0
BRDA:49,4,1,0
BRDA:112,5,0,0
BRDA:145,6,0,0
BRDA:151,7,0,0
BRDA:151,7,1,0
BRDA:151,8,0,0
BRDA:151,8,1,0
BRDA:155,9,0,0
BRDA:155,9,1,0
BRDA:158,10,0,0
BRDA:158,10,1,0
BRDA:165,11,0,0
BRDA:165,11,1,0
BRDA:165,12,0,0
BRDA:165,12,1,0
BRDA:166,13,0,0
BRDA:167,14,0,0
BRDA:167,14,1,0
BRDA:198,15,0,0
BRDA:214,16,0,0
BRDA:215,17,0,0
BRDA:218,18,0,0
BRDA:246,19,0,0
BRDA:252,20,0,0
BRDA:261,21,0,0
BRDA:266,22,0,0
BRDA:266,23,0,0
BRDA:266,23,1,0
BRDA:272,24,0,0
BRDA:275,25,0,0
BRDA:279,26,0,0
BRDA:287,27,0,0
BRDA:288,28,0,0
BRDA:291,29,0,0
BRDA:314,30,0,0
BRDA:322,31,0,0
BRDA:334,32,0,0
BRF:44
BRH:0
end_of_record
TN:
SF:src/controllers/dashboardController.ts
FN:12,(anonymous_7)
FN:12,(anonymous_8)
FN:37,(anonymous_9)
FN:38,(anonymous_10)
FN:39,(anonymous_11)
FN:165,(anonymous_12)
FN:165,(anonymous_13)
FN:201,(anonymous_14)
FN:207,(anonymous_15)
FN:228,(anonymous_16)
FN:228,(anonymous_17)
FN:259,(anonymous_18)
FN:263,(anonymous_19)
FN:286,(anonymous_20)
FN:286,(anonymous_21)
FN:318,(anonymous_22)
FNF:16
FNH:0
FNDA:0,(anonymous_7)
FNDA:0,(anonymous_8)
FNDA:0,(anonymous_9)
FNDA:0,(anonymous_10)
FNDA:0,(anonymous_11)
FNDA:0,(anonymous_12)
FNDA:0,(anonymous_13)
FNDA:0,(anonymous_14)
FNDA:0,(anonymous_15)
FNDA:0,(anonymous_16)
FNDA:0,(anonymous_17)
FNDA:0,(anonymous_18)
FNDA:0,(anonymous_19)
FNDA:0,(anonymous_20)
FNDA:0,(anonymous_21)
FNDA:0,(anonymous_22)
DA:2,1
DA:3,1
DA:4,1
DA:6,1
DA:7,1
DA:12,1
DA:13,0
DA:14,0
DA:15,0
DA:16,0
DA:17,0
DA:18,0
DA:19,0
DA:20,0
DA:23,0
DA:35,0
DA:37,0
DA:38,0
DA:39,0
DA:43,0
DA:44,0
DA:53,0
DA:54,0
DA:68,0
DA:81,0
DA:94,0
DA:99,0
DA:107,0
DA:120,0
DA:133,0
DA:152,0
DA:154,0
DA:155,0
DA:157,0
DA:165,1
DA:166,0
DA:167,0
DA:168,0
DA:170,0
DA:171,0
DA:173,0
DA:195,0
DA:200,0
DA:202,0
DA:203,0
DA:207,0
DA:215,0
DA:217,0
DA:218,0
DA:220,0
DA:228,1
DA:229,0
DA:230,0
DA:231,0
DA:233,0
DA:259,0
DA:260,0
DA:263,0
DA:273,0
DA:275,0
DA:276,0
DA:278,0
DA:286,1
DA:287,0
DA:288,0
DA:289,0
DA:291,0
DA:318,0
DA:329,0
DA:331,0
DA:332,0
DA:334,0
LF:72
LH:9
BRDA:37,0,0,0
BRDA:37,0,1,0
BRDA:37,1,0,0
BRDA:37,1,1,0
BRDA:38,2,0,0
BRDA:38,2,1,0
BRDA:38,3,0,0
BRDA:38,3,1,0
BRDA:39,4,0,0
BRDA:39,4,1,0
BRDA:39,5,0,0
BRDA:39,5,1,0
BRDA:68,6,0,0
BRDA:68,6,1,0
BRDA:81,7,0,0
BRDA:81,7,1,0
BRDA:94,8,0,0
BRDA:94,8,1,0
BRDA:154,9,0,0
BRDA:154,9,1,0
BRDA:167,10,0,0
BRDA:168,11,0,0
BRDA:168,11,1,0
BRDA:207,12,0,0
BRDA:207,12,1,0
BRDA:217,13,0,0
BRDA:217,13,1,0
BRDA:230,14,0,0
BRDA:231,15,0,0
BRDA:231,15,1,0
BRDA:267,16,0,0
BRDA:267,16,1,0
BRDA:268,17,0,0
BRDA:268,17,1,0
BRDA:275,18,0,0
BRDA:275,18,1,0
BRDA:288,19,0,0
BRDA:289,20,0,0
BRDA:289,20,1,0
BRDA:325,21,0,0
BRDA:325,21,1,0
BRDA:331,22,0,0
BRDA:331,22,1,0
BRF:43
BRH:0
end_of_record
TN:
SF:src/controllers/healthController.ts
FN:10,(anonymous_8)
FN:28,(anonymous_9)
FN:65,(anonymous_11)
FN:87,(anonymous_13)
FN:129,(anonymous_15)
FN:136,(anonymous_17)
FNF:6
FNH:5
FNDA:0,(anonymous_8)
FNDA:1,(anonymous_9)
FNDA:2,(anonymous_11)
FNDA:1,(anonymous_13)
FNDA:1,(anonymous_15)
FNDA:1,(anonymous_17)
DA:2,1
DA:3,1
DA:4,1
DA:5,1
DA:10,1
DA:11,0
DA:12,0
DA:14,0
DA:15,0
DA:17,0
DA:23,1
DA:29,1
DA:30,1
DA:32,1
DA:47,1
DA:48,1
DA:49,1
DA:51,0
DA:56,0
DA:57,0
DA:58,0
DA:66,2
DA:67,2
DA:69,2
DA:70,2
DA:71,2
DA:73,0
DA:78,0
DA:79,0
DA:80,0
DA:88,1
DA:89,1
DA:117,1
DA:118,1
DA:120,0
DA:121,0
DA:122,0
DA:130,1
DA:137,1
DA:138,1
DA:140,1
DA:141,1
DA:149,0
DA:158,0
DA:159,0
LF:45
LH:26
BRDA:11,0,0,0
BRDA:14,1,0,0
BRDA:33,2,0,1
BRDA:33,2,1,0
BRDA:47,3,0,1
BRDA:47,3,1,0
BRDA:69,4,0,2
BRDA:69,4,1,0
BRDA:140,5,0,1
BRDA:140,5,1,0
BRF:10
BRH:4
end_of_record
TN:
SF:src/controllers/reportController.ts
FN:27,(anonymous_7)
FN:27,(anonymous_8)
FN:119,(anonymous_9)
FN:125,(anonymous_10)
FN:144,(anonymous_11)
FN:144,(anonymous_12)
FN:223,(anonymous_13)
FN:227,(anonymous_14)
FN:231,(anonymous_15)
FN:250,(anonymous_16)
FN:250,(anonymous_17)
FN:366,(anonymous_18)
FN:371,(anonymous_19)
FN:389,(anonymous_20)
FN:389,(anonymous_21)
FN:445,(anonymous_22)
FN:478,(anonymous_23)
FN:478,(anonymous_24)
FN:531,(anonymous_25)
FN:534,(anonymous_26)
FN:545,(anonymous_27)
FNF:21
FNH:0
FNDA:0,(anonymous_7)
FNDA:0,(anonymous_8)
FNDA:0,(anonymous_9)
FNDA:0,(anonymous_10)
FNDA:0,(anonymous_11)
FNDA:0,(anonymous_12)
FNDA:0,(anonymous_13)
FNDA:0,(anonymous_14)
FNDA:0,(anonymous_15)
FNDA:0,(anonymous_16)
FNDA:0,(anonymous_17)
FNDA:0,(anonymous_18)
FNDA:0,(anonymous_19)
FNDA:0,(anonymous_20)
FNDA:0,(anonymous_21)
FNDA:0,(anonymous_22)
FNDA:0,(anonymous_23)
FNDA:0,(anonymous_24)
FNDA:0,(anonymous_25)
FNDA:0,(anonymous_26)
FNDA:0,(anonymous_27)
DA:2,1
DA:3,1
DA:4,1
DA:12,1
DA:13,1
DA:27,1
DA:28,0
DA:30,0
DA:31,0
DA:32,0
DA:35,0
DA:38,0
DA:45,0
DA:46,0
DA:49,0
DA:50,0
DA:55,0
DA:57,0
DA:58,0
DA:60,0
DA:61,0
DA:63,0
DA:64,0
DA:66,0
DA:70,0
DA:84,0
DA:95,0
DA:113,0
DA:119,0
DA:125,0
DA:133,0
DA:134,0
DA:136,0
DA:144,1
DA:145,0
DA:147,0
DA:148,0
DA:149,0
DA:152,0
DA:155,0
DA:161,0
DA:162,0
DA:163,0
DA:166,0
DA:170,0
DA:174,0
DA:178,0
DA:182,0
DA:194,0
DA:206,0
DA:216,0
DA:223,0
DA:227,0
DA:231,0
DA:239,0
DA:240,0
DA:242,0
DA:250,1
DA:251,0
DA:253,0
DA:254,0
DA:255,0
DA:258,0
DA:261,0
DA:262,0
DA:263,0
DA:267,0
DA:272,0
DA:282,0
DA:299,0
DA:328,0
DA:330,0
DA:331,0
DA:333,0
DA:334,0
DA:336,0
DA:337,0
DA:339,0
DA:342,0
DA:358,0
DA:366,0
DA:371,0
DA:378,0
DA:379,0
DA:381,0
DA:389,1
DA:390,0
DA:392,0
DA:393,0
DA:394,0
DA:397,0
DA:400,0
DA:408,0
DA:414,0
DA:415,0
DA:416,0
DA:426,0
DA:440,0
DA:444,0
DA:446,0
DA:447,0
DA:449,0
DA:467,0
DA:468,0
DA:470,0
DA:478,1
DA:479,0
DA:481,0
DA:482,0
DA:483,0
DA:486,0
DA:489,0
DA:490,0
DA:491,0
DA:493,0
DA:494,0
DA:498,0
DA:506,0
DA:531,0
DA:532,0
DA:534,0
DA:535,0
DA:537,0
DA:546,0
DA:547,0
DA:549,0
DA:565,0
DA:566,0
DA:568,0
LF:129
LH:10
BRDA:31,0,0,0
BRDA:45,1,0,0
BRDA:49,2,0,0
BRDA:55,3,0,0
BRDA:55,3,1,0
BRDA:55,3,2,0
BRDA:55,3,3,0
BRDA:115,4,0,0
BRDA:115,4,1,0
BRDA:116,5,0,0
BRDA:116,5,1,0
BRDA:117,6,0,0
BRDA:117,6,1,0
BRDA:121,7,0,0
BRDA:121,7,1,0
BRDA:122,8,0,0
BRDA:122,8,1,0
BRDA:123,9,0,0
BRDA:123,9,1,0
BRDA:127,10,0,0
BRDA:127,10,1,0
BRDA:128,11,0,0
BRDA:128,11,1,0
BRDA:133,12,0,0
BRDA:148,13,0,0
BRDA:161,14,0,0
BRDA:162,15,0,0
BRDA:163,16,0,0
BRDA:178,17,0,0
BRDA:178,17,1,0
BRDA:239,18,0,0
BRDA:254,19,0,0
BRDA:262,20,0,0
BRDA:328,21,0,0
BRDA:328,21,1,0
BRDA:328,21,2,0
BRDA:328,21,3,0
BRDA:362,22,0,0
BRDA:362,22,1,0
BRDA:363,23,0,0
BRDA:363,23,1,0
BRDA:364,24,0,0
BRDA:364,24,1,0
BRDA:368,25,0,0
BRDA:368,25,1,0
BRDA:369,26,0,0
BRDA:369,26,1,0
BRDA:373,27,0,0
BRDA:373,27,1,0
BRDA:378,28,0,0
BRDA:393,29,0,0
BRDA:414,30,0,0
BRDA:453,31,0,0
BRDA:453,31,1,0
BRDA:454,32,0,0
BRDA:454,32,1,0
BRDA:467,33,0,0
BRDA:482,34,0,0
BRDA:490,35,0,0
BRDA:493,36,0,0
BRDA:532,37,0,0
BRDA:532,37,1,0
BRDA:535,38,0,0
BRDA:535,38,1,0
BRDA:542,39,0,0
BRDA:542,39,1,0
BRDA:546,40,0,0
BRDA:546,40,1,0
BRDA:547,41,0,0
BRDA:547,41,1,0
BRDA:554,42,0,0
BRDA:554,42,1,0
BRDA:555,43,0,0
BRDA:555,43,1,0
BRDA:556,44,0,0
BRDA:556,44,1,0
BRDA:558,45,0,0
BRDA:558,45,1,0
BRDA:565,46,0,0
BRF:79
BRH:0
end_of_record
TN:
SF:src/controllers/serviceController.ts
FN:24,(anonymous_7)
FN:24,(anonymous_8)
FN:140,(anonymous_9)
FN:140,(anonymous_10)
FN:192,(anonymous_11)
FN:192,(anonymous_12)
FN:230,(anonymous_13)
FN:271,(anonymous_14)
FN:271,(anonymous_15)
FN:326,(anonymous_16)
FN:368,(anonymous_17)
FN:368,(anonymous_18)
FN:416,(anonymous_19)
FN:416,(anonymous_20)
FN:493,(anonymous_21)
FN:493,(anonymous_22)
FN:534,(anonymous_23)
FN:534,(anonymous_24)
FN:589,(anonymous_25)
FN:589,(anonymous_26)
FNF:20
FNH:0
FNDA:0,(anonymous_7)
FNDA:0,(anonymous_8)
FNDA:0,(anonymous_9)
FNDA:0,(anonymous_10)
FNDA:0,(anonymous_11)
FNDA:0,(anonymous_12)
FNDA:0,(anonymous_13)
FNDA:0,(anonymous_14)
FNDA:0,(anonymous_15)
FNDA:0,(anonymous_16)
FNDA:0,(anonymous_17)
FNDA:0,(anonymous_18)
FNDA:0,(anonymous_19)
FNDA:0,(anonymous_20)
FNDA:0,(anonymous_21)
FNDA:0,(anonymous_22)
FNDA:0,(anonymous_23)
FNDA:0,(anonymous_24)
FNDA:0,(anonymous_25)
FNDA:0,(anonymous_26)
DA:2,1
DA:4,1
DA:5,1
DA:16,1
DA:17,1
DA:24,1
DA:25,0
DA:27,0
DA:28,0
DA:29,0
DA:45,0
DA:48,0
DA:50,0
DA:51,0
DA:57,0
DA:58,0
DA:61,0
DA:62,0
DA:65,0
DA:66,0
DA:69,0
DA:70,0
DA:73,0
DA:74,0
DA:77,0
DA:78,0
DA:81,0
DA:82,0
DA:86,0
DA:87,0
DA:88,0
DA:90,0
DA:94,0
DA:97,0
DA:118,0
DA:120,0
DA:133,0
DA:140,1
DA:141,0
DA:143,0
DA:144,0
DA:145,0
DA:148,0
DA:150,0
DA:173,0
DA:174,0
DA:177,0
DA:181,0
DA:182,0
DA:184,0
DA:192,1
DA:193,0
DA:195,0
DA:196,0
DA:197,0
DA:200,0
DA:203,0
DA:204,0
DA:205,0
DA:209,0
DA:213,0
DA:214,0
DA:218,0
DA:229,0
DA:230,0
DA:237,0
DA:241,0
DA:256,0
DA:260,0
DA:261,0
DA:263,0
DA:271,1
DA:272,0
DA:274,0
DA:275,0
DA:276,0
DA:280,0
DA:281,0
DA:282,0
DA:285,0
DA:286,0
DA:289,0
DA:290,0
DA:291,0
DA:295,0
DA:296,0
DA:297,0
DA:298,0
DA:303,0
DA:304,0
DA:311,0
DA:312,0
DA:317,0
DA:320,0
DA:322,0
DA:325,0
DA:326,0
DA:333,0
DA:338,0
DA:353,0
DA:357,0
DA:358,0
DA:360,0
DA:368,1
DA:369,0
DA:371,0
DA:372,0
DA:373,0
DA:376,0
DA:379,0
DA:380,0
DA:381,0
DA:385,0
DA:392,0
DA:393,0
DA:397,0
DA:399,0
DA:403,0
DA:404,0
DA:406,0
DA:416,1
DA:417,0
DA:419,0
DA:420,0
DA:421,0
DA:424,0
DA:427,0
DA:429,0
DA:430,0
DA:436,0
DA:437,0
DA:441,0
DA:444,0
DA:466,0
DA:468,0
DA:482,0
DA:483,0
DA:485,0
DA:493,1
DA:494,0
DA:496,0
DA:497,0
DA:498,0
DA:501,0
DA:504,0
DA:508,0
DA:509,0
DA:513,0
DA:519,0
DA:523,0
DA:524,0
DA:526,0
DA:534,1
DA:535,0
DA:537,0
DA:538,0
DA:539,0
DA:543,0
DA:544,0
DA:545,0
DA:548,0
DA:549,0
DA:552,0
DA:553,0
DA:554,0
DA:558,0
DA:559,0
DA:566,0
DA:567,0
DA:572,0
DA:574,0
DA:578,0
DA:579,0
DA:581,0
DA:589,1
DA:590,0
DA:592,0
DA:593,0
DA:594,0
DA:597,0
DA:600,0
DA:601,0
DA:602,0
DA:606,0
DA:610,0
DA:611,0
DA:615,0
DA:617,0
DA:621,0
DA:622,0
DA:624,0
LF:191
LH:14
BRDA:28,0,0,0
BRDA:50,1,0,0
BRDA:57,2,0,0
BRDA:61,3,0,0
BRDA:65,4,0,0
BRDA:69,5,0,0
BRDA:73,6,0,0
BRDA:77,7,0,0
BRDA:81,8,0,0
BRDA:87,9,0,0
BRDA:87,9,1,0
BRDA:144,10,0,0
BRDA:173,11,0,0
BRDA:181,12,0,0
BRDA:181,12,1,0
BRDA:196,13,0,0
BRDA:204,14,0,0
BRDA:213,15,0,0
BRDA:229,16,0,0
BRDA:229,17,0,0
BRDA:229,17,1,0
BRDA:260,18,0,0
BRDA:260,18,1,0
BRDA:275,19,0,0
BRDA:281,20,0,0
BRDA:290,21,0,0
BRDA:295,22,0,0
BRDA:297,23,0,0
BRDA:303,24,0,0
BRDA:303,25,0,0
BRDA:303,25,1,0
BRDA:311,26,0,0
BRDA:320,27,0,0
BRDA:325,28,0,0
BRDA:329,29,0,0
BRDA:329,29,1,0
BRDA:357,30,0,0
BRDA:357,30,1,0
BRDA:372,31,0,0
BRDA:380,32,0,0
BRDA:392,33,0,0
BRDA:403,34,0,0
BRDA:403,34,1,0
BRDA:420,35,0,0
BRDA:429,36,0,0
BRDA:436,37,0,0
BRDA:482,38,0,0
BRDA:482,38,1,0
BRDA:497,39,0,0
BRDA:508,40,0,0
BRDA:523,41,0,0
BRDA:523,41,1,0
BRDA:538,42,0,0
BRDA:544,43,0,0
BRDA:553,44,0,0
BRDA:558,45,0,0
BRDA:558,46,0,0
BRDA:558,46,1,0
BRDA:566,47,0,0
BRDA:578,48,0,0
BRDA:578,48,1,0
BRDA:593,49,0,0
BRDA:601,50,0,0
BRDA:610,51,0,0
BRDA:621,52,0,0
BRDA:621,52,1,0
BRF:66
BRH:0
end_of_record
TN:
SF:src/controllers/staffController.ts
FN:21,(anonymous_8)
FN:21,(anonymous_9)
FN:88,(anonymous_10)
FN:88,(anonymous_11)
FN:128,(anonymous_12)
FN:128,(anonymous_13)
FN:191,(anonymous_14)
FN:191,(anonymous_15)
FN:264,(anonymous_16)
FN:264,(anonymous_17)
FNF:10
FNH:0
FNDA:0,(anonymous_8)
FNDA:0,(anonymous_9)
FNDA:0,(anonymous_10)
FNDA:0,(anonymous_11)
FNDA:0,(anonymous_12)
FNDA:0,(anonymous_13)
FNDA:0,(anonymous_14)
FNDA:0,(anonymous_15)
FNDA:0,(anonymous_16)
FNDA:0,(anonymous_17)
DA:2,1
DA:4,1
DA:5,1
DA:13,1
DA:14,1
DA:21,1
DA:22,0
DA:24,0
DA:25,0
DA:26,0
DA:29,0
DA:32,0
DA:34,0
DA:35,0
DA:39,0
DA:42,0
DA:43,0
DA:44,0
DA:46,0
DA:50,0
DA:66,0
DA:68,0
DA:81,0
DA:88,1
DA:89,0
DA:91,0
DA:92,0
DA:93,0
DA:96,0
DA:98,0
DA:109,0
DA:110,0
DA:113,0
DA:117,0
DA:118,0
DA:120,0
DA:128,1
DA:129,0
DA:131,0
DA:132,0
DA:133,0
DA:136,0
DA:139,0
DA:143,0
DA:144,0
DA:148,0
DA:160,0
DA:161,0
DA:165,0
DA:176,0
DA:179,0
DA:180,0
DA:181,0
DA:183,0
DA:191,1
DA:192,0
DA:194,0
DA:195,0
DA:196,0
DA:200,0
DA:201,0
DA:202,0
DA:205,0
DA:206,0
DA:209,0
DA:210,0
DA:211,0
DA:215,0
DA:216,0
DA:223,0
DA:224,0
DA:229,0
DA:230,0
DA:233,0
DA:234,0
DA:238,0
DA:249,0
DA:252,0
DA:253,0
DA:254,0
DA:256,0
DA:264,1
DA:265,0
DA:267,0
DA:268,0
DA:269,0
DA:273,0
DA:274,0
DA:275,0
DA:278,0
DA:279,0
DA:282,0
DA:286,0
DA:287,0
DA:291,0
DA:292,0
DA:293,0
DA:297,0
DA:310,0
DA:313,0
DA:314,0
DA:315,0
DA:317,0
LF:103
LH:10
BRDA:25,0,0,0
BRDA:34,1,0,0
BRDA:43,2,0,0
BRDA:43,2,1,0
BRDA:92,3,0,0
BRDA:109,4,0,0
BRDA:117,5,0,0
BRDA:117,5,1,0
BRDA:132,6,0,0
BRDA:143,7,0,0
BRDA:160,8,0,0
BRDA:160,9,0,0
BRDA:160,9,1,0
BRDA:180,10,0,0
BRDA:180,10,1,0
BRDA:195,11,0,0
BRDA:201,12,0,0
BRDA:210,13,0,0
BRDA:215,14,0,0
BRDA:215,15,0,0
BRDA:215,15,1,0
BRDA:223,16,0,0
BRDA:233,17,0,0
BRDA:253,18,0,0
BRDA:253,18,1,0
BRDA:268,19,0,0
BRDA:274,20,0,0
BRDA:286,21,0,0
BRDA:292,22,0,0
BRDA:314,23,0,0
BRDA:314,23,1,0
BRF:31
BRH:0
end_of_record
TN:
SF:src/middleware/apiKeyMiddleware.ts
FN:18,(anonymous_1)
FN:45,(anonymous_2)
FN:67,(anonymous_3)
FN:98,(anonymous_4)
FNF:4
FNH:0
FNDA:0,(anonymous_1)
FNDA:0,(anonymous_2)
FNDA:0,(anonymous_3)
FNDA:0,(anonymous_4)
DA:2,1
DA:3,1
DA:18,1
DA:19,0
DA:21,0
DA:23,0
DA:24,0
DA:28,0
DA:29,0
DA:33,0
DA:35,0
DA:37,0
DA:45,1
DA:46,0
DA:47,0
DA:49,0
DA:50,0
DA:51,0
DA:53,0
DA:57,0
DA:59,0
DA:67,1
DA:68,0
DA:70,0
DA:72,0
DA:73,0
DA:74,0
DA:75,0
DA:77,0
DA:82,0
DA:83,0
DA:87,0
DA:89,0
DA:91,0
DA:98,1
DA:99,0
DA:101,0
DA:103,0
DA:104,0
DA:105,0
DA:106,0
DA:108,0
DA:113,0
DA:114,0
DA:117,0
DA:118,0
DA:122,0
DA:124,0
DA:126,0
LF:49
LH:6
BRDA:23,0,0,0
BRDA:28,1,0,0
BRDA:49,2,0,0
BRDA:50,3,0,0
BRDA:50,3,1,0
BRDA:72,4,0,0
BRDA:73,5,0,0
BRDA:73,5,1,0
BRDA:82,6,0,0
BRDA:103,7,0,0
BRDA:104,8,0,0
BRDA:104,8,1,0
BRDA:113,9,0,0
BRDA:117,10,0,0
BRF:14
BRH:0
end_of_record
TN:
SF:src/middleware/authMiddleware.ts
FN:20,(anonymous_4)
FN:36,(anonymous_5)
FN:57,(anonymous_6)
FNF:3
FNH:0
FNDA:0,(anonymous_4)
FNDA:0,(anonymous_5)
FNDA:0,(anonymous_6)
DA:2,1
DA:5,1
DA:20,1
DA:21,0
DA:23,0
DA:24,0
DA:28,0
DA:30,0
DA:32,0
DA:36,1
DA:37,0
DA:39,0
DA:40,0
DA:44,0
DA:45,0
DA:49,0
DA:51,0
DA:53,0
DA:57,1
DA:58,0
DA:60,0
DA:61,0
DA:65,0
DA:66,0
DA:70,0
DA:72,0
DA:74,0
LF:27
LH:5
BRDA:23,0,0,0
BRDA:39,1,0,0
BRDA:44,2,0,0
BRDA:60,3,0,0
BRDA:65,4,0,0
BRF:5
BRH:0
end_of_record
TN:
SF:src/middleware/errorHandler.ts
FN:11,(anonymous_1)
FN:84,(anonymous_2)
FNF:2
FNH:0
FNDA:0,(anonymous_1)
FNDA:0,(anonymous_2)
DA:2,1
DA:3,1
DA:4,1
DA:11,1
DA:19,0
DA:20,0
DA:22,0
DA:23,0
DA:25,0
DA:26,0
DA:29,0
DA:42,0
DA:51,0
DA:54,0
DA:57,0
DA:58,0
DA:68,0
DA:77,0
DA:78,0
DA:81,0
DA:84,1
DA:85,0
DA:86,0
DA:89,0
DA:94,0
DA:103,0
LF:26
LH:5
BRDA:19,0,0,0
BRDA:19,0,1,0
BRDA:22,1,0,0
BRDA:22,1,1,0
BRDA:25,2,0,0
BRDA:25,2,1,0
BRDA:25,3,0,0
BRDA:25,3,1,0
BRDA:57,4,0,0
BRDA:57,4,1,0
BRDA:69,5,0,0
BRDA:69,5,1,0
BRDA:70,6,0,0
BRDA:70,6,1,0
BRDA:71,7,0,0
BRDA:71,7,1,0
BRDA:73,8,0,0
BRDA:73,8,1,0
BRDA:74,9,0,0
BRDA:74,9,1,0
BRDA:77,10,0,0
BRDA:77,11,0,0
BRDA:77,11,1,0
BRDA:81,12,0,0
BRDA:81,12,1,0
BRF:25
BRH:0
end_of_record
TN:
SF:src/middleware/requestLogger.ts
FN:13,(anonymous_9)
FN:20,(anonymous_10)
FN:43,(anonymous_11)
FN:80,(anonymous_12)
FNF:4
FNH:3
FNDA:6,(anonymous_9)
FNDA:6,(anonymous_10)
FNDA:6,(anonymous_11)
FNDA:0,(anonymous_12)
DA:2,1
DA:13,1
DA:14,6
DA:20,1
DA:21,6
DA:22,6
DA:25,6
DA:26,6
DA:29,6
DA:42,6
DA:43,6
DA:44,6
DA:47,6
DA:61,6
DA:62,0
DA:71,6
DA:74,6
DA:80,1
LF:18
LH:17
BRDA:33,0,0,6
BRDA:33,0,1,0
BRDA:54,1,0,6
BRDA:54,1,1,0
BRDA:56,2,0,6
BRDA:56,2,1,0
BRDA:61,3,0,0
BRDA:84,4,0,0
BRDA:84,4,1,0
BRF:9
BRH:3
end_of_record
TN:
SF:src/models/Admin.ts
FN:1,(anonymous_0)
FNF:1
FNH:1
FNDA:1,(anonymous_0)
DA:1,1
DA:2,1
DA:46,1
LF:3
LH:3
BRF:0
BRH:0
end_of_record
TN:
SF:src/models/Appointment.ts
FN:1,(anonymous_0)
FN:51,(anonymous_1)
FNF:2
FNH:1
FNDA:1,(anonymous_0)
FNDA:0,(anonymous_1)
DA:1,1
DA:2,1
DA:52,0
DA:64,1
LF:4
LH:3
BRDA:52,0,0,0
BRDA:52,0,1,0
BRF:2
BRH:0
end_of_record
TN:
SF:src/models/AppointmentHistory.ts
FN:1,(anonymous_0)
FNF:1
FNH:1
FNDA:1,(anonymous_0)
DA:1,1
DA:2,1
DA:31,1
LF:3
LH:3
BRF:0
BRH:0
end_of_record
TN:
SF:src/models/AppointmentStatus.ts
FN:1,(anonymous_0)
FNF:1
FNH:1
FNDA:1,(anonymous_0)
DA:1,1
DA:2,1
DA:34,1
LF:3
LH:3
BRF:0
BRH:0
end_of_record
TN:
SF:src/models/BusinessHours.ts
FN:1,(anonymous_0)
FNF:1
FNH:1
FNDA:1,(anonymous_0)
DA:1,1
DA:2,1
DA:33,1
LF:3
LH:3
BRF:0
BRH:0
end_of_record
TN:
SF:src/models/BusinessInfo.ts
FN:1,(anonymous_0)
FNF:1
FNH:1
FNDA:1,(anonymous_0)
DA:1,1
DA:2,1
DA:64,1
LF:3
LH:3
BRF:0
BRH:0
end_of_record
TN:
SF:src/models/ContactMessage.ts
FN:1,(anonymous_0)
FNF:1
FNH:1
FNDA:1,(anonymous_0)
DA:1,1
DA:2,1
DA:64,1
LF:3
LH:3
BRF:0
BRH:0
end_of_record
TN:
SF:src/models/Customer.ts
FN:1,(anonymous_0)
FNF:1
FNH:1
FNDA:1,(anonymous_0)
DA:1,1
DA:2,1
DA:64,1
LF:3
LH:3
BRF:0
BRH:0
end_of_record
TN:
SF:src/models/EmailTemplate.ts
FN:1,(anonymous_0)
FNF:1
FNH:1
FNDA:1,(anonymous_0)
DA:1,1
DA:2,1
DA:32,1
LF:3
LH:3
BRF:0
BRH:0
end_of_record
TN:
SF:src/models/GalleryCategory.ts
FN:1,(anonymous_0)
FNF:1
FNH:1
FNDA:1,(anonymous_0)
DA:1,1
DA:2,1
DA:28,1
LF:3
LH:3
BRF:0
BRH:0
end_of_record
TN:
SF:src/models/GalleryImage.ts
FN:1,(anonymous_0)
FNF:1
FNH:1
FNDA:1,(anonymous_0)
DA:1,1
DA:2,1
DA:43,1
LF:3
LH:3
BRF:0
BRH:0
end_of_record
TN:
SF:src/models/Service.ts
FN:1,(anonymous_0)
FNF:1
FNH:1
FNDA:1,(anonymous_0)
DA:1,1
DA:2,1
DA:50,1
LF:3
LH:3
BRF:0
BRH:0
end_of_record
TN:
SF:src/models/ServiceCategory.ts
FN:1,(anonymous_0)
FNF:1
FNH:1
FNDA:1,(anonymous_0)
DA:1,1
DA:2,1
DA:38,1
LF:3
LH:3
BRF:0
BRH:0
end_of_record
TN:
SF:src/models/ServiceImage.ts
FN:1,(anonymous_0)
FNF:1
FNH:1
FNDA:1,(anonymous_0)
DA:1,1
DA:2,1
DA:31,1
LF:3
LH:3
BRF:0
BRH:0
end_of_record
TN:
SF:src/models/SiteSetting.ts
FN:1,(anonymous_0)
FNF:1
FNH:1
FNDA:1,(anonymous_0)
DA:1,1
DA:2,1
DA:40,1
LF:3
LH:3
BRF:0
BRH:0
end_of_record
TN:
SF:src/models/SmsTemplate.ts
FN:1,(anonymous_0)
FNF:1
FNH:1
FNDA:1,(anonymous_0)
DA:1,1
DA:2,1
DA:28,1
LF:3
LH:3
BRF:0
BRH:0
end_of_record
TN:
SF:src/models/SpecialDays.ts
FN:1,(anonymous_0)
FNF:1
FNH:1
FNDA:1,(anonymous_0)
DA:1,1
DA:2,1
DA:39,1
LF:3
LH:3
BRF:0
BRH:0
end_of_record
TN:
SF:src/models/Staff.ts
FN:1,(anonymous_0)
FNF:1
FNH:1
FNDA:1,(anonymous_0)
DA:1,1
DA:2,1
DA:70,1
LF:3
LH:3
BRF:0
BRH:0
end_of_record
TN:
SF:src/models/StaffService.ts
FN:1,(anonymous_0)
FNF:1
FNH:1
FNDA:1,(anonymous_0)
DA:1,1
DA:2,1
DA:29,1
LF:3
LH:3
BRF:0
BRH:0
end_of_record
TN:
SF:src/models/index.ts
FN:27,(anonymous_0)
FNF:1
FNH:1
FNDA:1,(anonymous_0)
DA:1,1
DA:3,1
DA:6,1
DA:7,1
DA:8,1
DA:9,1
DA:10,1
DA:11,1
DA:12,1
DA:13,1
DA:14,1
DA:15,1
DA:16,1
DA:17,1
DA:18,1
DA:19,1
DA:20,1
DA:21,1
DA:22,1
DA:23,1
DA:24,1
DA:27,1
DA:29,1
DA:30,1
DA:33,1
DA:34,1
DA:37,1
DA:38,1
DA:41,1
DA:42,1
DA:44,1
DA:45,1
DA:47,1
DA:48,1
DA:50,1
DA:51,1
DA:53,1
DA:54,1
DA:57,1
DA:58,1
DA:60,1
DA:61,1
DA:63,1
DA:64,1
DA:67,1
DA:68,1
DA:71,1
DA:72,1
DA:75,1
DA:77,1
DA:100,1
LF:51
LH:51
BRF:0
BRH:0
end_of_record
TN:
SF:src/routes/adminRoutes.ts
FNF:0
FNH:0
DA:1,1
DA:2,1
DA:3,1
DA:5,1
DA:13,1
DA:16,1
DA:18,1
LF:7
LH:7
BRF:0
BRH:0
end_of_record
TN:
SF:src/routes/appointmentRoutes.ts
FNF:0
FNH:0
DA:1,1
DA:2,1
DA:3,1
DA:5,1
DA:13,1
DA:16,1
DA:19,1
DA:22,1
DA:25,1
DA:27,1
LF:10
LH:10
BRF:0
BRH:0
end_of_record
TN:
SF:src/routes/authRoutes.ts
FNF:0
FNH:0
DA:1,1
DA:2,1
DA:8,1
DA:10,1
DA:24,1
DA:31,1
DA:38,1
DA:45,1
DA:48,1
DA:50,1
LF:10
LH:10
BRF:0
BRH:0
end_of_record
TN:
SF:src/routes/contactRoutes.ts
FNF:0
FNH:0
DA:1,1
DA:2,1
DA:3,1
DA:11,1
DA:88,1
DA:113,1
DA:155,1
DA:178,1
DA:233,1
DA:235,1
LF:10
LH:10
BRF:0
BRH:0
end_of_record
TN:
SF:src/routes/contentRoutes.ts
FNF:0
FNH:0
DA:1,1
DA:2,1
DA:3,1
DA:9,1
DA:49,1
DA:93,1
DA:95,1
LF:7
LH:7
BRF:0
BRH:0
end_of_record
TN:
SF:src/routes/customerRoutes.ts
FNF:0
FNH:0
DA:1,1
DA:2,1
DA:9,1
DA:11,1
DA:71,1
DA:98,1
DA:155,1
DA:216,1
DA:245,1
DA:247,1
LF:10
LH:10
BRF:0
BRH:0
end_of_record
TN:
SF:src/routes/dashboardRoutes.ts
FNF:0
FNH:0
DA:1,1
DA:2,1
DA:3,1
DA:5,1
DA:13,1
DA:16,1
DA:19,1
DA:22,1
DA:24,1
LF:9
LH:9
BRF:0
BRH:0
end_of_record
TN:
SF:src/routes/healthRoutes.ts
FNF:0
FNH:0
DA:1,1
DA:2,1
DA:4,1
DA:11,1
DA:18,1
DA:25,1
DA:32,1
DA:39,1
DA:42,1
DA:44,1
LF:10
LH:10
BRF:0
BRH:0
end_of_record
TN:
SF:src/routes/index.ts
FN:41,(anonymous_1)
FNF:1
FNH:1
FNDA:1,(anonymous_1)
DA:1,1
DA:3,1
DA:4,1
DA:5,1
DA:6,1
DA:7,1
DA:8,1
DA:9,1
DA:10,1
DA:11,1
DA:12,1
DA:13,1
DA:14,1
DA:16,1
DA:19,1
DA:22,1
DA:25,1
DA:28,1
DA:29,1
DA:30,1
DA:31,1
DA:32,1
DA:33,1
DA:36,1
DA:37,1
DA:38,1
DA:41,2
DA:42,1
LF:28
LH:28
BRF:0
BRH:0
end_of_record
TN:
SF:src/routes/reportRoutes.ts
FNF:0
FNH:0
DA:1,1
DA:2,1
DA:3,1
DA:11,1
DA:63,1
DA:103,1
DA:141,1
DA:179,1
DA:215,1
DA:217,1
LF:10
LH:10
BRF:0
BRH:0
end_of_record
TN:
SF:src/routes/serviceRoutes.ts
FNF:0
FNH:0
DA:1,1
DA:2,1
DA:3,1
DA:15,1
DA:18,1
DA:19,1
DA:20,1
DA:23,1
DA:24,1
DA:25,1
DA:27,1
DA:28,1
DA:29,1
DA:31,1
LF:14
LH:14
BRF:0
BRH:0
end_of_record
TN:
SF:src/routes/staffRoutes.ts
FNF:0
FNH:0
DA:1,1
DA:2,1
DA:9,1
DA:11,1
DA:76,1
DA:103,1
DA:171,1
DA:245,1
DA:281,1
DA:283,1
LF:10
LH:10
BRF:0
BRH:0
end_of_record
TN:
SF:src/utils/ApiError.ts
FN:4,(anonymous_0)
FN:36,(anonymous_1)
FN:56,(anonymous_2)
FN:66,(anonymous_3)
FN:75,(anonymous_4)
FN:84,(anonymous_5)
FN:93,(anonymous_6)
FN:102,(anonymous_7)
FN:112,(anonymous_8)
FN:121,(anonymous_9)
FN:130,(anonymous_10)
FN:139,(anonymous_11)
FN:148,(anonymous_12)
FN:149,(anonymous_13)
FN:166,(anonymous_14)
FN:168,(anonymous_15)
FN:183,(anonymous_16)
FN:215,(anonymous_17)
FNF:18
FNH:1
FNDA:1,(anonymous_0)
FNDA:0,(anonymous_1)
FNDA:0,(anonymous_2)
FNDA:0,(anonymous_3)
FNDA:0,(anonymous_4)
FNDA:0,(anonymous_5)
FNDA:0,(anonymous_6)
FNDA:0,(anonymous_7)
FNDA:0,(anonymous_8)
FNDA:0,(anonymous_9)
FNDA:0,(anonymous_10)
FNDA:0,(anonymous_11)
FNDA:0,(anonymous_12)
FNDA:0,(anonymous_13)
FNDA:0,(anonymous_14)
FNDA:0,(anonymous_15)
FNDA:0,(anonymous_16)
FNDA:0,(anonymous_17)
DA:4,1
DA:5,1
DA:6,1
DA:7,1
DA:8,1
DA:9,1
DA:10,1
DA:11,1
DA:12,1
DA:13,1
DA:28,1
DA:43,0
DA:44,0
DA:45,0
DA:46,0
DA:47,0
DA:48,0
DA:49,0
DA:50,0
DA:60,0
DA:69,0
DA:78,0
DA:87,0
DA:96,0
DA:106,0
DA:115,0
DA:124,0
DA:133,0
DA:142,0
DA:149,0
DA:155,0
DA:167,0
DA:168,0
DA:174,0
DA:182,0
DA:183,0
DA:189,0
DA:197,0
DA:198,0
DA:205,0
DA:216,0
LF:41
LH:11
BRDA:4,0,0,1
BRDA:4,0,1,1
BRDA:57,1,0,0
BRDA:67,2,0,0
BRDA:76,3,0,0
BRDA:85,4,0,0
BRDA:94,5,0,0
BRDA:103,6,0,0
BRDA:113,7,0,0
BRDA:122,8,0,0
BRDA:131,9,0,0
BRDA:140,10,0,0
BRDA:167,11,0,0
BRDA:171,12,0,0
BRDA:171,12,1,0
BRDA:182,13,0,0
BRDA:197,14,0,0
BRF:17
BRH:2
end_of_record
TN:
SF:src/utils/ApiResponse.ts
FN:16,(anonymous_0)
FN:36,(anonymous_1)
FN:43,(anonymous_2)
FN:59,(anonymous_3)
FN:66,(anonymous_4)
FN:73,(anonymous_5)
FN:80,(anonymous_6)
FNF:7
FNH:2
FNDA:4,(anonymous_0)
FNDA:4,(anonymous_1)
FNDA:0,(anonymous_2)
FNDA:0,(anonymous_3)
FNDA:0,(anonymous_4)
FNDA:0,(anonymous_5)
FNDA:0,(anonymous_6)
DA:4,1
DA:26,4
DA:27,4
DA:28,4
DA:29,4
DA:30,4
DA:37,4
DA:53,0
DA:60,0
DA:67,0
DA:74,0
DA:81,0
LF:12
LH:7
BRDA:17,0,0,0
BRDA:36,1,0,0
BRDA:51,2,0,0
BRDA:59,3,0,0
BRDA:66,4,0,0
BRDA:73,5,0,0
BRF:6
BRH:0
end_of_record
TN:
SF:src/utils/controllerUtils.ts
FN:8,(anonymous_0)
FNF:1
FNH:0
FNDA:0,(anonymous_0)
DA:2,1
DA:8,1
DA:13,0
DA:14,0
DA:16,0
LF:5
LH:2
BRDA:11,0,0,0
BRDA:13,1,0,0
BRDA:13,1,1,0
BRF:3
BRH:0
end_of_record
TN:
SF:src/utils/errorUtils.ts
FN:5,(anonymous_0)
FN:18,(anonymous_1)
FN:36,(anonymous_2)
FNF:3
FNH:0
FNDA:0,(anonymous_0)
FNDA:0,(anonymous_1)
FNDA:0,(anonymous_2)
DA:5,0
DA:6,0
DA:7,0
DA:9,0
DA:10,0
DA:12,0
DA:13,0
DA:15,0
DA:18,0
DA:23,0
DA:24,0
DA:31,0
DA:36,0
DA:37,0
LF:14
LH:0
BRDA:6,0,0,0
BRDA:9,1,0,0
BRDA:12,2,0,0
BRDA:12,3,0,0
BRDA:12,3,1,0
BRDA:12,3,2,0
BRDA:23,4,0,0
BRF:7
BRH:0
end_of_record
TN:
SF:src/utils/hashUtils.ts
FN:10,(anonymous_0)
FN:17,(anonymous_1)
FN:30,(anonymous_2)
FN:41,(anonymous_3)
FN:58,(anonymous_4)
FN:65,(anonymous_5)
FN:72,(anonymous_6)
FN:79,(anonymous_7)
FNF:8
FNH:0
FNDA:0,(anonymous_0)
FNDA:0,(anonymous_1)
FNDA:0,(anonymous_2)
FNDA:0,(anonymous_3)
FNDA:0,(anonymous_4)
FNDA:0,(anonymous_5)
FNDA:0,(anonymous_6)
FNDA:0,(anonymous_7)
DA:1,1
DA:6,1
DA:11,0
DA:18,0
DA:19,0
DA:21,0
DA:31,0
DA:32,0
DA:35,0
DA:42,0
DA:43,0
DA:44,0
DA:45,0
DA:48,0
DA:49,0
DA:51,0
DA:59,0
DA:66,0
DA:73,0
DA:80,0
LF:20
LH:2
BRDA:18,0,0,0
BRDA:18,0,1,0
BRDA:44,1,0,0
BRDA:44,2,0,0
BRDA:44,2,1,0
BRDA:58,3,0,0
BRDA:65,4,0,0
BRF:7
BRH:0
end_of_record
TN:
SF:src/utils/index.ts
FN:1,(anonymous_0)
FN:2,(anonymous_1)
FN:4,(anonymous_2)
FN:5,(anonymous_3)
FNF:4
FNH:1
FNDA:4,(anonymous_0)
FNDA:0,(anonymous_1)
FNDA:0,(anonymous_2)
FNDA:0,(anonymous_3)
DA:1,5
DA:2,1
DA:4,1
DA:5,1
LF:4
LH:4
BRF:0
BRH:0
end_of_record
TN:
SF:src/utils/logUtils.ts
FN:13,(anonymous_8)
FN:13,(anonymous_9)
FN:37,(anonymous_10)
FN:59,(anonymous_12)
FN:76,(anonymous_14)
FN:81,(anonymous_15)
FN:94,(anonymous_16)
FN:95,(anonymous_17)
FN:95,(anonymous_18)
FNF:9
FNH:1
FNDA:0,(anonymous_8)
FNDA:0,(anonymous_9)
FNDA:0,(anonymous_10)
FNDA:1,(anonymous_12)
FNDA:0,(anonymous_14)
FNDA:0,(anonymous_15)
FNDA:0,(anonymous_16)
FNDA:0,(anonymous_17)
FNDA:0,(anonymous_18)
DA:1,1
DA:2,1
DA:3,1
DA:8,1
DA:13,0
DA:14,0
DA:15,0
DA:16,0
DA:17,0
DA:18,0
DA:20,0
DA:21,0
DA:22,0
DA:24,0
DA:25,0
DA:26,0
DA:30,0
DA:38,0
DA:39,0
DA:40,0
DA:41,0
DA:43,0
DA:44,0
DA:45,0
DA:46,0
DA:49,0
DA:51,0
DA:52,0
DA:60,1
DA:61,1
DA:62,1
DA:64,0
DA:72,1
DA:77,0
DA:78,0
DA:82,0
DA:84,0
DA:91,0
DA:95,0
DA:96,0
DA:97,0
DA:98,0
DA:99,0
DA:100,0
DA:102,0
DA:103,0
LF:46
LH:8
BRDA:13,0,0,0
BRDA:24,1,0,0
BRDA:102,2,0,0
BRDA:102,2,1,0
BRF:4
BRH:0
end_of_record
TN:
SF:src/validations/adminValidation.ts
FNF:0
FNH:0
DA:1,1
DA:4,1
DA:66,1
DA:117,1
DA:142,1
DA:158,1
LF:6
LH:6
BRF:0
BRH:0
end_of_record
TN:
SF:src/validations/appointmentValidation.ts
FNF:0
FNH:0
DA:1,1
DA:6,1
DA:61,1
DA:77,1
DA:85,1
DA:92,1
LF:6
LH:6
BRF:0
BRH:0
end_of_record
TN:
SF:src/validations/authValidation.ts
FNF:0
FNH:0
DA:1,1
DA:6,1
DA:31,1
DA:56,1
DA:80,1
DA:111,1
LF:6
LH:6
BRF:0
BRH:0
end_of_record
TN:
SF:src/validations/contactValidation.ts
FNF:0
FNH:0
DA:1,1
DA:6,1
DA:59,1
DA:77,1
DA:89,1
DA:105,1
LF:6
LH:6
BRF:0
BRH:0
end_of_record
TN:
SF:src/validations/contentValidation.ts
FNF:0
FNH:0
DA:1,1
DA:6,1
DA:39,1
DA:86,1
DA:99,1
LF:5
LH:5
BRF:0
BRH:0
end_of_record
TN:
SF:src/validations/customerValidation.ts
FNF:0
FNH:0
DA:1,1
DA:6,1
DA:17,1
DA:24,1
DA:66,1
LF:5
LH:5
BRF:0
BRH:0
end_of_record
TN:
SF:src/validations/reportValidation.ts
FNF:0
FNH:0
DA:1,1
DA:6,1
DA:41,1
DA:76,1
DA:101,1
DA:132,1
LF:6
LH:6
BRF:0
BRH:0
end_of_record
TN:
SF:src/validations/serviceValidation.ts
FNF:0
FNH:0
DA:1,1
DA:6,1
DA:42,1
DA:56,1
DA:74,1
DA:85,1
DA:103,1
DA:115,1
DA:127,1
LF:9
LH:9
BRF:0
BRH:0
end_of_record
TN:
SF:src/validations/settingsValidation.ts
FNF:0
FNH:0
DA:1,0
DA:6,0
DA:60,0
DA:110,0
DA:147,0
DA:205,0
DA:231,0
DA:261,0
DA:282,0
LF:9
LH:0
BRF:0
BRH:0
end_of_record
TN:
SF:src/validations/staffValidation.ts
FNF:0
FNH:0
DA:1,1
DA:6,1
DA:18,1
DA:25,1
DA:86,1
DA:146,1
LF:6
LH:6
BRF:0
BRH:0
end_of_record
